2025-06-06 01:09:46.041 [info] Reading sessions from keychain...
2025-06-06 01:09:46.041 [info] Getting sessions for all scopes...
2025-06-06 01:09:46.041 [info] Getting sessions for all scopes...
2025-06-06 01:09:46.041 [info] Getting sessions for all scopes...
2025-06-06 01:09:46.041 [info] Getting sessions for all scopes...
2025-06-06 01:09:46.041 [info] Getting sessions for all scopes...
2025-06-06 01:09:46.041 [info] Getting sessions for all scopes...
2025-06-06 01:09:46.041 [info] Getting sessions for all scopes...
2025-06-06 01:09:46.041 [info] Getting sessions for all scopes...
2025-06-06 01:09:46.082 [info] Got 0 sessions for ...
2025-06-06 01:09:46.082 [info] Got 0 sessions for ...
2025-06-06 01:09:46.082 [info] Got 0 sessions for ...
2025-06-06 01:09:46.082 [info] Got 0 sessions for ...
2025-06-06 01:09:46.082 [info] Got 0 sessions for ...
2025-06-06 01:09:46.082 [info] Got 0 sessions for ...
2025-06-06 01:09:46.082 [info] Got 0 sessions for ...
2025-06-06 01:09:46.082 [info] Got 0 sessions for ...
2025-06-06 01:09:46.151 [info] Getting sessions for all scopes...
2025-06-06 01:09:46.151 [info] Got 0 sessions for ...
2025-06-06 01:09:46.153 [info] Getting sessions for all scopes...
2025-06-06 01:09:46.153 [info] Got 0 sessions for ...
2025-06-06 01:09:46.157 [info] Getting sessions for all scopes...
2025-06-06 01:09:46.158 [info] Got 0 sessions for ...
2025-06-06 01:09:46.160 [info] Getting sessions for all scopes...
2025-06-06 01:09:46.160 [info] Got 0 sessions for ...
2025-06-06 01:09:46.165 [info] Getting sessions for all scopes...
2025-06-06 01:09:46.165 [info] Got 0 sessions for ...
2025-06-06 01:09:46.166 [info] Getting sessions for all scopes...
2025-06-06 01:09:46.166 [info] Got 0 sessions for ...
2025-06-06 01:09:47.292 [info] Getting sessions for all scopes...
2025-06-06 01:09:47.292 [info] Got 0 sessions for ...
2025-06-06 01:09:47.743 [info] Getting sessions for all scopes...
2025-06-06 01:09:47.743 [info] Got 0 sessions for ...
2025-06-06 01:11:52.036 [info] Getting sessions for read:user,repo,user:email...
2025-06-06 01:11:52.036 [info] Got 0 sessions for read:user,repo,user:email...
2025-06-06 01:11:53.058 [info] Getting sessions for read:user,repo,user:email...
2025-06-06 01:11:53.058 [info] Got 0 sessions for read:user,repo,user:email...
2025-06-06 01:12:03.103 [info] Getting sessions for project,read:org,read:user,repo,user:email,workflow...
2025-06-06 01:12:03.103 [info] Got 0 sessions for project,read:org,read:user,repo,user:email,workflow...
2025-06-06 01:12:04.218 [info] Getting sessions for read:user,repo,user:email,workflow...
2025-06-06 01:12:04.218 [info] Got 0 sessions for read:user,repo,user:email,workflow...
2025-06-06 01:12:17.214 [info] Getting sessions for read:user,repo,user:email...
2025-06-06 01:12:17.214 [info] Got 0 sessions for read:user,repo,user:email...
2025-06-06 01:12:20.039 [info] Getting sessions for all scopes...
2025-06-06 01:12:20.039 [info] Got 0 sessions for ...
2025-06-06 01:12:23.307 [info] Getting sessions for all scopes...
2025-06-06 01:12:23.307 [info] Got 0 sessions for ...
2025-06-06 01:12:23.309 [info] Getting sessions for all scopes...
2025-06-06 01:12:23.309 [info] Got 0 sessions for ...
2025-06-06 01:12:23.312 [info] Getting sessions for all scopes...
2025-06-06 01:12:23.312 [info] Got 0 sessions for ...
2025-06-06 01:12:23.315 [info] Getting sessions for read:user,repo,user:email,workflow...
2025-06-06 01:12:23.315 [info] Got 0 sessions for read:user,repo,user:email,workflow...
2025-06-06 01:12:23.691 [info] Getting sessions for read:user,repo,user:email,workflow...
2025-06-06 01:12:23.691 [info] Got 0 sessions for read:user,repo,user:email,workflow...
2025-06-06 01:12:25.830 [info] Getting sessions for user:email...
2025-06-06 01:12:25.830 [info] Got 0 sessions for user:email...
2025-06-06 01:12:25.832 [info] Getting sessions for read:user,repo,user:email,workflow...
2025-06-06 01:12:25.833 [info] Got 0 sessions for read:user,repo,user:email,workflow...
2025-06-06 01:12:25.834 [info] Getting sessions for read:user...
2025-06-06 01:12:25.834 [info] Got 0 sessions for read:user...
2025-06-06 01:12:27.766 [info] Getting sessions for all scopes...
2025-06-06 01:12:27.766 [info] Got 0 sessions for ...
2025-06-06 01:12:27.769 [info] Getting sessions for all scopes...
2025-06-06 01:12:27.769 [info] Got 0 sessions for ...
2025-06-06 01:12:27.770 [info] Getting sessions for user:email...
2025-06-06 01:12:27.771 [info] Got 0 sessions for user:email...
2025-06-06 01:12:28.587 [info] Getting sessions for user:email...
2025-06-06 01:12:28.587 [info] Got 0 sessions for user:email...
2025-06-06 01:12:29.079 [info] Getting sessions for all scopes...
2025-06-06 01:12:29.079 [info] Got 0 sessions for ...
2025-06-06 01:12:29.229 [info] Getting sessions for user:email...
2025-06-06 01:12:29.229 [info] Got 0 sessions for user:email...
2025-06-06 01:12:29.345 [info] Getting sessions for all scopes...
2025-06-06 01:12:29.345 [info] Got 0 sessions for ...
2025-06-06 01:12:29.351 [info] Getting sessions for user:email...
2025-06-06 01:12:29.352 [info] Got 0 sessions for user:email...
2025-06-06 01:12:29.396 [info] Getting sessions for all scopes...
2025-06-06 01:12:29.396 [info] Got 0 sessions for ...
2025-06-06 01:12:29.530 [info] Getting sessions for user:email...
2025-06-06 01:12:29.530 [info] Got 0 sessions for user:email...
2025-06-06 01:12:29.605 [info] Getting sessions for all scopes...
2025-06-06 01:12:29.605 [info] Got 0 sessions for ...
2025-06-06 01:12:29.640 [info] Getting sessions for all scopes...
2025-06-06 01:12:29.640 [info] Got 0 sessions for ...
2025-06-06 01:17:52.739 [info] Getting sessions for read:user,repo,user:email,workflow...
2025-06-06 01:17:52.747 [info] Got 0 sessions for read:user,repo,user:email,workflow...
2025-06-06 01:17:55.090 [info] Logging in with 'any' account...
2025-06-06 01:17:55.090 [info] Logging in for the following scopes: read:user repo user:email workflow
2025-06-06 01:17:55.194 [info] Trying without local server... (read:user repo user:email workflow)
2025-06-06 01:18:21.815 [info] Exchanging code for token...
2025-06-06 01:18:22.172 [info] Token exchange success!
2025-06-06 01:18:22.176 [info] Getting user info...
2025-06-06 01:18:22.508 [info] Got account info!
2025-06-06 01:18:22.516 [info] Storing 1 sessions...
2025-06-06 01:18:25.072 [info] Reading sessions from keychain...
2025-06-06 01:18:25.072 [info] Stored 1 sessions!
2025-06-06 01:18:25.073 [info] Login success!
2025-06-06 01:18:25.126 [info] Getting sessions for all scopes...
2025-06-06 01:18:25.138 [info] Getting sessions for all scopes...
2025-06-06 01:18:25.140 [info] Got stored sessions!
2025-06-06 01:18:25.140 [info] Got 1 verified sessions.
2025-06-06 01:18:25.140 [info] Got 1 sessions for ...
2025-06-06 01:18:25.140 [info] Got 1 sessions for ...
2025-06-06 01:18:25.140 [info] Getting sessions for all scopes...
2025-06-06 01:18:25.140 [info] Got 1 sessions for ...
2025-06-06 01:18:25.142 [info] Getting sessions for all scopes...
2025-06-06 01:18:25.142 [info] Got 1 sessions for ...
2025-06-06 01:18:25.254 [info] Getting sessions for all scopes...
2025-06-06 01:18:25.254 [info] Got 1 sessions for ...
2025-06-06 01:18:25.255 [info] Getting sessions for all scopes...
2025-06-06 01:18:25.255 [info] Got 1 sessions for ...
2025-06-06 01:18:25.369 [info] Getting sessions for project,read:org,read:user,repo,user:email,workflow...
2025-06-06 01:18:25.369 [info] Got 0 sessions for project,read:org,read:user,repo,user:email,workflow...
2025-06-06 01:18:25.370 [info] Getting sessions for all scopes...
2025-06-06 01:18:25.370 [info] Got 1 sessions for ...
2025-06-06 01:18:25.371 [info] Getting sessions for all scopes...
2025-06-06 01:18:25.371 [info] Got 1 sessions for ...
2025-06-06 01:18:25.372 [info] Getting sessions for read:user,repo,user:email,workflow...
2025-06-06 01:18:25.372 [info] Got 1 sessions for read:user,repo,user:email,workflow...
2025-06-06 01:18:25.373 [info] Getting sessions for read:user,repo,user:email...
2025-06-06 01:18:25.373 [info] Got 0 sessions for read:user,repo,user:email...
2025-06-06 01:18:25.515 [info] Getting sessions for read:user,repo,user:email,workflow...
2025-06-06 01:18:25.515 [info] Got 1 sessions for read:user,repo,user:email,workflow...
2025-06-06 01:18:25.516 [info] Getting sessions for read:user,repo,user:email,workflow...
2025-06-06 01:18:25.516 [info] Got 1 sessions for read:user,repo,user:email,workflow...
2025-06-06 01:18:25.518 [info] Getting sessions for read:user,repo,user:email...
2025-06-06 01:18:25.518 [info] Got 0 sessions for read:user,repo,user:email...
2025-06-06 01:18:25.703 [info] Getting sessions for all scopes...
2025-06-06 01:18:25.703 [info] Got 1 sessions for ...
2025-06-06 01:18:25.706 [info] Getting sessions for read:user,repo,user:email...
2025-06-06 01:18:25.706 [info] Got 0 sessions for read:user,repo,user:email...
2025-06-06 01:18:25.727 [info] Getting sessions for read:user,repo,user:email,workflow...
2025-06-06 01:18:25.727 [info] Got 1 sessions for read:user,repo,user:email,workflow...
2025-06-06 01:18:25.728 [info] Getting sessions for read:user,repo,user:email...
2025-06-06 01:18:25.728 [info] Got 0 sessions for read:user,repo,user:email...
2025-06-06 01:18:25.746 [info] Getting sessions for all scopes...
2025-06-06 01:18:25.746 [info] Got 1 sessions for ...
2025-06-06 01:18:25.747 [info] Getting sessions for read:user,repo,user:email...
2025-06-06 01:18:25.747 [info] Got 0 sessions for read:user,repo,user:email...
2025-06-06 01:18:25.758 [info] Getting sessions for read:user,repo,user:email,workflow...
2025-06-06 01:18:25.758 [info] Got 1 sessions for read:user,repo,user:email,workflow...
2025-06-06 01:18:26.966 [info] Getting sessions for all scopes...
2025-06-06 01:18:26.966 [info] Got 1 sessions for ...
2025-06-06 01:18:26.987 [info] Getting sessions for all scopes...
2025-06-06 01:18:26.987 [info] Got 1 sessions for ...
2025-06-06 01:18:26.998 [info] Getting sessions for read:user,repo,user:email,workflow...
2025-06-06 01:18:26.998 [info] Got 1 sessions for read:user,repo,user:email,workflow...
2025-06-06 01:18:27.020 [info] Getting sessions for all scopes...
2025-06-06 01:18:27.020 [info] Got 1 sessions for ...
2025-06-06 01:18:27.028 [info] Getting sessions for read:user,repo,user:email,workflow...
2025-06-06 01:18:27.028 [info] Got 1 sessions for read:user,repo,user:email,workflow...
2025-06-06 01:18:27.415 [info] Getting sessions for all scopes...
2025-06-06 01:18:27.415 [info] Got 1 sessions for ...
2025-06-06 01:18:27.430 [info] Getting sessions for all scopes...
2025-06-06 01:18:27.430 [info] Got 1 sessions for ...
2025-06-06 01:18:27.440 [info] Getting sessions for read:user,repo,user:email,workflow...
2025-06-06 01:18:27.440 [info] Got 1 sessions for read:user,repo,user:email,workflow...
2025-06-06 01:18:27.452 [info] Getting sessions for all scopes...
2025-06-06 01:18:27.453 [info] Got 1 sessions for ...
2025-06-06 01:18:27.456 [info] Getting sessions for read:user,repo,user:email,workflow...
2025-06-06 01:18:27.456 [info] Got 1 sessions for read:user,repo,user:email,workflow...
2025-06-06 01:19:11.160 [info] Reading sessions from keychain...
2025-06-06 01:19:11.160 [info] Getting sessions for all scopes...
2025-06-06 01:19:11.161 [info] Getting sessions for all scopes...
2025-06-06 01:19:11.161 [info] Got stored sessions!
2025-06-06 01:19:11.161 [info] Got 1 verified sessions.
2025-06-06 01:19:11.161 [info] Got 1 sessions for ...
2025-06-06 01:19:11.161 [info] Got 1 sessions for ...
2025-06-06 01:19:11.240 [info] Getting sessions for all scopes...
2025-06-06 01:19:11.240 [info] Got 1 sessions for ...
2025-06-06 01:19:11.241 [info] Getting sessions for all scopes...
2025-06-06 01:19:11.241 [info] Got 1 sessions for ...
2025-06-06 01:19:11.241 [info] Getting sessions for all scopes...
2025-06-06 01:19:11.242 [info] Got 1 sessions for ...
2025-06-06 01:19:11.246 [info] Getting sessions for all scopes...
2025-06-06 01:19:11.246 [info] Got 1 sessions for ...
2025-06-06 01:19:11.247 [info] Getting sessions for all scopes...
2025-06-06 01:19:11.247 [info] Got 1 sessions for ...
2025-06-06 01:19:11.420 [info] Getting sessions for all scopes...
2025-06-06 01:19:11.420 [info] Got 1 sessions for ...
2025-06-06 01:19:11.429 [info] Getting sessions for all scopes...
2025-06-06 01:19:11.429 [info] Got 1 sessions for ...
2025-06-06 01:19:11.430 [info] Getting sessions for all scopes...
2025-06-06 01:19:11.430 [info] Got 1 sessions for ...
2025-06-06 01:19:11.431 [info] Getting sessions for all scopes...
2025-06-06 01:19:11.431 [info] Got 1 sessions for ...
2025-06-06 01:19:11.432 [info] Getting sessions for all scopes...
2025-06-06 01:19:11.432 [info] Got 1 sessions for ...
2025-06-06 01:19:11.433 [info] Getting sessions for all scopes...
2025-06-06 01:19:11.433 [info] Got 1 sessions for ...
2025-06-06 01:19:11.937 [info] Getting sessions for all scopes...
2025-06-06 01:19:11.937 [info] Got 1 sessions for ...
2025-06-06 01:19:15.343 [info] Getting sessions for all scopes...
2025-06-06 01:19:15.343 [info] Got 1 sessions for ...
2025-06-06 01:19:15.521 [info] Getting sessions for all scopes...
2025-06-06 01:19:15.521 [info] Got 1 sessions for ...
2025-06-06 01:19:15.894 [info] Getting sessions for read:user,repo,user:email...
2025-06-06 01:19:15.895 [info] Got 0 sessions for read:user,repo,user:email...
2025-06-06 01:19:15.895 [info] Getting sessions for project,read:org,read:user,repo,user:email,workflow...
2025-06-06 01:19:15.896 [info] Got 0 sessions for project,read:org,read:user,repo,user:email,workflow...
2025-06-06 01:19:15.991 [info] Getting sessions for read:user,repo,user:email,workflow...
2025-06-06 01:19:15.991 [info] Got 1 sessions for read:user,repo,user:email,workflow...
2025-06-06 01:19:19.246 [info] Getting sessions for read:user,repo,user:email...
2025-06-06 01:19:19.246 [info] Got 0 sessions for read:user,repo,user:email...
2025-06-06 01:19:23.459 [info] Getting sessions for all scopes...
2025-06-06 01:19:23.460 [info] Got 1 sessions for ...
2025-06-06 01:19:23.460 [info] Getting sessions for all scopes...
2025-06-06 01:19:23.460 [info] Got 1 sessions for ...
2025-06-06 01:19:23.473 [info] Getting sessions for all scopes...
2025-06-06 01:19:23.473 [info] Got 1 sessions for ...
2025-06-06 01:19:24.358 [info] Getting sessions for all scopes...
2025-06-06 01:19:24.358 [info] Got 1 sessions for ...
2025-06-06 01:19:24.358 [info] Getting sessions for read:user,repo,user:email,workflow...
2025-06-06 01:19:24.359 [info] Got 1 sessions for read:user,repo,user:email,workflow...
2025-06-06 01:19:25.618 [info] Getting sessions for read:user,repo,user:email,workflow...
2025-06-06 01:19:25.618 [info] Got 1 sessions for read:user,repo,user:email,workflow...
2025-06-06 01:19:27.929 [info] Getting sessions for all scopes...
2025-06-06 01:19:27.930 [info] Got 1 sessions for ...
2025-06-06 01:19:27.930 [info] Getting sessions for all scopes...
2025-06-06 01:19:27.931 [info] Got 1 sessions for ...
2025-06-06 01:19:29.023 [info] Getting sessions for read:user,repo,user:email,workflow...
2025-06-06 01:19:29.023 [info] Got 1 sessions for read:user,repo,user:email,workflow...
2025-06-06 01:19:29.025 [info] Getting sessions for read:user,repo,user:email,workflow...
2025-06-06 01:19:29.025 [info] Got 1 sessions for read:user,repo,user:email,workflow...
2025-06-06 01:19:36.258 [info] Getting sessions for read:user,repo,user:email...
2025-06-06 01:19:36.258 [info] Got 0 sessions for read:user,repo,user:email...
2025-06-06 01:19:36.997 [info] Getting sessions for read:user,repo,user:email,workflow...
2025-06-06 01:19:36.997 [info] Got 1 sessions for read:user,repo,user:email,workflow...
2025-06-06 01:19:37.006 [info] Getting sessions for all scopes...
2025-06-06 01:19:37.006 [info] Got 1 sessions for ...
2025-06-06 01:19:37.007 [info] Getting sessions for all scopes...
2025-06-06 01:19:37.007 [info] Got 1 sessions for ...
2025-06-06 01:19:37.488 [info] Getting sessions for read:user,repo,user:email,workflow...
2025-06-06 01:19:37.489 [info] Got 1 sessions for read:user,repo,user:email,workflow...
2025-06-06 01:19:37.598 [info] Getting sessions for all scopes...
2025-06-06 01:19:37.598 [info] Got 1 sessions for ...
2025-06-06 01:19:37.680 [info] Getting sessions for read:user,repo,user:email,workflow...
2025-06-06 01:19:37.680 [info] Got 1 sessions for read:user,repo,user:email,workflow...
2025-06-06 01:19:38.185 [info] Getting sessions for all scopes...
2025-06-06 01:19:38.185 [info] Got 1 sessions for ...
2025-06-06 01:19:38.248 [info] Getting sessions for read:user,repo,user:email,workflow...
2025-06-06 01:19:38.248 [info] Got 1 sessions for read:user,repo,user:email,workflow...
2025-06-06 01:19:38.380 [info] Getting sessions for all scopes...
2025-06-06 01:19:38.380 [info] Got 1 sessions for ...
2025-06-06 01:19:38.391 [info] Getting sessions for all scopes...
2025-06-06 01:19:38.391 [info] Got 1 sessions for ...
2025-06-06 01:19:41.913 [info] Getting sessions for all scopes...
2025-06-06 01:19:41.913 [info] Got 1 sessions for ...
2025-06-06 01:19:42.038 [info] Getting sessions for read:user,repo,user:email,workflow...
2025-06-06 01:19:42.038 [info] Got 1 sessions for read:user,repo,user:email,workflow...
2025-06-06 01:19:44.018 [info] Getting sessions for all scopes...
2025-06-06 01:19:44.018 [info] Got 1 sessions for ...
2025-06-06 01:19:44.021 [info] Getting sessions for read:user,repo,user:email,workflow...
2025-06-06 01:19:44.021 [info] Got 1 sessions for read:user,repo,user:email,workflow...
