2025-06-06 02:32:25.381 [info] Reading sessions from keychain...
2025-06-06 02:32:25.381 [info] Getting sessions for all scopes...
2025-06-06 02:32:25.381 [info] Getting sessions for all scopes...
2025-06-06 02:32:25.381 [info] Getting sessions for all scopes...
2025-06-06 02:32:25.381 [info] Getting sessions for all scopes...
2025-06-06 02:32:25.381 [info] Getting sessions for all scopes...
2025-06-06 02:32:25.381 [info] Getting sessions for all scopes...
2025-06-06 02:32:25.381 [info] Getting sessions for all scopes...
2025-06-06 02:32:25.381 [info] Got stored sessions!
2025-06-06 02:32:25.381 [info] Got 1 verified sessions.
2025-06-06 02:32:25.381 [info] Got 1 sessions for ...
2025-06-06 02:32:25.381 [info] Got 1 sessions for ...
2025-06-06 02:32:25.381 [info] Got 1 sessions for ...
2025-06-06 02:32:25.381 [info] Got 1 sessions for ...
2025-06-06 02:32:25.381 [info] Got 1 sessions for ...
2025-06-06 02:32:25.381 [info] Got 1 sessions for ...
2025-06-06 02:32:25.381 [info] Got 1 sessions for ...
2025-06-06 02:32:25.381 [info] Getting sessions for all scopes...
2025-06-06 02:32:25.381 [info] Got 1 sessions for ...
2025-06-06 02:32:25.381 [info] Getting sessions for all scopes...
2025-06-06 02:32:25.381 [info] Got 1 sessions for ...
2025-06-06 02:32:25.381 [info] Getting sessions for all scopes...
2025-06-06 02:32:25.381 [info] Got 1 sessions for ...
2025-06-06 02:32:25.381 [info] Getting sessions for all scopes...
2025-06-06 02:32:25.381 [info] Got 1 sessions for ...
2025-06-06 02:32:25.381 [info] Getting sessions for all scopes...
2025-06-06 02:32:25.381 [info] Got 1 sessions for ...
2025-06-06 02:32:25.381 [info] Getting sessions for all scopes...
2025-06-06 02:32:25.381 [info] Got 1 sessions for ...
2025-06-06 02:32:25.381 [info] Getting sessions for all scopes...
2025-06-06 02:32:25.381 [info] Got 1 sessions for ...
2025-06-06 02:32:30.599 [info] Getting sessions for all scopes...
2025-06-06 02:32:30.599 [info] Got 1 sessions for ...
