2025-06-21 00:59:58.838 [info] Reading sessions from keychain...
2025-06-21 00:59:58.838 [info] Getting sessions for all scopes...
2025-06-21 00:59:58.838 [info] Getting sessions for all scopes...
2025-06-21 00:59:58.838 [info] Getting sessions for all scopes...
2025-06-21 00:59:58.838 [info] Getting sessions for all scopes...
2025-06-21 00:59:58.838 [info] Getting sessions for all scopes...
2025-06-21 00:59:58.838 [info] Getting sessions for all scopes...
2025-06-21 00:59:58.838 [info] Getting sessions for all scopes...
2025-06-21 00:59:58.838 [info] Got stored sessions!
2025-06-21 00:59:58.838 [info] Got 1 verified sessions.
2025-06-21 00:59:58.838 [info] Got 1 sessions for ...
2025-06-21 00:59:58.838 [info] Got 1 sessions for ...
2025-06-21 00:59:58.838 [info] Got 1 sessions for ...
2025-06-21 00:59:58.838 [info] Got 1 sessions for ...
2025-06-21 00:59:58.838 [info] Got 1 sessions for ...
2025-06-21 00:59:58.838 [info] Got 1 sessions for ...
2025-06-21 00:59:58.838 [info] Got 1 sessions for ...
2025-06-21 00:59:59.017 [info] Getting sessions for all scopes...
2025-06-21 00:59:59.017 [info] Got 1 sessions for ...
2025-06-21 00:59:59.479 [info] Getting sessions for all scopes...
2025-06-21 00:59:59.479 [info] Got 1 sessions for ...
2025-06-21 00:59:59.479 [info] Getting sessions for all scopes...
2025-06-21 00:59:59.479 [info] Got 1 sessions for ...
2025-06-21 00:59:59.480 [info] Getting sessions for all scopes...
2025-06-21 00:59:59.480 [info] Got 1 sessions for ...
2025-06-21 00:59:59.481 [info] Getting sessions for all scopes...
2025-06-21 00:59:59.481 [info] Got 1 sessions for ...
2025-06-21 00:59:59.484 [info] Getting sessions for all scopes...
2025-06-21 00:59:59.484 [info] Got 1 sessions for ...
2025-06-21 00:59:59.486 [info] Getting sessions for all scopes...
2025-06-21 00:59:59.486 [info] Got 1 sessions for ...
2025-06-21 01:00:08.477 [info] Getting sessions for all scopes...
2025-06-21 01:00:08.477 [info] Got 1 sessions for ...
2025-06-21 01:00:08.615 [info] Getting sessions for all scopes...
2025-06-21 01:00:08.615 [info] Got 1 sessions for ...
2025-06-21 01:00:10.770 [info] Getting sessions for read:user,repo,user:email...
2025-06-21 01:00:10.771 [info] Got 0 sessions for read:user,repo,user:email...
2025-06-21 01:00:10.771 [info] Getting sessions for all scopes...
2025-06-21 01:00:10.772 [info] Got 1 sessions for ...
2025-06-21 01:00:10.772 [info] Getting sessions for all scopes...
2025-06-21 01:00:10.772 [info] Got 1 sessions for ...
2025-06-21 01:00:10.773 [info] Getting sessions for project,read:org,read:user,repo,user:email,workflow...
2025-06-21 01:00:10.773 [info] Got 0 sessions for project,read:org,read:user,repo,user:email,workflow...
2025-06-21 01:00:10.913 [info] Getting sessions for all scopes...
2025-06-21 01:00:10.913 [info] Got 1 sessions for ...
2025-06-21 01:00:12.235 [info] Getting sessions for all scopes...
2025-06-21 01:00:12.235 [info] Got 1 sessions for ...
2025-06-21 01:00:12.235 [info] Getting sessions for read:user,repo,user:email,workflow...
2025-06-21 01:00:12.236 [info] Got 1 sessions for read:user,repo,user:email,workflow...
2025-06-21 01:00:12.493 [info] Getting sessions for read:user,repo,user:email,workflow...
2025-06-21 01:00:12.493 [info] Got 1 sessions for read:user,repo,user:email,workflow...
2025-06-21 01:00:12.633 [info] Getting sessions for read:user,repo,user:email,workflow...
2025-06-21 01:00:12.634 [info] Got 1 sessions for read:user,repo,user:email,workflow...
2025-06-21 01:00:12.763 [info] Getting sessions for read:user,repo,user:email,workflow...
2025-06-21 01:00:12.764 [info] Got 1 sessions for read:user,repo,user:email,workflow...
2025-06-21 01:00:12.881 [info] Getting sessions for all scopes...
2025-06-21 01:00:12.881 [info] Got 1 sessions for ...
2025-06-21 01:00:14.700 [info] Getting sessions for read:user,repo,user:email,workflow...
2025-06-21 01:00:14.700 [info] Got 1 sessions for read:user,repo,user:email,workflow...
2025-06-21 01:00:15.660 [info] Getting sessions for all scopes...
2025-06-21 01:00:15.660 [info] Got 1 sessions for ...
2025-06-21 01:00:15.673 [info] Getting sessions for read:user,repo,user:email,workflow...
2025-06-21 01:00:15.673 [info] Got 1 sessions for read:user,repo,user:email,workflow...
2025-06-21 01:00:16.055 [info] Getting sessions for read:user,repo,user:email...
2025-06-21 01:00:16.055 [info] Got 0 sessions for read:user,repo,user:email...
2025-06-21 01:00:16.268 [info] Getting sessions for read:user,repo,user:email,workflow...
2025-06-21 01:00:16.268 [info] Got 1 sessions for read:user,repo,user:email,workflow...
2025-06-21 01:00:21.342 [info] Getting sessions for all scopes...
2025-06-21 01:00:21.342 [info] Got 1 sessions for ...
2025-06-21 01:00:21.343 [info] Getting sessions for all scopes...
2025-06-21 01:00:21.343 [info] Got 1 sessions for ...
2025-06-21 01:00:21.423 [info] Getting sessions for read:user,repo,user:email,workflow...
2025-06-21 01:00:21.423 [info] Got 1 sessions for read:user,repo,user:email,workflow...
2025-06-21 01:00:21.486 [info] Getting sessions for all scopes...
2025-06-21 01:00:21.486 [info] Got 1 sessions for ...
2025-06-21 01:00:21.520 [info] Getting sessions for read:user,repo,user:email,workflow...
2025-06-21 01:00:21.520 [info] Got 1 sessions for read:user,repo,user:email,workflow...
2025-06-21 01:00:21.728 [info] Getting sessions for all scopes...
2025-06-21 01:00:21.729 [info] Got 1 sessions for ...
2025-06-21 01:00:21.764 [info] Getting sessions for read:user,repo,user:email,workflow...
2025-06-21 01:00:21.764 [info] Got 1 sessions for read:user,repo,user:email,workflow...
2025-06-21 01:00:21.841 [info] Getting sessions for all scopes...
2025-06-21 01:00:21.841 [info] Got 1 sessions for ...
2025-06-21 01:00:21.880 [info] Getting sessions for all scopes...
2025-06-21 01:00:21.880 [info] Got 1 sessions for ...
2025-06-21 01:00:25.370 [info] Getting sessions for all scopes...
2025-06-21 01:00:25.370 [info] Got 1 sessions for ...
2025-06-21 01:00:25.390 [info] Getting sessions for read:user,repo,user:email,workflow...
2025-06-21 01:00:25.390 [info] Got 1 sessions for read:user,repo,user:email,workflow...
2025-06-21 01:00:26.423 [info] Getting sessions for all scopes...
2025-06-21 01:00:26.423 [info] Got 1 sessions for ...
2025-06-21 01:00:26.428 [info] Getting sessions for read:user,repo,user:email,workflow...
2025-06-21 01:00:26.428 [info] Got 1 sessions for read:user,repo,user:email,workflow...
2025-06-21 01:15:26.436 [info] Getting sessions for all scopes...
2025-06-21 01:15:26.436 [info] Got 1 sessions for ...
2025-06-21 01:15:26.442 [info] Getting sessions for read:user,repo,user:email,workflow...
2025-06-21 01:15:26.442 [info] Got 1 sessions for read:user,repo,user:email,workflow...
2025-06-21 01:30:26.449 [info] Getting sessions for all scopes...
2025-06-21 01:30:26.449 [info] Got 1 sessions for ...
2025-06-21 01:30:26.455 [info] Getting sessions for read:user,repo,user:email,workflow...
2025-06-21 01:30:26.455 [info] Got 1 sessions for read:user,repo,user:email,workflow...
2025-06-21 01:30:26.461 [info] Getting sessions for all scopes...
2025-06-21 01:30:26.461 [info] Got 1 sessions for ...
2025-06-21 01:30:26.466 [info] Getting sessions for read:user,repo,user:email,workflow...
2025-06-21 01:30:26.466 [info] Got 1 sessions for read:user,repo,user:email,workflow...
2025-06-21 01:30:27.379 [info] Getting sessions for all scopes...
2025-06-21 01:30:27.379 [info] Got 1 sessions for ...
2025-06-21 01:30:27.381 [info] Getting sessions for all scopes...
2025-06-21 01:30:27.381 [info] Got 1 sessions for ...
2025-06-21 01:30:27.385 [info] Getting sessions for read:user,repo,user:email,workflow...
2025-06-21 01:30:27.385 [info] Got 1 sessions for read:user,repo,user:email,workflow...
2025-06-21 01:30:27.388 [info] Getting sessions for all scopes...
2025-06-21 01:30:27.389 [info] Got 1 sessions for ...
2025-06-21 01:30:27.391 [info] Getting sessions for read:user,repo,user:email,workflow...
2025-06-21 01:30:27.391 [info] Got 1 sessions for read:user,repo,user:email,workflow...
2025-06-21 01:30:27.396 [info] Getting sessions for all scopes...
2025-06-21 01:30:27.396 [info] Got 1 sessions for ...
2025-06-21 01:30:27.399 [info] Getting sessions for read:user,repo,user:email,workflow...
2025-06-21 01:30:27.399 [info] Got 1 sessions for read:user,repo,user:email,workflow...
2025-06-21 01:39:55.396 [info] Getting sessions for read:user,repo,user:email,workflow...
2025-06-21 01:39:55.396 [info] Got 1 sessions for read:user,repo,user:email,workflow...
2025-06-21 01:40:51.615 [info] Reading sessions from keychain...
2025-06-21 01:40:51.615 [info] Getting sessions for all scopes...
2025-06-21 01:40:51.615 [info] Getting sessions for all scopes...
2025-06-21 01:40:51.615 [info] Getting sessions for all scopes...
2025-06-21 01:40:51.615 [info] Got stored sessions!
2025-06-21 01:40:51.615 [info] Got 1 verified sessions.
2025-06-21 01:40:51.615 [info] Got 1 sessions for ...
2025-06-21 01:40:51.615 [info] Got 1 sessions for ...
2025-06-21 01:40:51.615 [info] Got 1 sessions for ...
2025-06-21 01:40:51.615 [info] Getting sessions for all scopes...
2025-06-21 01:40:51.615 [info] Got 1 sessions for ...
2025-06-21 01:40:58.032 [info] Getting sessions for read:user,repo,user:email...
2025-06-21 01:40:58.032 [info] Got 0 sessions for read:user,repo,user:email...
2025-06-21 01:40:58.033 [info] Getting sessions for all scopes...
2025-06-21 01:40:58.033 [info] Got 1 sessions for ...
2025-06-21 01:40:58.033 [info] Getting sessions for all scopes...
2025-06-21 01:40:58.034 [info] Got 1 sessions for ...
2025-06-21 01:40:58.034 [info] Getting sessions for project,read:org,read:user,repo,user:email,workflow...
2025-06-21 01:40:58.034 [info] Got 0 sessions for project,read:org,read:user,repo,user:email,workflow...
2025-06-21 01:40:58.881 [info] Getting sessions for read:user,repo,user:email,workflow...
2025-06-21 01:40:58.881 [info] Got 1 sessions for read:user,repo,user:email,workflow...
2025-06-21 01:40:58.882 [info] Getting sessions for read:user,repo,user:email,workflow...
2025-06-21 01:40:58.882 [info] Got 1 sessions for read:user,repo,user:email,workflow...
2025-06-21 01:40:59.189 [info] Getting sessions for read:user,repo,user:email,workflow...
2025-06-21 01:40:59.189 [info] Got 1 sessions for read:user,repo,user:email,workflow...
2025-06-21 01:40:59.297 [info] Getting sessions for read:user,repo,user:email,workflow...
2025-06-21 01:40:59.297 [info] Got 1 sessions for read:user,repo,user:email,workflow...
2025-06-21 01:40:59.849 [info] Getting sessions for all scopes...
2025-06-21 01:40:59.849 [info] Got 1 sessions for ...
2025-06-21 01:41:00.575 [info] Getting sessions for all scopes...
2025-06-21 01:41:00.575 [info] Got 1 sessions for ...
2025-06-21 01:41:01.244 [info] Getting sessions for read:user,repo,user:email,workflow...
2025-06-21 01:41:01.244 [info] Got 1 sessions for read:user,repo,user:email,workflow...
2025-06-21 01:41:01.296 [info] Getting sessions for read:user,repo,user:email,workflow...
2025-06-21 01:41:01.296 [info] Got 1 sessions for read:user,repo,user:email,workflow...
2025-06-21 01:41:02.392 [info] Getting sessions for all scopes...
2025-06-21 01:41:02.392 [info] Got 1 sessions for ...
2025-06-21 01:41:02.393 [info] Getting sessions for all scopes...
2025-06-21 01:41:02.393 [info] Got 1 sessions for ...
2025-06-21 01:41:02.562 [info] Getting sessions for read:user,repo,user:email,workflow...
2025-06-21 01:41:02.562 [info] Got 1 sessions for read:user,repo,user:email,workflow...
2025-06-21 01:41:02.565 [info] Getting sessions for read:user,repo,user:email...
2025-06-21 01:41:02.565 [info] Got 0 sessions for read:user,repo,user:email...
2025-06-21 01:41:02.684 [info] Getting sessions for all scopes...
2025-06-21 01:41:02.684 [info] Got 1 sessions for ...
2025-06-21 01:41:02.685 [info] Getting sessions for read:user,repo,user:email...
2025-06-21 01:41:02.685 [info] Got 0 sessions for read:user,repo,user:email...
2025-06-21 01:41:02.770 [info] Getting sessions for read:user,repo,user:email,workflow...
2025-06-21 01:41:02.770 [info] Got 1 sessions for read:user,repo,user:email,workflow...
2025-06-21 01:41:03.069 [info] Getting sessions for all scopes...
2025-06-21 01:41:03.069 [info] Got 1 sessions for ...
2025-06-21 01:41:03.147 [info] Getting sessions for read:user,repo,user:email,workflow...
2025-06-21 01:41:03.147 [info] Got 1 sessions for read:user,repo,user:email,workflow...
2025-06-21 01:41:09.698 [info] Getting sessions for all scopes...
2025-06-21 01:41:09.699 [info] Got 1 sessions for ...
2025-06-21 01:41:09.732 [info] Getting sessions for read:user,repo,user:email,workflow...
2025-06-21 01:41:09.732 [info] Got 1 sessions for read:user,repo,user:email,workflow...
2025-06-21 01:41:10.826 [info] Getting sessions for all scopes...
2025-06-21 01:41:10.826 [info] Got 1 sessions for ...
2025-06-21 01:41:10.829 [info] Getting sessions for read:user,repo,user:email,workflow...
2025-06-21 01:41:10.829 [info] Got 1 sessions for read:user,repo,user:email,workflow...
