[Info  - 1:19:24 AM] [language-server] Registering module | module: "auto-fix"
[Info  - 1:19:25 AM] [language-server] Module registered | module: "auto-fix"
[Info  - 1:19:25 AM] [language-server] Registering module | module: "code-action"
[Info  - 1:19:25 AM] [language-server] Module registered | module: "code-action"
[Info  - 1:19:25 AM] [language-server] Registering module | module: "completion"
[Info  - 1:19:27 AM] [language-server] Module registered | module: "completion"
[Info  - 1:19:27 AM] [language-server] Registering module | module: "formatter"
[Info  - 1:19:27 AM] [language-server] Module registered | module: "formatter"
[Info  - 1:19:28 AM] [language-server] Registering module | module: "old-stylelint-warning"
[Info  - 1:19:28 AM] [language-server] Module registered | module: "old-stylelint-warning"
[Info  - 1:19:28 AM] [language-server] Registering module | module: "validator"
[Info  - 1:19:29 AM] [language-server] Module registered | module: "validator"
[Info  - 1:19:29 AM] [language-server] Starting language server
[Info  - 1:19:29 AM] [language-server] Registering handlers
[Info  - 1:19:29 AM] [language-server] Handlers registered
[Info  - 1:19:29 AM] [language-server] Language server started
[Warn  - 1:19:37 AM] [language-server] Failed to resolve global node_modules path. | packageManager: "npm" error: {"errno":-2,"code":"ENOENT","syscall":"spawn npm","path":"npm","spawnargs":["config","get","prefix"],"name":"Error","message":"spawn npm ENOENT","stack":"Error: spawn npm ENOENT\n    at ChildProcess._handle.onexit (node:internal/child_process:285:19)\n    at onErrorNT (node:internal/child_process:483:16)\n    at process.processTicksAndRejections (node:internal/process/task_queues:82:21)"}
[Warn  - 1:19:37 AM] [language-server] Could not load Stylelint from node_modules | error: {"name":"Error","message":"Failed to resolve module: stylelint","stack":"Error: Failed to resolve module: stylelint\n    at ChildProcess.<anonymous> (/home/nana/.vscode/extensions/stylelint.vscode-stylelint-1.5.3/dist/start-server.js:35:80651)\n    at ChildProcess.emit (node:events:524:28)\n    at emit (node:internal/child_process:950:14)\n    at process.processTicksAndRejections (node:internal/process/task_queues:83:21)"}
[Warn  - 1:19:37 AM] [language-server] Failed to load Stylelint either globally or from the current workspace.
[Warn  - 1:19:37 AM] [language-server] Failed to resolve Stylelint | uri: "file:///home/nana/Documents/Home-lab/2FAuth/docker.compose.yml"
[Info  - 1:19:53 AM] [language-server] Stopping language server
