[Info  - 12:58:43 AM] [language-server] Registering module | module: "auto-fix"
[Info  - 12:58:44 AM] [language-server] Module registered | module: "auto-fix"
[Info  - 12:58:44 AM] [language-server] Registering module | module: "code-action"
[Info  - 12:58:45 AM] [language-server] Module registered | module: "code-action"
[Info  - 12:58:45 AM] [language-server] Registering module | module: "completion"
[Info  - 12:58:45 AM] [language-server] Module registered | module: "completion"
[Info  - 12:58:45 AM] [language-server] Registering module | module: "formatter"
[Info  - 12:58:45 AM] [language-server] Module registered | module: "formatter"
[Info  - 12:58:48 AM] [language-server] Registering module | module: "old-stylelint-warning"
[Info  - 12:58:48 AM] [language-server] Module registered | module: "old-stylelint-warning"
[Info  - 12:58:48 AM] [language-server] Registering module | module: "validator"
[Info  - 12:58:48 AM] [language-server] Module registered | module: "validator"
[Info  - 12:58:48 AM] [language-server] Starting language server
[Info  - 12:58:48 AM] [language-server] Registering handlers
[Info  - 12:58:51 AM] [language-server] Handlers registered
[Info  - 12:58:51 AM] [language-server] Language server started
[Warn  - 12:58:52 AM] [language-server] Could not load Stylelint from node_modules | error: {"name":"Error","message":"Failed to resolve module: stylelint","stack":"Error: Failed to resolve module: stylelint\n    at ChildProcess.<anonymous> (/home/nana/.vscode/extensions/stylelint.vscode-stylelint-1.5.3/dist/start-server.js:35:80651)\n    at ChildProcess.emit (node:events:524:28)\n    at emit (node:internal/child_process:950:14)\n    at process.processTicksAndRejections (node:internal/process/task_queues:83:21)"}
[Warn  - 12:58:52 AM] [language-server] Failed to load Stylelint either globally or from the current workspace.
[Warn  - 12:58:52 AM] [language-server] Failed to resolve Stylelint | uri: "file:///home/nana/Documents/Home-lab/vaultwarden/docker-compose.yml"
[Info  - 1:40:37 AM] [language-server] Stopping language server
