2025-06-10 11:38:45.796 [info] Reading sessions from keychain...
2025-06-10 11:38:45.796 [info] Getting sessions for all scopes...
2025-06-10 11:38:45.796 [info] Getting sessions for all scopes...
2025-06-10 11:38:45.796 [info] Getting sessions for all scopes...
2025-06-10 11:38:45.796 [info] Getting sessions for all scopes...
2025-06-10 11:38:45.796 [info] Getting sessions for all scopes...
2025-06-10 11:38:45.796 [info] Getting sessions for all scopes...
2025-06-10 11:38:45.796 [info] Getting sessions for all scopes...
2025-06-10 11:38:45.796 [info] Getting sessions for all scopes...
2025-06-10 11:38:45.796 [info] Got stored sessions!
2025-06-10 11:38:45.796 [info] Got 1 verified sessions.
2025-06-10 11:38:45.796 [info] Got 1 sessions for ...
2025-06-10 11:38:45.796 [info] Got 1 sessions for ...
2025-06-10 11:38:45.796 [info] Got 1 sessions for ...
2025-06-10 11:38:45.796 [info] Got 1 sessions for ...
2025-06-10 11:38:45.796 [info] Got 1 sessions for ...
2025-06-10 11:38:45.796 [info] Got 1 sessions for ...
2025-06-10 11:38:45.796 [info] Got 1 sessions for ...
2025-06-10 11:38:45.796 [info] Got 1 sessions for ...
2025-06-10 11:38:45.796 [info] Getting sessions for all scopes...
2025-06-10 11:38:45.796 [info] Got 1 sessions for ...
2025-06-10 11:38:45.796 [info] Getting sessions for all scopes...
2025-06-10 11:38:45.796 [info] Got 1 sessions for ...
2025-06-10 11:38:45.796 [info] Getting sessions for all scopes...
2025-06-10 11:38:45.796 [info] Got 1 sessions for ...
2025-06-10 11:38:45.796 [info] Getting sessions for all scopes...
2025-06-10 11:38:45.796 [info] Got 1 sessions for ...
2025-06-10 11:38:45.796 [info] Getting sessions for all scopes...
2025-06-10 11:38:45.796 [info] Got 1 sessions for ...
2025-06-10 11:38:45.796 [info] Getting sessions for all scopes...
2025-06-10 11:38:45.796 [info] Got 1 sessions for ...
2025-06-10 11:38:53.942 [info] Getting sessions for all scopes...
2025-06-10 11:38:53.942 [info] Got 1 sessions for ...
2025-06-10 11:38:54.011 [info] Getting sessions for all scopes...
2025-06-10 11:38:54.011 [info] Got 1 sessions for ...
2025-06-10 11:38:55.466 [info] Getting sessions for read:user,repo,user:email...
2025-06-10 11:38:55.466 [info] Got 0 sessions for read:user,repo,user:email...
2025-06-10 11:38:55.494 [info] Getting sessions for all scopes...
2025-06-10 11:38:55.494 [info] Got 1 sessions for ...
2025-06-10 11:38:55.495 [info] Getting sessions for all scopes...
2025-06-10 11:38:55.495 [info] Got 1 sessions for ...
2025-06-10 11:38:55.495 [info] Getting sessions for project,read:org,read:user,repo,user:email,workflow...
2025-06-10 11:38:55.495 [info] Got 0 sessions for project,read:org,read:user,repo,user:email,workflow...
2025-06-10 11:38:55.612 [info] Getting sessions for all scopes...
2025-06-10 11:38:55.612 [info] Got 1 sessions for ...
2025-06-10 11:38:56.364 [info] Getting sessions for all scopes...
2025-06-10 11:38:56.364 [info] Got 1 sessions for ...
2025-06-10 11:38:56.365 [info] Getting sessions for read:user,repo,user:email,workflow...
2025-06-10 11:38:56.365 [info] Got 1 sessions for read:user,repo,user:email,workflow...
2025-06-10 11:38:56.436 [info] Getting sessions for read:user,repo,user:email,workflow...
2025-06-10 11:38:56.436 [info] Got 1 sessions for read:user,repo,user:email,workflow...
2025-06-10 11:38:56.508 [info] Getting sessions for read:user,repo,user:email,workflow...
2025-06-10 11:38:56.508 [info] Got 1 sessions for read:user,repo,user:email,workflow...
2025-06-10 11:38:56.590 [info] Getting sessions for read:user,repo,user:email,workflow...
2025-06-10 11:38:56.590 [info] Got 1 sessions for read:user,repo,user:email,workflow...
2025-06-10 11:38:57.485 [info] Getting sessions for all scopes...
2025-06-10 11:38:57.485 [info] Got 1 sessions for ...
2025-06-10 11:38:57.899 [info] Getting sessions for read:user,repo,user:email,workflow...
2025-06-10 11:38:57.899 [info] Got 1 sessions for read:user,repo,user:email,workflow...
2025-06-10 11:38:57.921 [info] Getting sessions for all scopes...
2025-06-10 11:38:57.921 [info] Got 1 sessions for ...
2025-06-10 11:38:57.967 [info] Getting sessions for read:user,repo,user:email,workflow...
2025-06-10 11:38:57.967 [info] Got 1 sessions for read:user,repo,user:email,workflow...
2025-06-10 11:38:58.230 [info] Getting sessions for read:user,repo,user:email...
2025-06-10 11:38:58.230 [info] Got 0 sessions for read:user,repo,user:email...
2025-06-10 11:38:59.347 [info] Getting sessions for all scopes...
2025-06-10 11:38:59.347 [info] Got 1 sessions for ...
2025-06-10 11:38:59.389 [info] Getting sessions for read:user,repo,user:email,workflow...
2025-06-10 11:38:59.389 [info] Got 1 sessions for read:user,repo,user:email,workflow...
2025-06-10 11:39:00.090 [info] Getting sessions for read:user,repo,user:email,workflow...
2025-06-10 11:39:00.090 [info] Got 1 sessions for read:user,repo,user:email,workflow...
2025-06-10 11:39:05.394 [info] Getting sessions for all scopes...
2025-06-10 11:39:05.394 [info] Got 1 sessions for ...
2025-06-10 11:39:05.397 [info] Getting sessions for read:user,repo,user:email,workflow...
2025-06-10 11:39:05.397 [info] Got 1 sessions for read:user,repo,user:email,workflow...
2025-06-10 11:39:05.998 [info] Getting sessions for all scopes...
2025-06-10 11:39:05.998 [info] Got 1 sessions for ...
2025-06-10 11:39:05.999 [info] Getting sessions for all scopes...
2025-06-10 11:39:05.999 [info] Got 1 sessions for ...
2025-06-10 11:39:06.042 [info] Getting sessions for read:user,repo,user:email,workflow...
2025-06-10 11:39:06.042 [info] Got 1 sessions for read:user,repo,user:email,workflow...
2025-06-10 11:39:06.048 [info] Getting sessions for all scopes...
2025-06-10 11:39:06.048 [info] Got 1 sessions for ...
2025-06-10 11:39:06.051 [info] Getting sessions for read:user,repo,user:email,workflow...
2025-06-10 11:39:06.051 [info] Got 1 sessions for read:user,repo,user:email,workflow...
2025-06-10 11:39:06.199 [info] Getting sessions for all scopes...
2025-06-10 11:39:06.199 [info] Got 1 sessions for ...
2025-06-10 11:39:06.210 [info] Getting sessions for read:user,repo,user:email,workflow...
2025-06-10 11:39:06.210 [info] Got 1 sessions for read:user,repo,user:email,workflow...
2025-06-10 11:39:06.222 [info] Getting sessions for all scopes...
2025-06-10 11:39:06.222 [info] Got 1 sessions for ...
2025-06-10 11:39:06.224 [info] Getting sessions for all scopes...
2025-06-10 11:39:06.224 [info] Got 1 sessions for ...
2025-06-10 11:39:09.299 [info] Getting sessions for all scopes...
2025-06-10 11:39:09.299 [info] Got 1 sessions for ...
2025-06-10 11:39:09.301 [info] Getting sessions for read:user,repo,user:email,workflow...
2025-06-10 11:39:09.301 [info] Got 1 sessions for read:user,repo,user:email,workflow...
2025-06-10 11:54:09.312 [info] Getting sessions for all scopes...
2025-06-10 11:54:09.316 [info] Got 1 sessions for ...
2025-06-10 11:54:09.323 [info] Getting sessions for read:user,repo,user:email,workflow...
2025-06-10 11:54:09.323 [info] Got 1 sessions for read:user,repo,user:email,workflow...
2025-06-10 12:09:09.334 [info] Getting sessions for all scopes...
2025-06-10 12:09:09.338 [info] Got 1 sessions for ...
2025-06-10 12:09:09.346 [info] Getting sessions for read:user,repo,user:email,workflow...
2025-06-10 12:09:09.346 [info] Got 1 sessions for read:user,repo,user:email,workflow...
2025-06-10 12:09:09.354 [info] Getting sessions for all scopes...
2025-06-10 12:09:09.354 [info] Got 1 sessions for ...
2025-06-10 12:09:09.361 [info] Getting sessions for read:user,repo,user:email,workflow...
2025-06-10 12:09:09.361 [info] Got 1 sessions for read:user,repo,user:email,workflow...
2025-06-10 12:09:10.766 [info] Getting sessions for all scopes...
2025-06-10 12:09:10.767 [info] Got 1 sessions for ...
2025-06-10 12:09:10.767 [info] Getting sessions for all scopes...
2025-06-10 12:09:10.767 [info] Got 1 sessions for ...
2025-06-10 12:09:10.771 [info] Getting sessions for read:user,repo,user:email,workflow...
2025-06-10 12:09:10.771 [info] Got 1 sessions for read:user,repo,user:email,workflow...
2025-06-10 12:09:10.774 [info] Getting sessions for all scopes...
2025-06-10 12:09:10.774 [info] Got 1 sessions for ...
2025-06-10 12:09:10.777 [info] Getting sessions for read:user,repo,user:email,workflow...
2025-06-10 12:09:10.777 [info] Got 1 sessions for read:user,repo,user:email,workflow...
2025-06-10 12:09:10.782 [info] Getting sessions for all scopes...
2025-06-10 12:09:10.782 [info] Got 1 sessions for ...
2025-06-10 12:09:10.785 [info] Getting sessions for read:user,repo,user:email,workflow...
2025-06-10 12:09:10.785 [info] Got 1 sessions for read:user,repo,user:email,workflow...
2025-06-10 12:24:10.799 [info] Getting sessions for all scopes...
2025-06-10 12:24:10.803 [info] Got 1 sessions for ...
2025-06-10 12:24:10.807 [info] Getting sessions for read:user,repo,user:email,workflow...
2025-06-10 12:24:10.807 [info] Got 1 sessions for read:user,repo,user:email,workflow...
2025-06-10 12:24:10.811 [info] Getting sessions for all scopes...
2025-06-10 12:24:10.811 [info] Got 1 sessions for ...
2025-06-10 12:24:10.814 [info] Getting sessions for read:user,repo,user:email,workflow...
2025-06-10 12:24:10.814 [info] Got 1 sessions for read:user,repo,user:email,workflow...
2025-06-10 12:39:23.610 [info] Getting sessions for all scopes...
2025-06-10 12:39:23.610 [info] Got 1 sessions for ...
2025-06-10 12:39:23.618 [info] Getting sessions for read:user,repo,user:email,workflow...
2025-06-10 12:39:23.618 [info] Got 1 sessions for read:user,repo,user:email,workflow...
2025-06-10 12:39:23.626 [info] Getting sessions for all scopes...
2025-06-10 12:39:23.626 [info] Got 1 sessions for ...
2025-06-10 12:39:23.635 [info] Getting sessions for read:user,repo,user:email,workflow...
2025-06-10 12:39:23.635 [info] Got 1 sessions for read:user,repo,user:email,workflow...
2025-06-10 12:39:28.786 [info] Getting sessions for all scopes...
2025-06-10 12:39:28.786 [info] Got 1 sessions for ...
2025-06-10 12:39:28.787 [info] Getting sessions for all scopes...
2025-06-10 12:39:28.787 [info] Got 1 sessions for ...
2025-06-10 12:39:28.794 [info] Getting sessions for read:user,repo,user:email,workflow...
2025-06-10 12:39:28.794 [info] Got 1 sessions for read:user,repo,user:email,workflow...
2025-06-10 12:39:28.801 [info] Getting sessions for all scopes...
2025-06-10 12:39:28.802 [info] Got 1 sessions for ...
2025-06-10 12:39:28.808 [info] Getting sessions for read:user,repo,user:email,workflow...
2025-06-10 12:39:28.808 [info] Got 1 sessions for read:user,repo,user:email,workflow...
2025-06-10 12:39:28.820 [info] Getting sessions for all scopes...
2025-06-10 12:39:28.820 [info] Got 1 sessions for ...
2025-06-10 12:39:28.827 [info] Getting sessions for read:user,repo,user:email,workflow...
2025-06-10 12:39:28.827 [info] Got 1 sessions for read:user,repo,user:email,workflow...
2025-06-10 12:54:28.851 [info] Getting sessions for all scopes...
2025-06-10 12:54:28.851 [info] Got 1 sessions for ...
2025-06-10 12:54:28.863 [info] Getting sessions for read:user,repo,user:email,workflow...
2025-06-10 12:54:28.863 [info] Got 1 sessions for read:user,repo,user:email,workflow...
2025-06-10 13:09:28.873 [info] Getting sessions for all scopes...
2025-06-10 13:09:28.873 [info] Got 1 sessions for ...
2025-06-10 13:09:28.880 [info] Getting sessions for read:user,repo,user:email,workflow...
2025-06-10 13:09:28.880 [info] Got 1 sessions for read:user,repo,user:email,workflow...
2025-06-10 13:09:28.888 [info] Getting sessions for all scopes...
2025-06-10 13:09:28.888 [info] Got 1 sessions for ...
2025-06-10 13:09:28.898 [info] Getting sessions for read:user,repo,user:email,workflow...
2025-06-10 13:09:28.899 [info] Got 1 sessions for read:user,repo,user:email,workflow...
2025-06-10 13:09:35.843 [info] Getting sessions for all scopes...
2025-06-10 13:09:35.843 [info] Got 1 sessions for ...
2025-06-10 13:09:35.844 [info] Getting sessions for all scopes...
2025-06-10 13:09:35.844 [info] Got 1 sessions for ...
2025-06-10 13:09:35.853 [info] Getting sessions for read:user,repo,user:email,workflow...
2025-06-10 13:09:35.853 [info] Got 1 sessions for read:user,repo,user:email,workflow...
2025-06-10 13:09:35.865 [info] Getting sessions for all scopes...
2025-06-10 13:09:35.865 [info] Got 1 sessions for ...
2025-06-10 13:09:35.874 [info] Getting sessions for read:user,repo,user:email,workflow...
2025-06-10 13:09:35.874 [info] Got 1 sessions for read:user,repo,user:email,workflow...
2025-06-10 13:09:35.887 [info] Getting sessions for all scopes...
2025-06-10 13:09:35.887 [info] Got 1 sessions for ...
2025-06-10 13:09:35.893 [info] Getting sessions for read:user,repo,user:email,workflow...
2025-06-10 13:09:35.894 [info] Got 1 sessions for read:user,repo,user:email,workflow...
2025-06-10 13:24:35.918 [info] Getting sessions for all scopes...
2025-06-10 13:24:35.918 [info] Got 1 sessions for ...
2025-06-10 13:24:35.931 [info] Getting sessions for read:user,repo,user:email,workflow...
2025-06-10 13:24:35.932 [info] Got 1 sessions for read:user,repo,user:email,workflow...
2025-06-10 13:39:35.943 [info] Getting sessions for all scopes...
2025-06-10 13:39:35.943 [info] Got 1 sessions for ...
2025-06-10 13:39:35.951 [info] Getting sessions for read:user,repo,user:email,workflow...
2025-06-10 13:39:35.951 [info] Got 1 sessions for read:user,repo,user:email,workflow...
2025-06-10 13:39:35.958 [info] Getting sessions for all scopes...
2025-06-10 13:39:35.958 [info] Got 1 sessions for ...
2025-06-10 13:39:35.966 [info] Getting sessions for read:user,repo,user:email,workflow...
2025-06-10 13:39:35.966 [info] Got 1 sessions for read:user,repo,user:email,workflow...
2025-06-10 13:39:38.741 [info] Getting sessions for all scopes...
2025-06-10 13:39:38.741 [info] Got 1 sessions for ...
2025-06-10 13:39:38.742 [info] Getting sessions for all scopes...
2025-06-10 13:39:38.742 [info] Got 1 sessions for ...
2025-06-10 13:39:38.747 [info] Getting sessions for read:user,repo,user:email,workflow...
2025-06-10 13:39:38.747 [info] Got 1 sessions for read:user,repo,user:email,workflow...
2025-06-10 13:39:38.755 [info] Getting sessions for all scopes...
2025-06-10 13:39:38.755 [info] Got 1 sessions for ...
2025-06-10 13:39:38.761 [info] Getting sessions for read:user,repo,user:email,workflow...
2025-06-10 13:39:38.761 [info] Got 1 sessions for read:user,repo,user:email,workflow...
2025-06-10 13:39:38.773 [info] Getting sessions for all scopes...
2025-06-10 13:39:38.773 [info] Got 1 sessions for ...
2025-06-10 13:39:38.779 [info] Getting sessions for read:user,repo,user:email,workflow...
2025-06-10 13:39:38.779 [info] Got 1 sessions for read:user,repo,user:email,workflow...
2025-06-10 13:54:38.802 [info] Getting sessions for all scopes...
2025-06-10 13:54:38.802 [info] Got 1 sessions for ...
2025-06-10 13:54:38.809 [info] Getting sessions for read:user,repo,user:email,workflow...
2025-06-10 13:54:38.809 [info] Got 1 sessions for read:user,repo,user:email,workflow...
2025-06-10 14:09:38.821 [info] Getting sessions for all scopes...
2025-06-10 14:09:38.821 [info] Got 1 sessions for ...
2025-06-10 14:09:38.829 [info] Getting sessions for read:user,repo,user:email,workflow...
2025-06-10 14:09:38.829 [info] Got 1 sessions for read:user,repo,user:email,workflow...
2025-06-10 14:09:38.838 [info] Getting sessions for all scopes...
2025-06-10 14:09:38.838 [info] Got 1 sessions for ...
2025-06-10 14:09:38.845 [info] Getting sessions for read:user,repo,user:email,workflow...
2025-06-10 14:09:38.845 [info] Got 1 sessions for read:user,repo,user:email,workflow...
2025-06-10 14:09:44.077 [info] Getting sessions for all scopes...
2025-06-10 14:09:44.077 [info] Got 1 sessions for ...
2025-06-10 14:09:44.079 [info] Getting sessions for all scopes...
2025-06-10 14:09:44.079 [info] Got 1 sessions for ...
2025-06-10 14:09:44.085 [info] Getting sessions for read:user,repo,user:email,workflow...
2025-06-10 14:09:44.085 [info] Got 1 sessions for read:user,repo,user:email,workflow...
2025-06-10 14:09:44.092 [info] Getting sessions for all scopes...
2025-06-10 14:09:44.093 [info] Got 1 sessions for ...
2025-06-10 14:09:44.099 [info] Getting sessions for read:user,repo,user:email,workflow...
2025-06-10 14:09:44.099 [info] Got 1 sessions for read:user,repo,user:email,workflow...
2025-06-10 14:09:44.122 [info] Getting sessions for all scopes...
2025-06-10 14:09:44.122 [info] Got 1 sessions for ...
2025-06-10 14:09:44.131 [info] Getting sessions for read:user,repo,user:email,workflow...
2025-06-10 14:09:44.131 [info] Got 1 sessions for read:user,repo,user:email,workflow...
2025-06-10 14:24:44.154 [info] Getting sessions for all scopes...
2025-06-10 14:24:44.154 [info] Got 1 sessions for ...
2025-06-10 14:24:44.162 [info] Getting sessions for read:user,repo,user:email,workflow...
2025-06-10 14:24:44.162 [info] Got 1 sessions for read:user,repo,user:email,workflow...
2025-06-10 14:39:44.172 [info] Getting sessions for all scopes...
2025-06-10 14:39:44.172 [info] Got 1 sessions for ...
2025-06-10 14:39:44.178 [info] Getting sessions for read:user,repo,user:email,workflow...
2025-06-10 14:39:44.178 [info] Got 1 sessions for read:user,repo,user:email,workflow...
2025-06-10 14:39:44.184 [info] Getting sessions for all scopes...
2025-06-10 14:39:44.184 [info] Got 1 sessions for ...
2025-06-10 14:39:44.189 [info] Getting sessions for read:user,repo,user:email,workflow...
2025-06-10 14:39:44.189 [info] Got 1 sessions for read:user,repo,user:email,workflow...
2025-06-10 14:39:46.624 [info] Getting sessions for all scopes...
2025-06-10 14:39:46.624 [info] Got 1 sessions for ...
2025-06-10 14:39:46.625 [info] Getting sessions for all scopes...
2025-06-10 14:39:46.625 [info] Got 1 sessions for ...
2025-06-10 14:39:46.629 [info] Getting sessions for read:user,repo,user:email,workflow...
2025-06-10 14:39:46.629 [info] Got 1 sessions for read:user,repo,user:email,workflow...
2025-06-10 14:39:46.635 [info] Getting sessions for all scopes...
2025-06-10 14:39:46.635 [info] Got 1 sessions for ...
2025-06-10 14:39:46.640 [info] Getting sessions for read:user,repo,user:email,workflow...
2025-06-10 14:39:46.640 [info] Got 1 sessions for read:user,repo,user:email,workflow...
2025-06-10 14:39:46.650 [info] Getting sessions for all scopes...
2025-06-10 14:39:46.650 [info] Got 1 sessions for ...
2025-06-10 14:39:46.655 [info] Getting sessions for read:user,repo,user:email,workflow...
2025-06-10 14:39:46.655 [info] Got 1 sessions for read:user,repo,user:email,workflow...
2025-06-10 14:54:46.672 [info] Getting sessions for all scopes...
2025-06-10 14:54:46.672 [info] Got 1 sessions for ...
2025-06-10 14:54:46.677 [info] Getting sessions for read:user,repo,user:email,workflow...
2025-06-10 14:54:46.677 [info] Got 1 sessions for read:user,repo,user:email,workflow...
2025-06-10 15:09:46.684 [info] Getting sessions for all scopes...
2025-06-10 15:09:46.684 [info] Got 1 sessions for ...
2025-06-10 15:09:46.690 [info] Getting sessions for read:user,repo,user:email,workflow...
2025-06-10 15:09:46.690 [info] Got 1 sessions for read:user,repo,user:email,workflow...
2025-06-10 15:09:46.696 [info] Getting sessions for all scopes...
2025-06-10 15:09:46.696 [info] Got 1 sessions for ...
2025-06-10 15:09:46.701 [info] Getting sessions for read:user,repo,user:email,workflow...
2025-06-10 15:09:46.701 [info] Got 1 sessions for read:user,repo,user:email,workflow...
2025-06-10 15:09:48.685 [info] Getting sessions for all scopes...
2025-06-10 15:09:48.685 [info] Got 1 sessions for ...
2025-06-10 15:09:48.687 [info] Getting sessions for all scopes...
2025-06-10 15:09:48.687 [info] Got 1 sessions for ...
2025-06-10 15:09:48.692 [info] Getting sessions for read:user,repo,user:email,workflow...
2025-06-10 15:09:48.692 [info] Got 1 sessions for read:user,repo,user:email,workflow...
2025-06-10 15:09:48.698 [info] Getting sessions for all scopes...
2025-06-10 15:09:48.698 [info] Got 1 sessions for ...
2025-06-10 15:09:48.704 [info] Getting sessions for read:user,repo,user:email,workflow...
2025-06-10 15:09:48.705 [info] Got 1 sessions for read:user,repo,user:email,workflow...
2025-06-10 15:09:48.715 [info] Getting sessions for all scopes...
2025-06-10 15:09:48.715 [info] Got 1 sessions for ...
2025-06-10 15:09:48.721 [info] Getting sessions for read:user,repo,user:email,workflow...
2025-06-10 15:09:48.721 [info] Got 1 sessions for read:user,repo,user:email,workflow...
2025-06-10 15:24:48.740 [info] Getting sessions for all scopes...
2025-06-10 15:24:48.740 [info] Got 1 sessions for ...
2025-06-10 15:24:48.746 [info] Getting sessions for read:user,repo,user:email,workflow...
2025-06-10 15:24:48.746 [info] Got 1 sessions for read:user,repo,user:email,workflow...
2025-06-10 15:39:48.754 [info] Getting sessions for all scopes...
2025-06-10 15:39:48.755 [info] Got 1 sessions for ...
2025-06-10 15:39:48.760 [info] Getting sessions for read:user,repo,user:email,workflow...
2025-06-10 15:39:48.760 [info] Got 1 sessions for read:user,repo,user:email,workflow...
2025-06-10 15:39:48.765 [info] Getting sessions for all scopes...
2025-06-10 15:39:48.765 [info] Got 1 sessions for ...
2025-06-10 15:39:48.770 [info] Getting sessions for read:user,repo,user:email,workflow...
2025-06-10 15:39:48.771 [info] Got 1 sessions for read:user,repo,user:email,workflow...
2025-06-10 15:39:50.508 [info] Getting sessions for all scopes...
2025-06-10 15:39:50.509 [info] Got 1 sessions for ...
2025-06-10 15:39:50.510 [info] Getting sessions for all scopes...
2025-06-10 15:39:50.510 [info] Got 1 sessions for ...
2025-06-10 15:39:50.515 [info] Getting sessions for read:user,repo,user:email,workflow...
2025-06-10 15:39:50.515 [info] Got 1 sessions for read:user,repo,user:email,workflow...
2025-06-10 15:39:50.521 [info] Getting sessions for all scopes...
2025-06-10 15:39:50.521 [info] Got 1 sessions for ...
2025-06-10 15:39:50.527 [info] Getting sessions for read:user,repo,user:email,workflow...
2025-06-10 15:39:50.527 [info] Got 1 sessions for read:user,repo,user:email,workflow...
2025-06-10 15:39:50.539 [info] Getting sessions for all scopes...
2025-06-10 15:39:50.539 [info] Got 1 sessions for ...
2025-06-10 15:39:50.544 [info] Getting sessions for read:user,repo,user:email,workflow...
2025-06-10 15:39:50.545 [info] Got 1 sessions for read:user,repo,user:email,workflow...
2025-06-10 15:54:50.559 [info] Getting sessions for all scopes...
2025-06-10 15:54:50.559 [info] Got 1 sessions for ...
2025-06-10 15:54:50.564 [info] Getting sessions for read:user,repo,user:email,workflow...
2025-06-10 15:54:50.564 [info] Got 1 sessions for read:user,repo,user:email,workflow...
2025-06-10 16:09:50.572 [info] Getting sessions for all scopes...
2025-06-10 16:09:50.572 [info] Got 1 sessions for ...
2025-06-10 16:09:50.577 [info] Getting sessions for read:user,repo,user:email,workflow...
2025-06-10 16:09:50.577 [info] Got 1 sessions for read:user,repo,user:email,workflow...
2025-06-10 16:09:50.583 [info] Getting sessions for all scopes...
2025-06-10 16:09:50.583 [info] Got 1 sessions for ...
2025-06-10 16:09:50.588 [info] Getting sessions for read:user,repo,user:email,workflow...
2025-06-10 16:09:50.588 [info] Got 1 sessions for read:user,repo,user:email,workflow...
2025-06-10 16:09:53.667 [info] Getting sessions for all scopes...
2025-06-10 16:09:53.667 [info] Got 1 sessions for ...
2025-06-10 16:09:53.667 [info] Getting sessions for all scopes...
2025-06-10 16:09:53.668 [info] Got 1 sessions for ...
2025-06-10 16:09:53.672 [info] Getting sessions for read:user,repo,user:email,workflow...
2025-06-10 16:09:53.673 [info] Got 1 sessions for read:user,repo,user:email,workflow...
2025-06-10 16:09:53.679 [info] Getting sessions for all scopes...
2025-06-10 16:09:53.679 [info] Got 1 sessions for ...
2025-06-10 16:09:53.685 [info] Getting sessions for read:user,repo,user:email,workflow...
2025-06-10 16:09:53.685 [info] Got 1 sessions for read:user,repo,user:email,workflow...
2025-06-10 16:09:53.697 [info] Getting sessions for all scopes...
2025-06-10 16:09:53.697 [info] Got 1 sessions for ...
2025-06-10 16:09:53.704 [info] Getting sessions for read:user,repo,user:email,workflow...
2025-06-10 16:09:53.704 [info] Got 1 sessions for read:user,repo,user:email,workflow...
2025-06-10 16:24:53.724 [info] Getting sessions for all scopes...
2025-06-10 16:24:53.724 [info] Got 1 sessions for ...
2025-06-10 16:24:53.729 [info] Getting sessions for read:user,repo,user:email,workflow...
2025-06-10 16:24:53.730 [info] Got 1 sessions for read:user,repo,user:email,workflow...
2025-06-10 16:39:53.741 [info] Getting sessions for all scopes...
2025-06-10 16:39:53.742 [info] Got 1 sessions for ...
2025-06-10 16:39:53.747 [info] Getting sessions for read:user,repo,user:email,workflow...
2025-06-10 16:39:53.748 [info] Got 1 sessions for read:user,repo,user:email,workflow...
2025-06-10 16:39:53.754 [info] Getting sessions for all scopes...
2025-06-10 16:39:53.754 [info] Got 1 sessions for ...
2025-06-10 16:39:53.759 [info] Getting sessions for read:user,repo,user:email,workflow...
2025-06-10 16:39:53.760 [info] Got 1 sessions for read:user,repo,user:email,workflow...
2025-06-10 16:39:55.390 [info] Getting sessions for all scopes...
2025-06-10 16:39:55.390 [info] Got 1 sessions for ...
2025-06-10 16:39:55.392 [info] Getting sessions for all scopes...
2025-06-10 16:39:55.392 [info] Got 1 sessions for ...
2025-06-10 16:39:55.397 [info] Getting sessions for read:user,repo,user:email,workflow...
2025-06-10 16:39:55.397 [info] Got 1 sessions for read:user,repo,user:email,workflow...
2025-06-10 16:39:55.403 [info] Getting sessions for all scopes...
2025-06-10 16:39:55.403 [info] Got 1 sessions for ...
2025-06-10 16:39:55.409 [info] Getting sessions for read:user,repo,user:email,workflow...
2025-06-10 16:39:55.409 [info] Got 1 sessions for read:user,repo,user:email,workflow...
2025-06-10 16:39:55.418 [info] Getting sessions for all scopes...
2025-06-10 16:39:55.418 [info] Got 1 sessions for ...
2025-06-10 16:39:55.424 [info] Getting sessions for read:user,repo,user:email,workflow...
2025-06-10 16:39:55.424 [info] Got 1 sessions for read:user,repo,user:email,workflow...
2025-06-10 16:54:55.438 [info] Getting sessions for all scopes...
2025-06-10 16:54:55.438 [info] Got 1 sessions for ...
2025-06-10 16:54:55.444 [info] Getting sessions for read:user,repo,user:email,workflow...
2025-06-10 16:54:55.444 [info] Got 1 sessions for read:user,repo,user:email,workflow...
2025-06-10 17:09:55.453 [info] Getting sessions for all scopes...
2025-06-10 17:09:55.453 [info] Got 1 sessions for ...
2025-06-10 17:09:55.459 [info] Getting sessions for read:user,repo,user:email,workflow...
2025-06-10 17:09:55.459 [info] Got 1 sessions for read:user,repo,user:email,workflow...
2025-06-10 17:09:55.465 [info] Getting sessions for all scopes...
2025-06-10 17:09:55.465 [info] Got 1 sessions for ...
2025-06-10 17:09:55.471 [info] Getting sessions for read:user,repo,user:email,workflow...
2025-06-10 17:09:55.471 [info] Got 1 sessions for read:user,repo,user:email,workflow...
2025-06-10 17:09:59.472 [info] Getting sessions for all scopes...
2025-06-10 17:09:59.473 [info] Got 1 sessions for ...
2025-06-10 17:09:59.474 [info] Getting sessions for all scopes...
2025-06-10 17:09:59.474 [info] Got 1 sessions for ...
2025-06-10 17:09:59.479 [info] Getting sessions for read:user,repo,user:email,workflow...
2025-06-10 17:09:59.479 [info] Got 1 sessions for read:user,repo,user:email,workflow...
2025-06-10 17:09:59.485 [info] Getting sessions for all scopes...
2025-06-10 17:09:59.485 [info] Got 1 sessions for ...
2025-06-10 17:09:59.491 [info] Getting sessions for read:user,repo,user:email,workflow...
2025-06-10 17:09:59.491 [info] Got 1 sessions for read:user,repo,user:email,workflow...
2025-06-10 17:09:59.501 [info] Getting sessions for all scopes...
2025-06-10 17:09:59.501 [info] Got 1 sessions for ...
2025-06-10 17:09:59.507 [info] Getting sessions for read:user,repo,user:email,workflow...
2025-06-10 17:09:59.507 [info] Got 1 sessions for read:user,repo,user:email,workflow...
2025-06-10 17:24:59.526 [info] Getting sessions for all scopes...
2025-06-10 17:24:59.526 [info] Got 1 sessions for ...
2025-06-10 17:24:59.531 [info] Getting sessions for read:user,repo,user:email,workflow...
2025-06-10 17:24:59.532 [info] Got 1 sessions for read:user,repo,user:email,workflow...
2025-06-10 17:39:59.539 [info] Getting sessions for all scopes...
2025-06-10 17:39:59.539 [info] Got 1 sessions for ...
2025-06-10 17:39:59.544 [info] Getting sessions for read:user,repo,user:email,workflow...
2025-06-10 17:39:59.544 [info] Got 1 sessions for read:user,repo,user:email,workflow...
2025-06-10 17:39:59.550 [info] Getting sessions for all scopes...
2025-06-10 17:39:59.550 [info] Got 1 sessions for ...
2025-06-10 17:39:59.555 [info] Getting sessions for read:user,repo,user:email,workflow...
2025-06-10 17:39:59.556 [info] Got 1 sessions for read:user,repo,user:email,workflow...
2025-06-10 17:40:01.308 [info] Getting sessions for all scopes...
2025-06-10 17:40:01.308 [info] Got 1 sessions for ...
2025-06-10 17:40:01.309 [info] Getting sessions for all scopes...
2025-06-10 17:40:01.309 [info] Got 1 sessions for ...
2025-06-10 17:40:01.314 [info] Getting sessions for read:user,repo,user:email,workflow...
2025-06-10 17:40:01.314 [info] Got 1 sessions for read:user,repo,user:email,workflow...
2025-06-10 17:40:01.320 [info] Getting sessions for all scopes...
2025-06-10 17:40:01.320 [info] Got 1 sessions for ...
2025-06-10 17:40:01.326 [info] Getting sessions for read:user,repo,user:email,workflow...
2025-06-10 17:40:01.326 [info] Got 1 sessions for read:user,repo,user:email,workflow...
2025-06-10 17:40:01.336 [info] Getting sessions for all scopes...
2025-06-10 17:40:01.336 [info] Got 1 sessions for ...
2025-06-10 17:40:01.342 [info] Getting sessions for read:user,repo,user:email,workflow...
2025-06-10 17:40:01.342 [info] Got 1 sessions for read:user,repo,user:email,workflow...
2025-06-10 17:55:01.356 [info] Getting sessions for all scopes...
2025-06-10 17:55:01.356 [info] Got 1 sessions for ...
2025-06-10 17:55:01.361 [info] Getting sessions for read:user,repo,user:email,workflow...
2025-06-10 17:55:01.361 [info] Got 1 sessions for read:user,repo,user:email,workflow...
2025-06-10 18:10:01.368 [info] Getting sessions for all scopes...
2025-06-10 18:10:01.368 [info] Got 1 sessions for ...
2025-06-10 18:10:01.374 [info] Getting sessions for read:user,repo,user:email,workflow...
2025-06-10 18:10:01.374 [info] Got 1 sessions for read:user,repo,user:email,workflow...
2025-06-10 18:10:01.380 [info] Getting sessions for all scopes...
2025-06-10 18:10:01.380 [info] Got 1 sessions for ...
2025-06-10 18:10:01.385 [info] Getting sessions for read:user,repo,user:email,workflow...
2025-06-10 18:10:01.385 [info] Got 1 sessions for read:user,repo,user:email,workflow...
2025-06-10 18:10:02.880 [info] Getting sessions for all scopes...
2025-06-10 18:10:02.880 [info] Got 1 sessions for ...
2025-06-10 18:10:02.881 [info] Getting sessions for all scopes...
2025-06-10 18:10:02.881 [info] Got 1 sessions for ...
2025-06-10 18:10:02.886 [info] Getting sessions for read:user,repo,user:email,workflow...
2025-06-10 18:10:02.886 [info] Got 1 sessions for read:user,repo,user:email,workflow...
2025-06-10 18:10:02.892 [info] Getting sessions for all scopes...
2025-06-10 18:10:02.892 [info] Got 1 sessions for ...
2025-06-10 18:10:02.898 [info] Getting sessions for read:user,repo,user:email,workflow...
2025-06-10 18:10:02.898 [info] Got 1 sessions for read:user,repo,user:email,workflow...
2025-06-10 18:10:02.909 [info] Getting sessions for all scopes...
2025-06-10 18:10:02.909 [info] Got 1 sessions for ...
2025-06-10 18:10:02.914 [info] Getting sessions for read:user,repo,user:email,workflow...
2025-06-10 18:10:02.914 [info] Got 1 sessions for read:user,repo,user:email,workflow...
2025-06-10 18:25:02.931 [info] Getting sessions for all scopes...
2025-06-10 18:25:02.931 [info] Got 1 sessions for ...
2025-06-10 18:25:02.937 [info] Getting sessions for read:user,repo,user:email,workflow...
2025-06-10 18:25:02.937 [info] Got 1 sessions for read:user,repo,user:email,workflow...
2025-06-10 18:40:02.946 [info] Getting sessions for all scopes...
2025-06-10 18:40:02.947 [info] Got 1 sessions for ...
2025-06-10 18:40:02.952 [info] Getting sessions for read:user,repo,user:email,workflow...
2025-06-10 18:40:02.952 [info] Got 1 sessions for read:user,repo,user:email,workflow...
2025-06-10 18:40:02.959 [info] Getting sessions for all scopes...
2025-06-10 18:40:02.959 [info] Got 1 sessions for ...
2025-06-10 18:40:02.965 [info] Getting sessions for read:user,repo,user:email,workflow...
2025-06-10 18:40:02.965 [info] Got 1 sessions for read:user,repo,user:email,workflow...
2025-06-10 18:40:04.380 [info] Getting sessions for all scopes...
2025-06-10 18:40:04.381 [info] Got 1 sessions for ...
2025-06-10 18:40:04.381 [info] Getting sessions for all scopes...
2025-06-10 18:40:04.382 [info] Got 1 sessions for ...
2025-06-10 18:40:04.386 [info] Getting sessions for read:user,repo,user:email,workflow...
2025-06-10 18:40:04.386 [info] Got 1 sessions for read:user,repo,user:email,workflow...
2025-06-10 18:40:04.392 [info] Getting sessions for all scopes...
2025-06-10 18:40:04.392 [info] Got 1 sessions for ...
2025-06-10 18:40:04.398 [info] Getting sessions for read:user,repo,user:email,workflow...
2025-06-10 18:40:04.398 [info] Got 1 sessions for read:user,repo,user:email,workflow...
2025-06-10 18:40:04.408 [info] Getting sessions for all scopes...
2025-06-10 18:40:04.408 [info] Got 1 sessions for ...
2025-06-10 18:40:04.413 [info] Getting sessions for read:user,repo,user:email,workflow...
2025-06-10 18:40:04.413 [info] Got 1 sessions for read:user,repo,user:email,workflow...
2025-06-10 18:55:04.429 [info] Getting sessions for all scopes...
2025-06-10 18:55:04.429 [info] Got 1 sessions for ...
2025-06-10 18:55:04.435 [info] Getting sessions for read:user,repo,user:email,workflow...
2025-06-10 18:55:04.435 [info] Got 1 sessions for read:user,repo,user:email,workflow...
2025-06-10 19:10:04.444 [info] Getting sessions for all scopes...
2025-06-10 19:10:04.444 [info] Got 1 sessions for ...
2025-06-10 19:10:04.449 [info] Getting sessions for read:user,repo,user:email,workflow...
2025-06-10 19:10:04.450 [info] Got 1 sessions for read:user,repo,user:email,workflow...
2025-06-10 19:10:04.456 [info] Getting sessions for all scopes...
2025-06-10 19:10:04.456 [info] Got 1 sessions for ...
2025-06-10 19:10:04.462 [info] Getting sessions for read:user,repo,user:email,workflow...
2025-06-10 19:10:04.462 [info] Got 1 sessions for read:user,repo,user:email,workflow...
2025-06-10 19:10:05.920 [info] Getting sessions for all scopes...
2025-06-10 19:10:05.920 [info] Got 1 sessions for ...
2025-06-10 19:10:05.921 [info] Getting sessions for all scopes...
2025-06-10 19:10:05.921 [info] Got 1 sessions for ...
2025-06-10 19:10:05.925 [info] Getting sessions for read:user,repo,user:email,workflow...
2025-06-10 19:10:05.926 [info] Got 1 sessions for read:user,repo,user:email,workflow...
2025-06-10 19:10:05.932 [info] Getting sessions for all scopes...
2025-06-10 19:10:05.932 [info] Got 1 sessions for ...
2025-06-10 19:10:05.938 [info] Getting sessions for read:user,repo,user:email,workflow...
2025-06-10 19:10:05.938 [info] Got 1 sessions for read:user,repo,user:email,workflow...
2025-06-10 19:10:05.949 [info] Getting sessions for all scopes...
2025-06-10 19:10:05.950 [info] Got 1 sessions for ...
2025-06-10 19:10:05.955 [info] Getting sessions for read:user,repo,user:email,workflow...
2025-06-10 19:10:05.955 [info] Got 1 sessions for read:user,repo,user:email,workflow...
2025-06-10 19:25:05.973 [info] Getting sessions for all scopes...
2025-06-10 19:25:05.973 [info] Got 1 sessions for ...
2025-06-10 19:25:05.979 [info] Getting sessions for read:user,repo,user:email,workflow...
2025-06-10 19:25:05.979 [info] Got 1 sessions for read:user,repo,user:email,workflow...
2025-06-10 19:40:05.987 [info] Getting sessions for all scopes...
2025-06-10 19:40:05.987 [info] Got 1 sessions for ...
2025-06-10 19:40:05.993 [info] Getting sessions for read:user,repo,user:email,workflow...
2025-06-10 19:40:05.994 [info] Got 1 sessions for read:user,repo,user:email,workflow...
2025-06-10 19:40:06.000 [info] Getting sessions for all scopes...
2025-06-10 19:40:06.000 [info] Got 1 sessions for ...
2025-06-10 19:40:06.006 [info] Getting sessions for read:user,repo,user:email,workflow...
2025-06-10 19:40:06.006 [info] Got 1 sessions for read:user,repo,user:email,workflow...
2025-06-10 19:40:07.662 [info] Getting sessions for all scopes...
2025-06-10 19:40:07.662 [info] Got 1 sessions for ...
2025-06-10 19:40:07.663 [info] Getting sessions for all scopes...
2025-06-10 19:40:07.664 [info] Got 1 sessions for ...
2025-06-10 19:40:07.669 [info] Getting sessions for read:user,repo,user:email,workflow...
2025-06-10 19:40:07.669 [info] Got 1 sessions for read:user,repo,user:email,workflow...
2025-06-10 19:40:07.675 [info] Getting sessions for all scopes...
2025-06-10 19:40:07.675 [info] Got 1 sessions for ...
2025-06-10 19:40:07.681 [info] Getting sessions for read:user,repo,user:email,workflow...
2025-06-10 19:40:07.682 [info] Got 1 sessions for read:user,repo,user:email,workflow...
2025-06-10 19:40:07.692 [info] Getting sessions for all scopes...
2025-06-10 19:40:07.692 [info] Got 1 sessions for ...
2025-06-10 19:40:07.698 [info] Getting sessions for read:user,repo,user:email,workflow...
2025-06-10 19:40:07.698 [info] Got 1 sessions for read:user,repo,user:email,workflow...
2025-06-10 19:55:07.715 [info] Getting sessions for all scopes...
2025-06-10 19:55:07.715 [info] Got 1 sessions for ...
2025-06-10 19:55:07.721 [info] Getting sessions for read:user,repo,user:email,workflow...
2025-06-10 19:55:07.721 [info] Got 1 sessions for read:user,repo,user:email,workflow...
2025-06-10 20:10:07.729 [info] Getting sessions for all scopes...
2025-06-10 20:10:07.729 [info] Got 1 sessions for ...
2025-06-10 20:10:07.735 [info] Getting sessions for read:user,repo,user:email,workflow...
2025-06-10 20:10:07.735 [info] Got 1 sessions for read:user,repo,user:email,workflow...
2025-06-10 20:10:07.741 [info] Getting sessions for all scopes...
2025-06-10 20:10:07.741 [info] Got 1 sessions for ...
2025-06-10 20:10:07.747 [info] Getting sessions for read:user,repo,user:email,workflow...
2025-06-10 20:10:07.747 [info] Got 1 sessions for read:user,repo,user:email,workflow...
2025-06-10 20:10:09.291 [info] Getting sessions for all scopes...
2025-06-10 20:10:09.292 [info] Got 1 sessions for ...
2025-06-10 20:10:09.293 [info] Getting sessions for all scopes...
2025-06-10 20:10:09.293 [info] Got 1 sessions for ...
2025-06-10 20:10:09.298 [info] Getting sessions for read:user,repo,user:email,workflow...
2025-06-10 20:10:09.298 [info] Got 1 sessions for read:user,repo,user:email,workflow...
2025-06-10 20:10:09.304 [info] Getting sessions for all scopes...
2025-06-10 20:10:09.304 [info] Got 1 sessions for ...
2025-06-10 20:10:09.310 [info] Getting sessions for read:user,repo,user:email,workflow...
2025-06-10 20:10:09.310 [info] Got 1 sessions for read:user,repo,user:email,workflow...
2025-06-10 20:10:09.320 [info] Getting sessions for all scopes...
2025-06-10 20:10:09.320 [info] Got 1 sessions for ...
2025-06-10 20:10:09.325 [info] Getting sessions for read:user,repo,user:email,workflow...
2025-06-10 20:10:09.325 [info] Got 1 sessions for read:user,repo,user:email,workflow...
2025-06-10 20:25:09.343 [info] Getting sessions for all scopes...
2025-06-10 20:25:09.343 [info] Got 1 sessions for ...
2025-06-10 20:25:09.348 [info] Getting sessions for read:user,repo,user:email,workflow...
2025-06-10 20:25:09.348 [info] Got 1 sessions for read:user,repo,user:email,workflow...
2025-06-10 20:40:09.356 [info] Getting sessions for all scopes...
2025-06-10 20:40:09.356 [info] Got 1 sessions for ...
2025-06-10 20:40:09.362 [info] Getting sessions for read:user,repo,user:email,workflow...
2025-06-10 20:40:09.362 [info] Got 1 sessions for read:user,repo,user:email,workflow...
2025-06-10 20:40:09.368 [info] Getting sessions for all scopes...
2025-06-10 20:40:09.368 [info] Got 1 sessions for ...
2025-06-10 20:40:09.374 [info] Getting sessions for read:user,repo,user:email,workflow...
2025-06-10 20:40:09.374 [info] Got 1 sessions for read:user,repo,user:email,workflow...
2025-06-10 20:40:10.787 [info] Getting sessions for all scopes...
2025-06-10 20:40:10.787 [info] Got 1 sessions for ...
2025-06-10 20:40:10.788 [info] Getting sessions for all scopes...
2025-06-10 20:40:10.788 [info] Got 1 sessions for ...
2025-06-10 20:40:10.793 [info] Getting sessions for read:user,repo,user:email,workflow...
2025-06-10 20:40:10.793 [info] Got 1 sessions for read:user,repo,user:email,workflow...
2025-06-10 20:40:10.799 [info] Getting sessions for all scopes...
2025-06-10 20:40:10.799 [info] Got 1 sessions for ...
2025-06-10 20:40:10.805 [info] Getting sessions for read:user,repo,user:email,workflow...
2025-06-10 20:40:10.805 [info] Got 1 sessions for read:user,repo,user:email,workflow...
2025-06-10 20:40:10.814 [info] Getting sessions for all scopes...
2025-06-10 20:40:10.814 [info] Got 1 sessions for ...
2025-06-10 20:40:10.820 [info] Getting sessions for read:user,repo,user:email,workflow...
2025-06-10 20:40:10.820 [info] Got 1 sessions for read:user,repo,user:email,workflow...
2025-06-10 20:55:10.838 [info] Getting sessions for all scopes...
2025-06-10 20:55:10.838 [info] Got 1 sessions for ...
2025-06-10 20:55:10.844 [info] Getting sessions for read:user,repo,user:email,workflow...
2025-06-10 20:55:10.844 [info] Got 1 sessions for read:user,repo,user:email,workflow...
2025-06-10 21:10:10.853 [info] Getting sessions for all scopes...
2025-06-10 21:10:10.853 [info] Got 1 sessions for ...
2025-06-10 21:10:10.858 [info] Getting sessions for read:user,repo,user:email,workflow...
2025-06-10 21:10:10.859 [info] Got 1 sessions for read:user,repo,user:email,workflow...
2025-06-10 21:10:10.865 [info] Getting sessions for all scopes...
2025-06-10 21:10:10.865 [info] Got 1 sessions for ...
2025-06-10 21:10:10.871 [info] Getting sessions for read:user,repo,user:email,workflow...
2025-06-10 21:10:10.871 [info] Got 1 sessions for read:user,repo,user:email,workflow...
2025-06-10 21:10:12.097 [info] Getting sessions for all scopes...
2025-06-10 21:10:12.097 [info] Got 1 sessions for ...
2025-06-10 21:10:12.098 [info] Getting sessions for all scopes...
2025-06-10 21:10:12.098 [info] Got 1 sessions for ...
2025-06-10 21:10:12.103 [info] Getting sessions for read:user,repo,user:email,workflow...
2025-06-10 21:10:12.104 [info] Got 1 sessions for read:user,repo,user:email,workflow...
2025-06-10 21:10:12.110 [info] Getting sessions for all scopes...
2025-06-10 21:10:12.110 [info] Got 1 sessions for ...
2025-06-10 21:10:12.116 [info] Getting sessions for read:user,repo,user:email,workflow...
2025-06-10 21:10:12.116 [info] Got 1 sessions for read:user,repo,user:email,workflow...
2025-06-10 21:10:12.125 [info] Getting sessions for all scopes...
2025-06-10 21:10:12.125 [info] Got 1 sessions for ...
2025-06-10 21:10:12.131 [info] Getting sessions for read:user,repo,user:email,workflow...
2025-06-10 21:10:12.131 [info] Got 1 sessions for read:user,repo,user:email,workflow...
2025-06-10 21:25:12.149 [info] Getting sessions for all scopes...
2025-06-10 21:25:12.149 [info] Got 1 sessions for ...
2025-06-10 21:25:12.155 [info] Getting sessions for read:user,repo,user:email,workflow...
2025-06-10 21:25:12.155 [info] Got 1 sessions for read:user,repo,user:email,workflow...
2025-06-10 21:40:12.162 [info] Getting sessions for all scopes...
2025-06-10 21:40:12.162 [info] Got 1 sessions for ...
2025-06-10 21:40:12.168 [info] Getting sessions for read:user,repo,user:email,workflow...
2025-06-10 21:40:12.168 [info] Got 1 sessions for read:user,repo,user:email,workflow...
2025-06-10 21:40:12.174 [info] Getting sessions for all scopes...
2025-06-10 21:40:12.175 [info] Got 1 sessions for ...
2025-06-10 21:40:12.180 [info] Getting sessions for read:user,repo,user:email,workflow...
2025-06-10 21:40:12.181 [info] Got 1 sessions for read:user,repo,user:email,workflow...
2025-06-10 21:40:13.687 [info] Getting sessions for all scopes...
2025-06-10 21:40:13.687 [info] Got 1 sessions for ...
2025-06-10 21:40:13.692 [info] Getting sessions for all scopes...
2025-06-10 21:40:13.692 [info] Got 1 sessions for ...
2025-06-10 21:40:13.697 [info] Getting sessions for read:user,repo,user:email,workflow...
2025-06-10 21:40:13.697 [info] Got 1 sessions for read:user,repo,user:email,workflow...
2025-06-10 21:40:13.703 [info] Getting sessions for all scopes...
2025-06-10 21:40:13.704 [info] Got 1 sessions for ...
2025-06-10 21:40:13.709 [info] Getting sessions for read:user,repo,user:email,workflow...
2025-06-10 21:40:13.709 [info] Got 1 sessions for read:user,repo,user:email,workflow...
2025-06-10 21:40:13.719 [info] Getting sessions for all scopes...
2025-06-10 21:40:13.719 [info] Got 1 sessions for ...
2025-06-10 21:40:13.725 [info] Getting sessions for read:user,repo,user:email,workflow...
2025-06-10 21:40:13.725 [info] Got 1 sessions for read:user,repo,user:email,workflow...
2025-06-10 21:55:13.741 [info] Getting sessions for all scopes...
2025-06-10 21:55:13.742 [info] Got 1 sessions for ...
2025-06-10 21:55:13.747 [info] Getting sessions for read:user,repo,user:email,workflow...
2025-06-10 21:55:13.747 [info] Got 1 sessions for read:user,repo,user:email,workflow...
2025-06-10 22:10:13.755 [info] Getting sessions for all scopes...
2025-06-10 22:10:13.756 [info] Got 1 sessions for ...
2025-06-10 22:10:13.761 [info] Getting sessions for read:user,repo,user:email,workflow...
2025-06-10 22:10:13.761 [info] Got 1 sessions for read:user,repo,user:email,workflow...
2025-06-10 22:10:13.774 [info] Getting sessions for all scopes...
2025-06-10 22:10:13.774 [info] Got 1 sessions for ...
2025-06-10 22:10:13.780 [info] Getting sessions for read:user,repo,user:email,workflow...
2025-06-10 22:10:13.780 [info] Got 1 sessions for read:user,repo,user:email,workflow...
2025-06-10 22:10:15.338 [info] Getting sessions for all scopes...
2025-06-10 22:10:15.338 [info] Got 1 sessions for ...
2025-06-10 22:10:15.339 [info] Getting sessions for all scopes...
2025-06-10 22:10:15.339 [info] Got 1 sessions for ...
2025-06-10 22:10:15.344 [info] Getting sessions for read:user,repo,user:email,workflow...
2025-06-10 22:10:15.344 [info] Got 1 sessions for read:user,repo,user:email,workflow...
2025-06-10 22:10:15.350 [info] Getting sessions for all scopes...
2025-06-10 22:10:15.350 [info] Got 1 sessions for ...
2025-06-10 22:10:15.356 [info] Getting sessions for read:user,repo,user:email,workflow...
2025-06-10 22:10:15.356 [info] Got 1 sessions for read:user,repo,user:email,workflow...
2025-06-10 22:10:15.365 [info] Getting sessions for all scopes...
2025-06-10 22:10:15.365 [info] Got 1 sessions for ...
2025-06-10 22:10:15.371 [info] Getting sessions for read:user,repo,user:email,workflow...
2025-06-10 22:10:15.371 [info] Got 1 sessions for read:user,repo,user:email,workflow...
2025-06-10 22:25:15.389 [info] Getting sessions for all scopes...
2025-06-10 22:25:15.389 [info] Got 1 sessions for ...
2025-06-10 22:25:15.395 [info] Getting sessions for read:user,repo,user:email,workflow...
2025-06-10 22:25:15.395 [info] Got 1 sessions for read:user,repo,user:email,workflow...
2025-06-10 22:40:15.404 [info] Getting sessions for all scopes...
2025-06-10 22:40:15.404 [info] Got 1 sessions for ...
2025-06-10 22:40:15.410 [info] Getting sessions for read:user,repo,user:email,workflow...
2025-06-10 22:40:15.410 [info] Got 1 sessions for read:user,repo,user:email,workflow...
2025-06-10 22:40:15.418 [info] Getting sessions for all scopes...
2025-06-10 22:40:15.418 [info] Got 1 sessions for ...
2025-06-10 22:40:15.427 [info] Getting sessions for read:user,repo,user:email,workflow...
2025-06-10 22:40:15.427 [info] Got 1 sessions for read:user,repo,user:email,workflow...
2025-06-10 22:40:16.641 [info] Getting sessions for all scopes...
2025-06-10 22:40:16.641 [info] Got 1 sessions for ...
2025-06-10 22:40:16.643 [info] Getting sessions for all scopes...
2025-06-10 22:40:16.643 [info] Got 1 sessions for ...
2025-06-10 22:40:16.647 [info] Getting sessions for read:user,repo,user:email,workflow...
2025-06-10 22:40:16.647 [info] Got 1 sessions for read:user,repo,user:email,workflow...
2025-06-10 22:40:16.654 [info] Getting sessions for all scopes...
2025-06-10 22:40:16.654 [info] Got 1 sessions for ...
2025-06-10 22:40:16.660 [info] Getting sessions for read:user,repo,user:email,workflow...
2025-06-10 22:40:16.660 [info] Got 1 sessions for read:user,repo,user:email,workflow...
2025-06-10 22:40:16.670 [info] Getting sessions for all scopes...
2025-06-10 22:40:16.670 [info] Got 1 sessions for ...
2025-06-10 22:40:16.676 [info] Getting sessions for read:user,repo,user:email,workflow...
2025-06-10 22:40:16.676 [info] Got 1 sessions for read:user,repo,user:email,workflow...
2025-06-10 22:55:16.694 [info] Getting sessions for all scopes...
2025-06-10 22:55:16.694 [info] Got 1 sessions for ...
2025-06-10 22:55:16.700 [info] Getting sessions for read:user,repo,user:email,workflow...
2025-06-10 22:55:16.700 [info] Got 1 sessions for read:user,repo,user:email,workflow...
2025-06-10 23:10:16.708 [info] Getting sessions for all scopes...
2025-06-10 23:10:16.708 [info] Got 1 sessions for ...
2025-06-10 23:10:16.713 [info] Getting sessions for read:user,repo,user:email,workflow...
2025-06-10 23:10:16.713 [info] Got 1 sessions for read:user,repo,user:email,workflow...
2025-06-10 23:10:16.720 [info] Getting sessions for all scopes...
2025-06-10 23:10:16.720 [info] Got 1 sessions for ...
2025-06-10 23:10:16.727 [info] Getting sessions for read:user,repo,user:email,workflow...
2025-06-10 23:10:16.728 [info] Got 1 sessions for read:user,repo,user:email,workflow...
2025-06-10 23:10:18.225 [info] Getting sessions for all scopes...
2025-06-10 23:10:18.225 [info] Got 1 sessions for ...
2025-06-10 23:10:18.227 [info] Getting sessions for all scopes...
2025-06-10 23:10:18.227 [info] Got 1 sessions for ...
2025-06-10 23:10:18.232 [info] Getting sessions for read:user,repo,user:email,workflow...
2025-06-10 23:10:18.232 [info] Got 1 sessions for read:user,repo,user:email,workflow...
2025-06-10 23:10:18.238 [info] Getting sessions for all scopes...
2025-06-10 23:10:18.238 [info] Got 1 sessions for ...
2025-06-10 23:10:18.247 [info] Getting sessions for read:user,repo,user:email,workflow...
2025-06-10 23:10:18.247 [info] Got 1 sessions for read:user,repo,user:email,workflow...
2025-06-10 23:10:18.257 [info] Getting sessions for all scopes...
2025-06-10 23:10:18.257 [info] Got 1 sessions for ...
2025-06-10 23:10:18.262 [info] Getting sessions for read:user,repo,user:email,workflow...
2025-06-10 23:10:18.263 [info] Got 1 sessions for read:user,repo,user:email,workflow...
2025-06-10 23:25:18.280 [info] Getting sessions for all scopes...
2025-06-10 23:25:18.280 [info] Got 1 sessions for ...
2025-06-10 23:25:18.286 [info] Getting sessions for read:user,repo,user:email,workflow...
2025-06-10 23:25:18.286 [info] Got 1 sessions for read:user,repo,user:email,workflow...
