2025-06-11 00:58:32.789 [info] Reading sessions from keychain...
2025-06-11 00:58:32.789 [info] Getting sessions for all scopes...
2025-06-11 00:58:32.789 [info] Getting sessions for all scopes...
2025-06-11 00:58:32.789 [info] Getting sessions for all scopes...
2025-06-11 00:58:32.789 [info] Getting sessions for all scopes...
2025-06-11 00:58:32.789 [info] Getting sessions for all scopes...
2025-06-11 00:58:32.789 [info] Getting sessions for all scopes...
2025-06-11 00:58:32.789 [info] Getting sessions for all scopes...
2025-06-11 00:58:32.789 [info] Got stored sessions!
2025-06-11 00:58:32.789 [info] Got 1 verified sessions.
2025-06-11 00:58:32.789 [info] Got 1 sessions for ...
2025-06-11 00:58:32.789 [info] Got 1 sessions for ...
2025-06-11 00:58:32.789 [info] Got 1 sessions for ...
2025-06-11 00:58:32.789 [info] Got 1 sessions for ...
2025-06-11 00:58:32.789 [info] Got 1 sessions for ...
2025-06-11 00:58:32.789 [info] Got 1 sessions for ...
2025-06-11 00:58:32.789 [info] Got 1 sessions for ...
2025-06-11 00:58:32.849 [info] Getting sessions for all scopes...
2025-06-11 00:58:32.849 [info] Got 1 sessions for ...
2025-06-11 00:58:32.850 [info] Getting sessions for all scopes...
2025-06-11 00:58:32.850 [info] Got 1 sessions for ...
2025-06-11 00:58:32.916 [info] Getting sessions for all scopes...
2025-06-11 00:58:32.916 [info] Got 1 sessions for ...
2025-06-11 00:58:32.917 [info] Getting sessions for all scopes...
2025-06-11 00:58:32.917 [info] Got 1 sessions for ...
2025-06-11 00:58:32.917 [info] Getting sessions for all scopes...
2025-06-11 00:58:32.917 [info] Got 1 sessions for ...
2025-06-11 00:58:32.917 [info] Getting sessions for all scopes...
2025-06-11 00:58:32.917 [info] Got 1 sessions for ...
2025-06-11 00:58:40.892 [info] Getting sessions for all scopes...
2025-06-11 00:58:40.892 [info] Got 1 sessions for ...
2025-06-11 00:58:41.214 [info] Getting sessions for all scopes...
2025-06-11 00:58:41.214 [info] Got 1 sessions for ...
2025-06-11 00:58:41.479 [info] Getting sessions for all scopes...
2025-06-11 00:58:41.479 [info] Got 1 sessions for ...
2025-06-11 00:58:42.030 [info] Getting sessions for read:user,repo,user:email,workflow...
2025-06-11 00:58:42.032 [info] Got 1 sessions for read:user,repo,user:email,workflow...
2025-06-11 00:58:43.378 [info] Getting sessions for read:user,repo,user:email...
2025-06-11 00:58:43.378 [info] Got 0 sessions for read:user,repo,user:email...
2025-06-11 00:58:43.645 [info] Getting sessions for all scopes...
2025-06-11 00:58:43.645 [info] Got 1 sessions for ...
2025-06-11 00:58:43.646 [info] Getting sessions for all scopes...
2025-06-11 00:58:43.646 [info] Got 1 sessions for ...
2025-06-11 00:58:43.832 [info] Getting sessions for project,read:org,read:user,repo,user:email,workflow...
2025-06-11 00:58:43.832 [info] Got 0 sessions for project,read:org,read:user,repo,user:email,workflow...
2025-06-11 00:58:43.833 [info] Getting sessions for all scopes...
2025-06-11 00:58:43.833 [info] Got 1 sessions for ...
2025-06-11 00:58:44.733 [info] Getting sessions for all scopes...
2025-06-11 00:58:44.733 [info] Got 1 sessions for ...
2025-06-11 00:58:44.733 [info] Getting sessions for read:user,repo,user:email,workflow...
2025-06-11 00:58:44.733 [info] Got 1 sessions for read:user,repo,user:email,workflow...
2025-06-11 00:58:45.132 [info] Getting sessions for read:user,repo,user:email,workflow...
2025-06-11 00:58:45.132 [info] Got 1 sessions for read:user,repo,user:email,workflow...
2025-06-11 00:58:45.134 [info] Getting sessions for read:user,repo,user:email,workflow...
2025-06-11 00:58:45.134 [info] Got 1 sessions for read:user,repo,user:email,workflow...
2025-06-11 00:58:45.731 [info] Getting sessions for all scopes...
2025-06-11 00:58:45.731 [info] Got 1 sessions for ...
2025-06-11 00:58:48.817 [info] Getting sessions for read:user,repo,user:email,workflow...
2025-06-11 00:58:48.817 [info] Got 1 sessions for read:user,repo,user:email,workflow...
2025-06-11 00:58:48.818 [info] Getting sessions for read:user,repo,user:email,workflow...
2025-06-11 00:58:48.818 [info] Got 1 sessions for read:user,repo,user:email,workflow...
2025-06-11 00:58:51.754 [info] Getting sessions for all scopes...
2025-06-11 00:58:51.755 [info] Got 1 sessions for ...
2025-06-11 00:58:51.852 [info] Getting sessions for read:user,repo,user:email,workflow...
2025-06-11 00:58:51.852 [info] Got 1 sessions for read:user,repo,user:email,workflow...
2025-06-11 00:58:53.368 [info] Getting sessions for all scopes...
2025-06-11 00:58:53.368 [info] Got 1 sessions for ...
2025-06-11 00:58:53.369 [info] Getting sessions for all scopes...
2025-06-11 00:58:53.369 [info] Got 1 sessions for ...
2025-06-11 00:58:53.524 [info] Getting sessions for read:user,repo,user:email,workflow...
2025-06-11 00:58:53.524 [info] Got 1 sessions for read:user,repo,user:email,workflow...
2025-06-11 00:58:53.582 [info] Getting sessions for all scopes...
2025-06-11 00:58:53.582 [info] Got 1 sessions for ...
2025-06-11 00:58:53.670 [info] Getting sessions for read:user,repo,user:email,workflow...
2025-06-11 00:58:53.670 [info] Got 1 sessions for read:user,repo,user:email,workflow...
2025-06-11 00:58:53.891 [info] Getting sessions for all scopes...
2025-06-11 00:58:53.891 [info] Got 1 sessions for ...
2025-06-11 00:58:53.942 [info] Getting sessions for read:user,repo,user:email,workflow...
2025-06-11 00:58:53.942 [info] Got 1 sessions for read:user,repo,user:email,workflow...
2025-06-11 00:58:54.012 [info] Getting sessions for all scopes...
2025-06-11 00:58:54.012 [info] Got 1 sessions for ...
2025-06-11 00:58:54.015 [info] Getting sessions for all scopes...
2025-06-11 00:58:54.015 [info] Got 1 sessions for ...
2025-06-11 00:58:54.213 [info] Getting sessions for read:user,repo,user:email...
2025-06-11 00:58:54.213 [info] Got 0 sessions for read:user,repo,user:email...
2025-06-11 00:58:58.082 [info] Getting sessions for all scopes...
2025-06-11 00:58:58.082 [info] Got 1 sessions for ...
2025-06-11 00:58:58.149 [info] Getting sessions for read:user,repo,user:email,workflow...
2025-06-11 00:58:58.149 [info] Got 1 sessions for read:user,repo,user:email,workflow...
2025-06-11 00:58:58.866 [info] Getting sessions for all scopes...
2025-06-11 00:58:58.867 [info] Got 1 sessions for ...
2025-06-11 00:58:58.881 [info] Getting sessions for read:user,repo,user:email,workflow...
2025-06-11 00:58:58.882 [info] Got 1 sessions for read:user,repo,user:email,workflow...
2025-06-11 01:13:58.187 [info] Getting sessions for all scopes...
2025-06-11 01:13:58.191 [info] Got 1 sessions for ...
2025-06-11 01:13:58.200 [info] Getting sessions for read:user,repo,user:email,workflow...
2025-06-11 01:13:58.200 [info] Got 1 sessions for read:user,repo,user:email,workflow...
2025-06-11 01:28:58.211 [info] Getting sessions for all scopes...
2025-06-11 01:28:58.211 [info] Got 1 sessions for ...
2025-06-11 01:28:58.218 [info] Getting sessions for read:user,repo,user:email,workflow...
2025-06-11 01:28:58.218 [info] Got 1 sessions for read:user,repo,user:email,workflow...
2025-06-11 01:28:58.225 [info] Getting sessions for all scopes...
2025-06-11 01:28:58.225 [info] Got 1 sessions for ...
2025-06-11 01:28:58.233 [info] Getting sessions for read:user,repo,user:email,workflow...
2025-06-11 01:28:58.233 [info] Got 1 sessions for read:user,repo,user:email,workflow...
2025-06-11 01:28:59.800 [info] Getting sessions for all scopes...
2025-06-11 01:28:59.800 [info] Got 1 sessions for ...
2025-06-11 01:28:59.801 [info] Getting sessions for all scopes...
2025-06-11 01:28:59.801 [info] Got 1 sessions for ...
2025-06-11 01:28:59.806 [info] Getting sessions for read:user,repo,user:email,workflow...
2025-06-11 01:28:59.806 [info] Got 1 sessions for read:user,repo,user:email,workflow...
2025-06-11 01:28:59.818 [info] Getting sessions for all scopes...
2025-06-11 01:28:59.818 [info] Got 1 sessions for ...
2025-06-11 01:28:59.824 [info] Getting sessions for read:user,repo,user:email,workflow...
2025-06-11 01:28:59.824 [info] Got 1 sessions for read:user,repo,user:email,workflow...
2025-06-11 01:28:59.838 [info] Getting sessions for all scopes...
2025-06-11 01:28:59.838 [info] Got 1 sessions for ...
2025-06-11 01:28:59.843 [info] Getting sessions for read:user,repo,user:email,workflow...
2025-06-11 01:28:59.843 [info] Got 1 sessions for read:user,repo,user:email,workflow...
2025-06-11 01:29:00.781 [info] Getting sessions for all scopes...
2025-06-11 01:29:00.781 [info] Got 1 sessions for ...
2025-06-11 01:29:00.788 [info] Getting sessions for read:user,repo,user:email,workflow...
2025-06-11 01:29:00.788 [info] Got 1 sessions for read:user,repo,user:email,workflow...
