2025-06-08 02:57:04.714 [info] [main] Log level: Info
2025-06-08 02:57:04.714 [info] [main] Validating found git in: "git"
2025-06-08 02:57:04.714 [info] [main] Using git "2.49.0" from "git"
2025-06-08 02:57:04.714 [info] [Model][doInitialScan] Initial repository scan started
2025-06-08 02:57:04.714 [info] > git rev-parse --show-toplevel [19ms]
2025-06-08 02:57:04.716 [info] > git rev-parse --git-dir --git-common-dir [36ms]
2025-06-08 02:57:04.751 [info] [Model][openRepository] Opened repository (path): /home/nana/Documents/Home-lab
2025-06-08 02:57:04.751 [info] [Model][openRepository] Opened repository (real path): /home/nana/Documents/Home-lab
2025-06-08 02:57:04.859 [info] > git rev-parse --show-toplevel [13ms]
2025-06-08 02:57:04.861 [info] > git config --get commit.template [36ms]
2025-06-08 02:57:14.034 [info] > git check-ignore -v -z --stdin [1035ms]
2025-06-08 02:57:14.049 [info] > git for-each-ref --format=%(refname)%00%(upstream:short)%00%(objectname)%00%(upstream:track)%00%(upstream:remotename)%00%(upstream:remoteref) refs/heads/main refs/remotes/main [1286ms]
2025-06-08 02:57:14.469 [warning] [Git][revParse] Unable to read file: ENOENT: no such file or directory, open '/home/nana/Documents/Home-lab/.git/refs/remotes/origin/main'
2025-06-08 02:57:15.246 [info] > git rev-parse refs/remotes/origin/main [778ms]
2025-06-08 02:57:15.421 [info] > git status -z -uall [138ms]
2025-06-08 02:57:15.422 [info] > git for-each-ref --sort -committerdate --format %(refname)%00%(objectname)%00%(*objectname) [103ms]
2025-06-08 02:57:15.689 [info] > git for-each-ref --format=%(refname)%00%(upstream:short)%00%(objectname)%00%(upstream:track)%00%(upstream:remotename)%00%(upstream:remoteref) refs/heads/main refs/remotes/main [124ms]
2025-06-08 02:57:15.995 [info] > git config --get --local branch.main.vscode-merge-base [270ms]
2025-06-08 02:57:16.037 [info] > git config --get commit.template [381ms]
2025-06-08 02:57:16.184 [info] > git for-each-ref --format=%(refname)%00%(upstream:short)%00%(objectname)%00%(upstream:track)%00%(upstream:remotename)%00%(upstream:remoteref) refs/heads/origin/main refs/remotes/origin/main [148ms]
2025-06-08 02:57:16.442 [info] > git merge-base refs/heads/main refs/remotes/origin/main [230ms]
2025-06-08 02:57:17.831 [info] > git diff --name-status -z --diff-filter=ADMR e0fdebfa9d97cda1784539a56dfe0c50de91d893...refs/remotes/origin/main [1364ms]
2025-06-08 02:57:17.836 [info] > git for-each-ref --format=%(refname)%00%(upstream:short)%00%(objectname)%00%(upstream:track)%00%(upstream:remotename)%00%(upstream:remoteref) refs/heads/main refs/remotes/main [1442ms]
2025-06-08 02:57:18.128 [warning] [Git][revParse] Unable to read file: ENOENT: no such file or directory, open '/home/nana/Documents/Home-lab/.git/refs/remotes/origin/main'
2025-06-08 02:57:18.369 [info] > git rev-parse refs/remotes/origin/main [241ms]
2025-06-08 02:57:18.764 [info] > git status -z -uall [332ms]
2025-06-08 02:57:18.766 [info] > git for-each-ref --sort -committerdate --format %(refname)%00%(objectname)%00%(*objectname) [282ms]
2025-06-08 02:57:19.247 [info] > git rev-parse --show-toplevel [4ms]
2025-06-08 02:57:19.312 [info] > git rev-parse --show-toplevel [11ms]
2025-06-08 02:57:19.847 [info] > git rev-parse --show-toplevel [17ms]
2025-06-08 02:57:19.889 [info] > git rev-parse --show-toplevel [6ms]
2025-06-08 02:57:19.926 [info] > git rev-parse --show-toplevel [8ms]
2025-06-08 02:57:20.096 [info] > git rev-parse --show-toplevel [24ms]
2025-06-08 02:57:20.143 [info] > git rev-parse --show-toplevel [3ms]
2025-06-08 02:57:20.194 [info] > git rev-parse --show-toplevel [8ms]
2025-06-08 02:57:20.256 [info] > git rev-parse --show-toplevel [21ms]
2025-06-08 02:57:20.382 [info] > git rev-parse --show-toplevel [40ms]
2025-06-08 02:57:20.418 [info] > git rev-parse --show-toplevel [3ms]
2025-06-08 02:57:20.449 [info] > git rev-parse --show-toplevel [5ms]
2025-06-08 02:57:20.478 [info] > git rev-parse --show-toplevel [2ms]
2025-06-08 02:57:20.524 [info] > git rev-parse --show-toplevel [3ms]
2025-06-08 02:57:20.571 [info] > git rev-parse --show-toplevel [6ms]
2025-06-08 02:57:24.090 [info] > git rev-parse --show-toplevel [3492ms]
2025-06-08 02:57:24.209 [info] > git rev-parse --show-toplevel [31ms]
2025-06-08 02:57:24.350 [info] > git rev-parse --show-toplevel [12ms]
2025-06-08 02:57:24.381 [info] > git rev-parse --show-toplevel [4ms]
2025-06-08 02:57:24.423 [info] > git rev-parse --show-toplevel [11ms]
2025-06-08 02:57:24.466 [info] > git rev-parse --show-toplevel [6ms]
2025-06-08 02:57:24.512 [info] > git rev-parse --show-toplevel [12ms]
2025-06-08 02:57:24.709 [info] > git rev-parse --show-toplevel [160ms]
2025-06-08 02:57:24.872 [info] > git rev-parse --show-toplevel [87ms]
2025-06-08 02:57:24.930 [info] > git rev-parse --show-toplevel [6ms]
2025-06-08 02:57:24.987 [info] > git rev-parse --show-toplevel [8ms]
2025-06-08 02:57:25.024 [info] > git rev-parse --show-toplevel [10ms]
2025-06-08 02:57:25.060 [info] > git rev-parse --show-toplevel [6ms]
2025-06-08 02:57:25.092 [info] > git rev-parse --show-toplevel [4ms]
2025-06-08 02:57:25.154 [info] > git rev-parse --show-toplevel [36ms]
2025-06-08 02:57:25.186 [info] > git rev-parse --show-toplevel [3ms]
2025-06-08 02:57:25.217 [info] > git rev-parse --show-toplevel [3ms]
2025-06-08 02:57:25.248 [info] > git rev-parse --show-toplevel [3ms]
2025-06-08 02:57:25.283 [info] > git rev-parse --show-toplevel [4ms]
2025-06-08 02:57:25.316 [info] > git rev-parse --show-toplevel [2ms]
2025-06-08 02:57:25.348 [info] > git rev-parse --show-toplevel [3ms]
2025-06-08 02:57:25.380 [info] > git rev-parse --show-toplevel [2ms]
2025-06-08 02:57:25.415 [info] > git rev-parse --show-toplevel [3ms]
2025-06-08 02:57:25.462 [info] > git rev-parse --show-toplevel [9ms]
2025-06-08 02:57:25.502 [info] > git rev-parse --show-toplevel [7ms]
2025-06-08 02:57:25.542 [info] > git rev-parse --show-toplevel [11ms]
2025-06-08 02:57:25.572 [info] > git rev-parse --show-toplevel [4ms]
2025-06-08 02:57:25.608 [info] > git rev-parse --show-toplevel [7ms]
2025-06-08 02:57:25.640 [info] > git rev-parse --show-toplevel [5ms]
2025-06-08 02:57:25.671 [info] > git rev-parse --show-toplevel [4ms]
2025-06-08 02:57:25.703 [info] > git rev-parse --show-toplevel [3ms]
2025-06-08 02:57:25.752 [info] > git rev-parse --show-toplevel [3ms]
2025-06-08 02:57:25.791 [info] > git rev-parse --show-toplevel [4ms]
2025-06-08 02:57:25.824 [info] > git rev-parse --show-toplevel [3ms]
2025-06-08 02:57:25.853 [info] > git rev-parse --show-toplevel [3ms]
2025-06-08 02:57:25.882 [info] > git rev-parse --show-toplevel [2ms]
2025-06-08 02:57:25.911 [info] > git rev-parse --show-toplevel [3ms]
2025-06-08 02:57:25.942 [info] > git rev-parse --show-toplevel [5ms]
2025-06-08 02:57:25.976 [info] > git rev-parse --show-toplevel [7ms]
2025-06-08 02:57:26.005 [info] > git rev-parse --show-toplevel [2ms]
2025-06-08 02:57:26.037 [info] > git rev-parse --show-toplevel [4ms]
2025-06-08 02:57:26.068 [info] > git rev-parse --show-toplevel [3ms]
2025-06-08 02:57:26.098 [info] > git rev-parse --show-toplevel [3ms]
2025-06-08 02:57:26.129 [info] > git rev-parse --show-toplevel [3ms]
2025-06-08 02:57:26.207 [info] > git rev-parse --show-toplevel [51ms]
2025-06-08 02:57:26.239 [info] > git rev-parse --show-toplevel [3ms]
2025-06-08 02:57:26.269 [info] > git rev-parse --show-toplevel [3ms]
2025-06-08 02:57:26.300 [info] > git rev-parse --show-toplevel [4ms]
2025-06-08 02:57:26.331 [info] > git rev-parse --show-toplevel [4ms]
2025-06-08 02:57:26.370 [info] > git rev-parse --show-toplevel [4ms]
2025-06-08 02:57:26.401 [info] > git rev-parse --show-toplevel [3ms]
2025-06-08 02:57:26.434 [info] > git rev-parse --show-toplevel [2ms]
2025-06-08 02:57:26.477 [info] > git rev-parse --show-toplevel [9ms]
2025-06-08 02:57:26.510 [info] > git rev-parse --show-toplevel [4ms]
2025-06-08 02:57:26.543 [info] > git rev-parse --show-toplevel [3ms]
2025-06-08 02:57:26.582 [info] > git rev-parse --show-toplevel [7ms]
2025-06-08 02:57:26.617 [info] > git rev-parse --show-toplevel [3ms]
2025-06-08 02:57:26.652 [info] > git rev-parse --show-toplevel [3ms]
2025-06-08 02:57:26.689 [info] > git rev-parse --show-toplevel [4ms]
2025-06-08 02:57:26.722 [info] > git rev-parse --show-toplevel [2ms]
2025-06-08 02:57:26.755 [info] > git rev-parse --show-toplevel [4ms]
2025-06-08 02:57:26.789 [info] > git rev-parse --show-toplevel [7ms]
2025-06-08 02:57:26.831 [info] > git rev-parse --show-toplevel [5ms]
2025-06-08 02:57:26.873 [info] > git rev-parse --show-toplevel [6ms]
2025-06-08 02:57:26.935 [info] > git rev-parse --show-toplevel [14ms]
2025-06-08 02:57:26.986 [info] > git rev-parse --show-toplevel [4ms]
2025-06-08 02:57:27.038 [info] > git rev-parse --show-toplevel [7ms]
2025-06-08 02:57:27.095 [info] > git rev-parse --show-toplevel [4ms]
2025-06-08 02:57:27.145 [info] > git rev-parse --show-toplevel [4ms]
2025-06-08 02:57:27.195 [info] > git rev-parse --show-toplevel [4ms]
2025-06-08 02:57:27.240 [info] > git rev-parse --show-toplevel [3ms]
2025-06-08 02:57:27.281 [info] > git rev-parse --show-toplevel [3ms]
2025-06-08 02:57:27.318 [info] > git rev-parse --show-toplevel [3ms]
2025-06-08 02:57:27.350 [info] > git rev-parse --show-toplevel [2ms]
2025-06-08 02:57:27.388 [info] > git rev-parse --show-toplevel [5ms]
2025-06-08 02:57:27.429 [info] > git rev-parse --show-toplevel [10ms]
2025-06-08 02:57:27.458 [info] > git rev-parse --show-toplevel [2ms]
2025-06-08 02:57:27.494 [info] > git rev-parse --show-toplevel [4ms]
2025-06-08 02:57:27.525 [info] > git rev-parse --show-toplevel [2ms]
2025-06-08 02:57:27.557 [info] > git rev-parse --show-toplevel [3ms]
2025-06-08 02:57:27.587 [info] > git rev-parse --show-toplevel [2ms]
2025-06-08 02:57:27.618 [info] > git rev-parse --show-toplevel [3ms]
2025-06-08 02:57:27.647 [info] > git rev-parse --show-toplevel [3ms]
2025-06-08 02:57:27.689 [info] > git rev-parse --show-toplevel [15ms]
2025-06-08 02:57:27.729 [info] > git rev-parse --show-toplevel [5ms]
2025-06-08 02:57:27.760 [info] > git rev-parse --show-toplevel [4ms]
2025-06-08 02:57:27.790 [info] > git rev-parse --show-toplevel [3ms]
2025-06-08 02:57:27.819 [info] > git rev-parse --show-toplevel [2ms]
2025-06-08 02:57:27.849 [info] > git rev-parse --show-toplevel [3ms]
2025-06-08 02:57:27.878 [info] > git rev-parse --show-toplevel [2ms]
2025-06-08 02:57:27.908 [info] > git rev-parse --show-toplevel [3ms]
2025-06-08 02:57:27.938 [info] > git rev-parse --show-toplevel [3ms]
2025-06-08 02:57:27.968 [info] > git rev-parse --show-toplevel [3ms]
2025-06-08 02:57:27.974 [info] [Model][doInitialScan] Initial repository scan completed - repositories (1), closed repositories (0), parent repositories (0), unsafe repositories (0)
2025-06-08 02:57:28.069 [info] > git show --textconv :Diun/docker-compose.yaml [62ms]
2025-06-08 02:57:28.070 [info] > git ls-files --stage -- Diun/docker-compose.yaml [34ms]
2025-06-08 02:57:28.153 [info] > git cat-file -s 531f6a7c7f2a137c8a5cb4293802f8707a857973 [57ms]
2025-06-08 02:57:28.155 [info] > git config --get commit.template [86ms]
2025-06-08 02:57:28.220 [info] > git for-each-ref --format=%(refname)%00%(upstream:short)%00%(objectname)%00%(upstream:track)%00%(upstream:remotename)%00%(upstream:remoteref) refs/heads/main refs/remotes/main [15ms]
2025-06-08 02:57:28.257 [warning] [Git][revParse] Unable to read file: ENOENT: no such file or directory, open '/home/nana/Documents/Home-lab/.git/refs/remotes/origin/main'
2025-06-08 02:57:28.261 [info] > git rev-parse refs/remotes/origin/main [4ms]
2025-06-08 02:57:28.338 [info] > git for-each-ref --sort -committerdate --format %(refname)%00%(objectname)%00%(*objectname) [10ms]
2025-06-08 02:57:28.362 [info] > git status -z -uall [70ms]
2025-06-08 02:57:28.809 [info] > git config --get --local branch.main.github-pr-owner-number [254ms]
2025-06-08 02:57:28.809 [warning] [Git][config] git config failed: Failed to execute git
2025-06-08 02:58:51.071 [info] > git check-ignore -v -z --stdin [6ms]
2025-06-08 02:58:53.835 [info] > git check-ignore -v -z --stdin [8ms]
2025-06-08 02:59:05.560 [info] > git check-ignore -v -z --stdin [6ms]
2025-06-08 02:59:19.757 [info] > git show --textconv :traefik-prod/docker-socket-compose.yaml [121ms]
2025-06-08 02:59:19.769 [info] > git ls-files --stage -- traefik-prod/docker-socket-compose.yaml [24ms]
2025-06-08 02:59:20.405 [info] > git cat-file -s ed52a2962a41333a28b9ee2e94ccbfd45a07c1e4 [577ms]
2025-06-08 03:01:55.462 [info] > git check-ignore -v -z --stdin [7ms]
2025-06-08 03:01:57.543 [info] > git check-ignore -v -z --stdin [3ms]
2025-06-08 03:01:59.822 [info] > git show --textconv :authelia/config/configuration.yml [59ms]
2025-06-08 03:01:59.953 [info] > git ls-files --stage -- authelia/config/configuration.yml [137ms]
2025-06-08 03:02:00.016 [info] > git cat-file -s 5fc358b40d06332fc5b273209ea2e18977703426 [19ms]
2025-06-08 03:02:03.286 [info] > git blame --root --incremental e0fdebfa9d97cda1784539a56dfe0c50de91d893 -- authelia/config/configuration.yml [27ms]
2025-06-08 03:02:42.537 [info] > git show --textconv :authelia/config/users_database.yml [53ms]
2025-06-08 03:02:42.587 [info] > git ls-files --stage -- authelia/config/users_database.yml [52ms]
2025-06-08 03:02:42.640 [info] > git cat-file -s 59f7f4e58c134fc5bc1402723ea7ffb0a84a11bd [5ms]
2025-06-08 03:02:43.541 [info] > git blame --root --incremental e0fdebfa9d97cda1784539a56dfe0c50de91d893 -- authelia/config/users_database.yml [20ms]
2025-06-08 03:04:01.961 [info] > git check-ignore -v -z --stdin [3ms]
2025-06-08 03:04:07.742 [info] > git show --textconv :traefik-prod/config/tls.toml [54ms]
2025-06-08 03:04:07.888 [info] > git ls-files --stage -- traefik-prod/config/tls.toml [151ms]
2025-06-08 03:04:08.083 [info] > git cat-file -s 8105a3b2897e7c41cb7d65597bf0b90f648370ad [148ms]
2025-06-08 03:04:08.823 [info] > git blame --root --incremental e0fdebfa9d97cda1784539a56dfe0c50de91d893 -- traefik-prod/config/tls.toml [21ms]
2025-06-08 03:04:58.534 [info] > git show --textconv :traefik-prod/config/certs.toml [73ms]
2025-06-08 03:04:58.542 [info] > git ls-files --stage -- traefik-prod/config/certs.toml [10ms]
2025-06-08 03:04:58.761 [info] > git cat-file -s 754e28724e9045850e9701842804bf8dd634317c [92ms]
2025-06-08 03:05:04.261 [info] > git show --textconv :traefik-prod/.env [71ms]
2025-06-08 03:05:04.263 [info] > git ls-files --stage -- traefik-prod/.env [4ms]
2025-06-08 03:05:04.383 [info] > git cat-file -s 02a3f929973a3cb91fbd2ddbc8236d5c2caaf8e8 [64ms]
2025-06-08 03:05:07.291 [info] > git blame --root --incremental e0fdebfa9d97cda1784539a56dfe0c50de91d893 -- traefik-prod/.env [17ms]
2025-06-08 03:06:28.471 [info] > git check-ignore -v -z --stdin [11ms]
2025-06-08 03:06:29.860 [info] > git check-ignore -v -z --stdin [2ms]
2025-06-08 03:06:40.346 [info] > git show --textconv :traefik-v3/cf-token [151ms]
2025-06-08 03:06:40.353 [info] > git ls-files --stage -- traefik-v3/cf-token [27ms]
2025-06-08 03:06:40.946 [info] > git cat-file -s 0f2cf71e50bee94b2d1d6b73baa7c5b3f0527e54 [492ms]
2025-06-08 03:06:41.122 [info] > git blame --root --incremental e0fdebfa9d97cda1784539a56dfe0c50de91d893 -- traefik-v3/cf-token [25ms]
2025-06-08 03:08:47.351 [info] > git show --textconv :traefik-prod/docker-socket-compose.yaml [71ms]
2025-06-08 03:08:47.394 [info] > git ls-files --stage -- traefik-prod/docker-socket-compose.yaml [55ms]
2025-06-08 03:08:47.453 [info] > git cat-file -s ed52a2962a41333a28b9ee2e94ccbfd45a07c1e4 [4ms]
2025-06-08 03:08:48.023 [info] > git blame --root --incremental e0fdebfa9d97cda1784539a56dfe0c50de91d893 -- traefik-prod/docker-socket-compose.yaml [22ms]
2025-06-08 03:23:01.771 [info] > git show --textconv :traefik-prod/flare-docker-compose.yaml [49ms]
2025-06-08 03:23:01.903 [info] > git ls-files --stage -- traefik-prod/flare-docker-compose.yaml [134ms]
2025-06-08 03:23:01.952 [info] > git cat-file -s 486dbd26d3f13318561c04173fe79b522f681e84 [7ms]
2025-06-08 03:23:02.791 [info] > git blame --root --incremental e0fdebfa9d97cda1784539a56dfe0c50de91d893 -- traefik-prod/flare-docker-compose.yaml [16ms]
2025-06-08 03:23:58.771 [info] > git check-ignore -v -z --stdin [3ms]
2025-06-08 03:24:00.541 [info] > git check-ignore -v -z --stdin [3ms]
2025-06-08 03:24:17.081 [info] > git show --textconv :docker-flare-static-page/app/apps.yml [60ms]
2025-06-08 03:24:17.082 [info] > git ls-files --stage -- docker-flare-static-page/app/apps.yml [7ms]
2025-06-08 03:24:17.176 [info] > git cat-file -s 25d0f79d7818ee221d3c717e5c776918f3108eb8 [53ms]
2025-06-08 03:24:18.467 [info] > git blame --root --incremental e0fdebfa9d97cda1784539a56dfe0c50de91d893 -- docker-flare-static-page/app/apps.yml [38ms]
2025-06-08 03:24:50.276 [info] > git show --textconv :docker-flare-static-page/app/bookmarks.yml [195ms]
2025-06-08 03:24:50.287 [info] > git ls-files --stage -- docker-flare-static-page/app/bookmarks.yml [13ms]
2025-06-08 03:24:50.483 [info] > git cat-file -s 8f5c0f1495da141f7741b26488047c03ea9a3359 [132ms]
2025-06-08 03:24:51.149 [info] > git blame --root --incremental e0fdebfa9d97cda1784539a56dfe0c50de91d893 -- docker-flare-static-page/app/bookmarks.yml [17ms]
2025-06-08 03:26:29.370 [info] > git show --textconv :traefik-prod/flare-docker-compose.yaml [1ms]
2025-06-08 03:26:29.636 [info] > git ls-files --stage -- traefik-prod/flare-docker-compose.yaml [39ms]
2025-06-08 03:26:29.751 [info] > git cat-file -s 486dbd26d3f13318561c04173fe79b522f681e84 [19ms]
