2025-06-11 00:58:33.136 [info] [main] Log level: Info
2025-06-11 00:58:33.136 [info] [main] Validating found git in: "git"
2025-06-11 00:58:33.136 [info] [main] Using git "2.49.0" from "git"
2025-06-11 00:58:33.136 [info] [Model][doInitialScan] Initial repository scan started
2025-06-11 00:58:33.136 [info] > git rev-parse --show-toplevel [70ms]
2025-06-11 00:58:33.136 [info] > git rev-parse --git-dir --git-common-dir [14ms]
2025-06-11 00:58:33.136 [info] [Model][openRepository] Opened repository (path): /home/nana/Documents/Home-lab
2025-06-11 00:58:33.136 [info] [Model][openRepository] Opened repository (real path): /home/nana/Documents/Home-lab
2025-06-11 00:58:33.139 [info] > git config --get commit.template [20ms]
2025-06-11 00:58:33.141 [info] > git rev-parse --show-toplevel [7ms]
2025-06-11 00:58:33.189 [info] > git for-each-ref --format=%(refname)%00%(upstream:short)%00%(objectname)%00%(upstream:track)%00%(upstream:remotename)%00%(upstream:remoteref) refs/heads/main refs/remotes/main [24ms]
2025-06-11 00:58:33.221 [warning] [Git][revParse] Unable to read file: ENOENT: no such file or directory, open '/home/nana/Documents/Home-lab/.git/refs/remotes/origin/main'
2025-06-11 00:58:33.234 [info] > git rev-parse refs/remotes/origin/main [14ms]
2025-06-11 00:58:33.339 [info] > git for-each-ref --sort -committerdate --format %(refname)%00%(objectname)%00%(*objectname) [33ms]
2025-06-11 00:58:33.478 [info] > git status -z -uall [217ms]
2025-06-11 00:58:33.664 [info] > git for-each-ref --format=%(refname)%00%(upstream:short)%00%(objectname)%00%(upstream:track)%00%(upstream:remotename)%00%(upstream:remoteref) refs/heads/main refs/remotes/main [71ms]
2025-06-11 00:58:40.138 [info] > git config --get --local branch.main.vscode-merge-base [6425ms]
2025-06-11 00:58:40.166 [info] > git config --get commit.template [6531ms]
2025-06-11 00:58:41.897 [info] > git for-each-ref --format=%(refname)%00%(upstream:short)%00%(objectname)%00%(upstream:track)%00%(upstream:remotename)%00%(upstream:remoteref) refs/heads/origin/main refs/remotes/origin/main [1733ms]
2025-06-11 00:58:43.286 [info] > git check-ignore -v -z --stdin [1266ms]
2025-06-11 00:58:43.297 [info] > git merge-base refs/heads/main refs/remotes/origin/main [1343ms]
2025-06-11 00:58:43.668 [info] > git diff --name-status -z --diff-filter=ADMR e0fdebfa9d97cda1784539a56dfe0c50de91d893...refs/remotes/origin/main [343ms]
2025-06-11 00:58:43.670 [info] > git for-each-ref --format=%(refname)%00%(upstream:short)%00%(objectname)%00%(upstream:track)%00%(upstream:remotename)%00%(upstream:remoteref) refs/heads/main refs/remotes/main [458ms]
2025-06-11 00:58:44.686 [warning] [Git][revParse] Unable to read file: ENOENT: no such file or directory, open '/home/nana/Documents/Home-lab/.git/refs/remotes/origin/main'
2025-06-11 00:58:44.755 [info] > git check-ignore -v -z --stdin [1042ms]
2025-06-11 00:58:44.803 [info] > git rev-parse refs/remotes/origin/main [117ms]
2025-06-11 00:58:44.883 [info] > git rev-parse --show-toplevel [897ms]
2025-06-11 00:58:45.004 [info] > git status -z -uall [157ms]
2025-06-11 00:58:45.008 [info] > git for-each-ref --sort -committerdate --format %(refname)%00%(objectname)%00%(*objectname) [125ms]
2025-06-11 00:58:45.117 [info] > git rev-parse --show-toplevel [122ms]
2025-06-11 00:58:45.620 [info] > git rev-parse --show-toplevel [448ms]
2025-06-11 00:58:48.416 [info] > git rev-parse --show-toplevel [2754ms]
2025-06-11 00:58:48.636 [info] > git rev-parse --show-toplevel [150ms]
2025-06-11 00:58:48.809 [info] > git rev-parse --show-toplevel [61ms]
2025-06-11 00:58:51.568 [info] > git rev-parse --show-toplevel [2717ms]
2025-06-11 00:58:51.712 [info] > git rev-parse --show-toplevel [39ms]
2025-06-11 00:58:51.757 [info] > git rev-parse --show-toplevel [15ms]
2025-06-11 00:58:51.801 [info] > git rev-parse --show-toplevel [12ms]
2025-06-11 00:58:51.842 [info] > git rev-parse --show-toplevel [5ms]
2025-06-11 00:58:51.951 [info] > git rev-parse --show-toplevel [71ms]
2025-06-11 00:58:52.000 [info] > git rev-parse --show-toplevel [16ms]
2025-06-11 00:58:52.046 [info] > git rev-parse --show-toplevel [8ms]
2025-06-11 00:58:52.103 [info] > git rev-parse --show-toplevel [5ms]
2025-06-11 00:58:52.134 [info] > git rev-parse --show-toplevel [4ms]
2025-06-11 00:58:52.178 [info] > git rev-parse --show-toplevel [9ms]
2025-06-11 00:58:52.220 [info] > git rev-parse --show-toplevel [7ms]
2025-06-11 00:58:52.261 [info] > git rev-parse --show-toplevel [9ms]
2025-06-11 00:58:52.513 [info] > git rev-parse --show-toplevel [224ms]
2025-06-11 00:58:52.600 [info] > git rev-parse --show-toplevel [23ms]
2025-06-11 00:58:52.686 [info] > git rev-parse --show-toplevel [10ms]
2025-06-11 00:58:52.738 [info] > git rev-parse --show-toplevel [5ms]
2025-06-11 00:58:52.789 [info] > git rev-parse --show-toplevel [3ms]
2025-06-11 00:58:52.850 [info] > git rev-parse --show-toplevel [14ms]
2025-06-11 00:58:52.902 [info] > git rev-parse --show-toplevel [6ms]
2025-06-11 00:58:52.950 [info] > git rev-parse --show-toplevel [10ms]
2025-06-11 00:58:53.022 [info] > git rev-parse --show-toplevel [19ms]
2025-06-11 00:58:53.089 [info] > git rev-parse --show-toplevel [17ms]
2025-06-11 00:58:53.138 [info] > git rev-parse --show-toplevel [5ms]
2025-06-11 00:58:53.271 [info] > git rev-parse --show-toplevel [32ms]
2025-06-11 00:58:53.415 [info] > git rev-parse --show-toplevel [101ms]
2025-06-11 00:58:53.472 [info] > git rev-parse --show-toplevel [23ms]
2025-06-11 00:58:53.523 [info] > git rev-parse --show-toplevel [23ms]
2025-06-11 00:58:53.555 [info] > git rev-parse --show-toplevel [5ms]
2025-06-11 00:58:53.584 [info] > git rev-parse --show-toplevel [3ms]
2025-06-11 00:58:53.641 [info] > git rev-parse --show-toplevel [31ms]
2025-06-11 00:58:53.810 [info] > git rev-parse --show-toplevel [140ms]
2025-06-11 00:58:53.895 [info] > git rev-parse --show-toplevel [11ms]
2025-06-11 00:58:53.942 [info] > git rev-parse --show-toplevel [4ms]
2025-06-11 00:58:53.984 [info] > git rev-parse --show-toplevel [9ms]
2025-06-11 00:58:54.014 [info] > git rev-parse --show-toplevel [4ms]
2025-06-11 00:58:54.172 [info] > git rev-parse --show-toplevel [131ms]
2025-06-11 00:58:54.212 [info] > git rev-parse --show-toplevel [4ms]
2025-06-11 00:58:54.266 [info] > git rev-parse --show-toplevel [6ms]
2025-06-11 00:58:54.390 [info] > git rev-parse --show-toplevel [31ms]
2025-06-11 00:58:54.606 [info] > git rev-parse --show-toplevel [179ms]
2025-06-11 00:58:54.856 [info] > git rev-parse --show-toplevel [185ms]
2025-06-11 00:58:54.946 [info] > git rev-parse --show-toplevel [47ms]
2025-06-11 00:58:54.989 [info] > git rev-parse --show-toplevel [8ms]
2025-06-11 00:58:55.029 [info] > git rev-parse --show-toplevel [2ms]
2025-06-11 00:58:55.062 [info] > git rev-parse --show-toplevel [4ms]
2025-06-11 00:58:55.094 [info] > git rev-parse --show-toplevel [1ms]
2025-06-11 00:58:55.139 [info] > git rev-parse --show-toplevel [9ms]
2025-06-11 00:58:55.436 [info] > git rev-parse --show-toplevel [150ms]
2025-06-11 00:58:55.525 [info] > git rev-parse --show-toplevel [4ms]
2025-06-11 00:58:55.584 [info] > git rev-parse --show-toplevel [6ms]
2025-06-11 00:58:55.637 [info] > git rev-parse --show-toplevel [10ms]
2025-06-11 00:58:55.672 [info] > git rev-parse --show-toplevel [6ms]
2025-06-11 00:58:55.736 [info] > git rev-parse --show-toplevel [7ms]
2025-06-11 00:58:55.810 [info] > git rev-parse --show-toplevel [45ms]
2025-06-11 00:58:55.843 [info] > git rev-parse --show-toplevel [5ms]
2025-06-11 00:58:55.879 [info] > git rev-parse --show-toplevel [8ms]
2025-06-11 00:58:55.916 [info] > git rev-parse --show-toplevel [7ms]
2025-06-11 00:58:55.955 [info] > git rev-parse --show-toplevel [3ms]
2025-06-11 00:58:55.990 [info] > git rev-parse --show-toplevel [4ms]
2025-06-11 00:58:56.030 [info] > git rev-parse --show-toplevel [5ms]
2025-06-11 00:58:56.068 [info] > git rev-parse --show-toplevel [5ms]
2025-06-11 00:58:56.122 [info] > git rev-parse --show-toplevel [18ms]
2025-06-11 00:58:56.180 [info] > git rev-parse --show-toplevel [7ms]
2025-06-11 00:58:56.254 [info] > git rev-parse --show-toplevel [15ms]
2025-06-11 00:58:56.314 [info] > git rev-parse --show-toplevel [14ms]
2025-06-11 00:58:56.368 [info] > git rev-parse --show-toplevel [12ms]
2025-06-11 00:58:56.436 [info] > git rev-parse --show-toplevel [10ms]
2025-06-11 00:58:56.495 [info] > git rev-parse --show-toplevel [10ms]
2025-06-11 00:58:56.554 [info] > git rev-parse --show-toplevel [8ms]
2025-06-11 00:58:56.607 [info] > git rev-parse --show-toplevel [12ms]
2025-06-11 00:58:56.644 [info] > git rev-parse --show-toplevel [3ms]
2025-06-11 00:58:56.694 [info] > git rev-parse --show-toplevel [2ms]
2025-06-11 00:58:56.731 [info] > git rev-parse --show-toplevel [6ms]
2025-06-11 00:58:56.767 [info] > git rev-parse --show-toplevel [4ms]
2025-06-11 00:58:56.803 [info] > git rev-parse --show-toplevel [4ms]
2025-06-11 00:58:56.847 [info] > git rev-parse --show-toplevel [5ms]
2025-06-11 00:58:56.889 [info] > git rev-parse --show-toplevel [4ms]
2025-06-11 00:58:56.930 [info] > git rev-parse --show-toplevel [4ms]
2025-06-11 00:58:56.965 [info] > git rev-parse --show-toplevel [3ms]
2025-06-11 00:58:56.999 [info] > git rev-parse --show-toplevel [4ms]
2025-06-11 00:58:57.036 [info] > git rev-parse --show-toplevel [3ms]
2025-06-11 00:58:57.067 [info] > git rev-parse --show-toplevel [4ms]
2025-06-11 00:58:57.098 [info] > git rev-parse --show-toplevel [3ms]
2025-06-11 00:58:57.135 [info] > git rev-parse --show-toplevel [6ms]
2025-06-11 00:58:57.172 [info] > git rev-parse --show-toplevel [3ms]
2025-06-11 00:58:57.255 [info] > git rev-parse --show-toplevel [10ms]
2025-06-11 00:58:57.344 [info] > git rev-parse --show-toplevel [13ms]
2025-06-11 00:58:57.906 [info] > git rev-parse --show-toplevel [498ms]
2025-06-11 00:58:57.955 [info] > git rev-parse --show-toplevel [9ms]
2025-06-11 00:58:57.988 [info] > git rev-parse --show-toplevel [3ms]
2025-06-11 00:58:58.042 [info] > git rev-parse --show-toplevel [17ms]
2025-06-11 00:58:58.085 [info] > git rev-parse --show-toplevel [10ms]
2025-06-11 00:58:58.119 [info] > git rev-parse --show-toplevel [4ms]
2025-06-11 00:58:58.151 [info] > git rev-parse --show-toplevel [3ms]
2025-06-11 00:58:58.184 [info] > git rev-parse --show-toplevel [3ms]
2025-06-11 00:58:58.215 [info] > git rev-parse --show-toplevel [4ms]
2025-06-11 00:58:58.246 [info] > git rev-parse --show-toplevel [3ms]
2025-06-11 00:58:58.277 [info] > git rev-parse --show-toplevel [3ms]
2025-06-11 00:58:58.307 [info] > git rev-parse --show-toplevel [3ms]
2025-06-11 00:58:58.337 [info] > git rev-parse --show-toplevel [3ms]
2025-06-11 00:58:58.369 [info] > git rev-parse --show-toplevel [3ms]
2025-06-11 00:58:58.374 [info] [Model][doInitialScan] Initial repository scan completed - repositories (1), closed repositories (0), parent repositories (0), unsafe repositories (0)
2025-06-11 00:58:58.480 [info] > git show --textconv :vaultwarden/docker-compose.yml [73ms]
2025-06-11 00:58:58.481 [info] > git ls-files --stage -- vaultwarden/docker-compose.yml [42ms]
2025-06-11 00:58:58.581 [info] > git cat-file -s a67ec4d05c633a6b64a9fc6178b240b9f682c1f3 [66ms]
2025-06-11 00:58:58.584 [info] > git config --get commit.template [104ms]
2025-06-11 00:58:58.644 [info] > git for-each-ref --format=%(refname)%00%(upstream:short)%00%(objectname)%00%(upstream:track)%00%(upstream:remotename)%00%(upstream:remoteref) refs/heads/main refs/remotes/main [16ms]
2025-06-11 00:58:58.689 [warning] [Git][revParse] Unable to read file: ENOENT: no such file or directory, open '/home/nana/Documents/Home-lab/.git/refs/remotes/origin/main'
2025-06-11 00:58:58.692 [info] > git rev-parse refs/remotes/origin/main [3ms]
2025-06-11 00:58:58.830 [info] > git status -z -uall [101ms]
2025-06-11 00:58:58.831 [info] > git for-each-ref --sort -committerdate --format %(refname)%00%(objectname)%00%(*objectname) [59ms]
2025-06-11 00:58:58.893 [info] > git blame --root --incremental e0fdebfa9d97cda1784539a56dfe0c50de91d893 -- vaultwarden/docker-compose.yml [67ms]
2025-06-11 00:58:59.654 [info] > git config --get --local branch.main.github-pr-owner-number [384ms]
2025-06-11 00:58:59.654 [warning] [Git][config] git config failed: Failed to execute git
2025-06-11 01:04:55.301 [info] > git check-ignore -v -z --stdin [3ms]
2025-06-11 01:04:56.685 [info] > git show --textconv :pwgen-gen/docker-compose.yml [209ms]
2025-06-11 01:04:56.760 [info] > git ls-files --stage -- pwgen-gen/docker-compose.yml [81ms]
2025-06-11 01:04:56.835 [info] > git cat-file -s 6cacabe57bbbce21bc3ca3851ffb7da03df7ebc4 [13ms]
2025-06-11 01:04:57.672 [info] > git blame --root --incremental e0fdebfa9d97cda1784539a56dfe0c50de91d893 -- pwgen-gen/docker-compose.yml [65ms]
2025-06-11 01:10:47.020 [info] > git check-ignore -v -z --stdin [9ms]
2025-06-11 01:10:48.531 [info] > git show --textconv :pico-share/docker-compose.yml [53ms]
2025-06-11 01:10:48.613 [info] > git ls-files --stage -- pico-share/docker-compose.yml [85ms]
2025-06-11 01:10:48.691 [info] > git cat-file -s 49841102f33884607d0dee674c8385c46106ee8a [10ms]
2025-06-11 01:19:32.496 [info] > git blame --root --incremental e0fdebfa9d97cda1784539a56dfe0c50de91d893 -- pico-share/docker-compose.yml [75ms]
2025-06-11 01:24:47.301 [info] > git check-ignore -v -z --stdin [4ms]
2025-06-11 01:24:55.186 [info] > git check-ignore -v -z --stdin [6ms]
2025-06-11 01:24:58.913 [info] > git check-ignore -v -z --stdin [5ms]
2025-06-11 01:26:48.560 [info] > git check-ignore -v -z --stdin [5ms]
2025-06-11 01:26:57.124 [info] > git show --textconv :dozzle/docker-compose.yml [143ms]
2025-06-11 01:26:57.127 [info] > git ls-files --stage -- dozzle/docker-compose.yml [79ms]
2025-06-11 01:26:57.207 [info] > git cat-file -s b88f7d861ff314f51a9541ed974f81ea621af439 [28ms]
2025-06-11 01:26:58.429 [info] > git blame --root --incremental e0fdebfa9d97cda1784539a56dfe0c50de91d893 -- dozzle/docker-compose.yml [44ms]
2025-06-11 01:27:41.240 [info] > git check-ignore -v -z --stdin [4ms]
2025-06-11 01:27:43.095 [info] > git show --textconv :dozzle/dozzle-data/users.yml [152ms]
2025-06-11 01:27:43.244 [info] > git ls-files --stage -- dozzle/dozzle-data/users.yml [153ms]
2025-06-11 01:27:43.331 [info] > git cat-file -s 7d3ab9fd2da7fe47df51f1f5324140b74f03485c [23ms]
2025-06-11 01:27:43.661 [info] > git blame --root --incremental e0fdebfa9d97cda1784539a56dfe0c50de91d893 -- dozzle/dozzle-data/users.yml [47ms]
2025-06-11 01:30:31.344 [info] > git check-ignore -v -z --stdin [6ms]
2025-06-11 01:30:35.202 [info] > git show --textconv :Beszel/dockerv3-compose.yaml [163ms]
2025-06-11 01:30:35.207 [info] > git ls-files --stage -- Beszel/dockerv3-compose.yaml [10ms]
2025-06-11 01:30:35.431 [info] > git cat-file -s 0d8ec41d2e052a851dc702a16966faf8b47324c3 [172ms]
2025-06-11 01:30:36.975 [info] > git blame --root --incremental e0fdebfa9d97cda1784539a56dfe0c50de91d893 -- Beszel/dockerv3-compose.yaml [17ms]
