2025-06-08 16:31:49.393 [info] [main] Log level: Info
2025-06-08 16:31:49.393 [info] [main] Validating found git in: "git"
2025-06-08 16:31:49.393 [info] [main] Using git "2.49.0" from "git"
2025-06-08 16:31:49.393 [info] [Model][doInitialScan] Initial repository scan started
2025-06-08 16:31:49.394 [info] > git rev-parse --show-toplevel [555ms]
2025-06-08 16:31:49.394 [info] > git rev-parse --git-dir --git-common-dir [914ms]
2025-06-08 16:31:49.394 [info] [Model][openRepository] Opened repository (path): /home/nana/Documents/Home-lab
2025-06-08 16:31:49.394 [info] [Model][openRepository] Opened repository (real path): /home/nana/Documents/Home-lab
2025-06-08 16:31:49.394 [info] > git rev-parse --show-toplevel [978ms]
2025-06-08 16:31:49.394 [info] > git config --get commit.template [1014ms]
2025-06-08 16:31:49.755 [info] > git for-each-ref --format=%(refname)%00%(upstream:short)%00%(objectname)%00%(upstream:track)%00%(upstream:remotename)%00%(upstream:remoteref) refs/heads/main refs/remotes/main [118ms]
2025-06-08 16:31:49.809 [warning] [Git][revParse] Unable to read file: ENOENT: no such file or directory, open '/home/nana/Documents/Home-lab/.git/refs/remotes/origin/main'
2025-06-08 16:31:49.908 [info] > git rev-parse refs/remotes/origin/main [99ms]
2025-06-08 16:31:50.179 [info] > git status -z -uall [216ms]
2025-06-08 16:31:50.179 [info] > git check-ignore -v -z --stdin [105ms]
2025-06-08 16:31:50.192 [info] > git for-each-ref --sort -committerdate --format %(refname)%00%(objectname)%00%(*objectname) [170ms]
2025-06-08 16:31:51.252 [info] > git for-each-ref --format=%(refname)%00%(upstream:short)%00%(objectname)%00%(upstream:track)%00%(upstream:remotename)%00%(upstream:remoteref) refs/heads/main refs/remotes/main [962ms]
2025-06-08 16:31:51.392 [info] > git config --get --local branch.main.vscode-merge-base [92ms]
2025-06-08 16:31:51.462 [info] > git config --get commit.template [314ms]
2025-06-08 16:31:51.624 [info] > git for-each-ref --format=%(refname)%00%(upstream:short)%00%(objectname)%00%(upstream:track)%00%(upstream:remotename)%00%(upstream:remoteref) refs/heads/origin/main refs/remotes/origin/main [170ms]
2025-06-08 16:31:52.169 [info] > git merge-base refs/heads/main refs/remotes/origin/main [506ms]
2025-06-08 16:31:52.289 [info] > git diff --name-status -z --diff-filter=ADMR e0fdebfa9d97cda1784539a56dfe0c50de91d893...refs/remotes/origin/main [94ms]
2025-06-08 16:31:52.290 [info] > git for-each-ref --format=%(refname)%00%(upstream:short)%00%(objectname)%00%(upstream:track)%00%(upstream:remotename)%00%(upstream:remoteref) refs/heads/main refs/remotes/main [124ms]
2025-06-08 16:31:52.326 [warning] [Git][revParse] Unable to read file: ENOENT: no such file or directory, open '/home/nana/Documents/Home-lab/.git/refs/remotes/origin/main'
2025-06-08 16:31:52.331 [info] > git rev-parse refs/remotes/origin/main [6ms]
2025-06-08 16:31:52.393 [info] > git status -z -uall [38ms]
2025-06-08 16:31:52.396 [info] > git for-each-ref --sort -committerdate --format %(refname)%00%(objectname)%00%(*objectname) [6ms]
2025-06-08 16:31:52.550 [info] > git rev-parse --show-toplevel [3ms]
2025-06-08 16:31:52.664 [info] > git rev-parse --show-toplevel [88ms]
2025-06-08 16:31:52.704 [info] > git rev-parse --show-toplevel [11ms]
2025-06-08 16:31:52.774 [info] > git rev-parse --show-toplevel [36ms]
2025-06-08 16:31:52.830 [info] > git rev-parse --show-toplevel [15ms]
2025-06-08 16:31:52.863 [info] > git rev-parse --show-toplevel [4ms]
2025-06-08 16:31:52.895 [info] > git rev-parse --show-toplevel [3ms]
2025-06-08 16:31:53.009 [info] > git rev-parse --show-toplevel [76ms]
2025-06-08 16:31:53.096 [info] > git rev-parse --show-toplevel [46ms]
2025-06-08 16:31:53.149 [info] > git rev-parse --show-toplevel [3ms]
2025-06-08 16:31:53.184 [info] > git rev-parse --show-toplevel [2ms]
2025-06-08 16:31:53.278 [info] > git rev-parse --show-toplevel [60ms]
2025-06-08 16:31:53.367 [info] > git rev-parse --show-toplevel [55ms]
2025-06-08 16:31:53.436 [info] > git rev-parse --show-toplevel [36ms]
2025-06-08 16:31:53.465 [info] > git rev-parse --show-toplevel [3ms]
2025-06-08 16:31:53.502 [info] > git rev-parse --show-toplevel [7ms]
2025-06-08 16:31:53.530 [info] > git rev-parse --show-toplevel [2ms]
2025-06-08 16:31:53.560 [info] > git rev-parse --show-toplevel [5ms]
2025-06-08 16:31:53.592 [info] > git rev-parse --show-toplevel [6ms]
2025-06-08 16:31:53.627 [info] > git rev-parse --show-toplevel [3ms]
2025-06-08 16:31:53.655 [info] > git rev-parse --show-toplevel [3ms]
2025-06-08 16:31:53.685 [info] > git rev-parse --show-toplevel [3ms]
2025-06-08 16:31:53.715 [info] > git rev-parse --show-toplevel [3ms]
2025-06-08 16:31:53.752 [info] > git rev-parse --show-toplevel [4ms]
2025-06-08 16:31:53.787 [info] > git rev-parse --show-toplevel [3ms]
2025-06-08 16:31:53.823 [info] > git rev-parse --show-toplevel [2ms]
2025-06-08 16:31:53.859 [info] > git rev-parse --show-toplevel [2ms]
2025-06-08 16:31:53.886 [info] > git rev-parse --show-toplevel [2ms]
2025-06-08 16:31:53.914 [info] > git rev-parse --show-toplevel [2ms]
2025-06-08 16:31:53.942 [info] > git rev-parse --show-toplevel [3ms]
2025-06-08 16:31:53.973 [info] > git rev-parse --show-toplevel [6ms]
2025-06-08 16:31:54.001 [info] > git rev-parse --show-toplevel [2ms]
2025-06-08 16:31:54.029 [info] > git rev-parse --show-toplevel [3ms]
2025-06-08 16:31:54.056 [info] > git rev-parse --show-toplevel [2ms]
2025-06-08 16:31:54.084 [info] > git rev-parse --show-toplevel [3ms]
2025-06-08 16:31:54.116 [info] > git rev-parse --show-toplevel [2ms]
2025-06-08 16:31:54.144 [info] > git rev-parse --show-toplevel [2ms]
2025-06-08 16:31:54.172 [info] > git rev-parse --show-toplevel [2ms]
2025-06-08 16:31:54.206 [info] > git rev-parse --show-toplevel [9ms]
2025-06-08 16:31:54.236 [info] > git rev-parse --show-toplevel [2ms]
2025-06-08 16:31:54.263 [info] > git rev-parse --show-toplevel [2ms]
2025-06-08 16:31:54.290 [info] > git rev-parse --show-toplevel [2ms]
2025-06-08 16:31:54.317 [info] > git rev-parse --show-toplevel [2ms]
2025-06-08 16:31:54.354 [info] > git rev-parse --show-toplevel [2ms]
2025-06-08 16:31:54.456 [info] > git rev-parse --show-toplevel [67ms]
2025-06-08 16:31:54.486 [info] > git rev-parse --show-toplevel [3ms]
2025-06-08 16:31:54.520 [info] > git rev-parse --show-toplevel [8ms]
2025-06-08 16:31:54.549 [info] > git rev-parse --show-toplevel [2ms]
2025-06-08 16:31:54.576 [info] > git rev-parse --show-toplevel [2ms]
2025-06-08 16:31:54.616 [info] > git rev-parse --show-toplevel [15ms]
2025-06-08 16:31:54.643 [info] > git rev-parse --show-toplevel [2ms]
2025-06-08 16:31:54.672 [info] > git rev-parse --show-toplevel [2ms]
2025-06-08 16:31:57.483 [info] > git rev-parse --show-toplevel [2786ms]
2025-06-08 16:31:57.521 [info] > git rev-parse --show-toplevel [5ms]
2025-06-08 16:31:57.557 [info] > git rev-parse --show-toplevel [4ms]
2025-06-08 16:31:57.635 [info] > git rev-parse --show-toplevel [50ms]
2025-06-08 16:31:57.667 [info] > git rev-parse --show-toplevel [2ms]
2025-06-08 16:31:57.697 [info] > git rev-parse --show-toplevel [3ms]
2025-06-08 16:31:57.728 [info] > git rev-parse --show-toplevel [5ms]
2025-06-08 16:31:57.759 [info] > git rev-parse --show-toplevel [4ms]
2025-06-08 16:31:57.790 [info] > git rev-parse --show-toplevel [3ms]
2025-06-08 16:31:57.818 [info] > git rev-parse --show-toplevel [2ms]
2025-06-08 16:31:57.855 [info] > git rev-parse --show-toplevel [9ms]
2025-06-08 16:31:57.905 [info] > git rev-parse --show-toplevel [11ms]
2025-06-08 16:31:57.941 [info] > git rev-parse --show-toplevel [8ms]
2025-06-08 16:31:57.974 [info] > git rev-parse --show-toplevel [5ms]
2025-06-08 16:31:58.010 [info] > git rev-parse --show-toplevel [2ms]
2025-06-08 16:31:58.040 [info] > git rev-parse --show-toplevel [3ms]
2025-06-08 16:31:58.071 [info] > git rev-parse --show-toplevel [3ms]
2025-06-08 16:31:58.108 [info] > git rev-parse --show-toplevel [9ms]
2025-06-08 16:31:58.137 [info] > git rev-parse --show-toplevel [3ms]
2025-06-08 16:31:58.168 [info] > git rev-parse --show-toplevel [3ms]
2025-06-08 16:31:58.198 [info] > git rev-parse --show-toplevel [2ms]
2025-06-08 16:31:58.230 [info] > git rev-parse --show-toplevel [3ms]
2025-06-08 16:31:58.265 [info] > git rev-parse --show-toplevel [6ms]
2025-06-08 16:31:58.343 [info] > git rev-parse --show-toplevel [16ms]
2025-06-08 16:31:58.671 [info] > git rev-parse --show-toplevel [271ms]
2025-06-08 16:31:58.735 [info] > git rev-parse --show-toplevel [33ms]
2025-06-08 16:31:58.769 [info] > git rev-parse --show-toplevel [3ms]
2025-06-08 16:31:58.800 [info] > git rev-parse --show-toplevel [3ms]
2025-06-08 16:31:58.960 [info] > git rev-parse --show-toplevel [131ms]
2025-06-08 16:31:59.009 [info] > git rev-parse --show-toplevel [5ms]
2025-06-08 16:31:59.043 [info] > git rev-parse --show-toplevel [5ms]
2025-06-08 16:31:59.079 [info] > git rev-parse --show-toplevel [8ms]
2025-06-08 16:31:59.112 [info] > git rev-parse --show-toplevel [3ms]
2025-06-08 16:31:59.144 [info] > git rev-parse --show-toplevel [3ms]
2025-06-08 16:31:59.176 [info] > git rev-parse --show-toplevel [3ms]
2025-06-08 16:31:59.205 [info] > git rev-parse --show-toplevel [2ms]
2025-06-08 16:31:59.238 [info] > git rev-parse --show-toplevel [4ms]
2025-06-08 16:31:59.273 [info] > git rev-parse --show-toplevel [6ms]
2025-06-08 16:31:59.312 [info] > git rev-parse --show-toplevel [8ms]
2025-06-08 16:31:59.344 [info] > git rev-parse --show-toplevel [5ms]
2025-06-08 16:31:59.375 [info] > git rev-parse --show-toplevel [3ms]
2025-06-08 16:31:59.405 [info] > git rev-parse --show-toplevel [2ms]
2025-06-08 16:31:59.439 [info] > git rev-parse --show-toplevel [5ms]
2025-06-08 16:31:59.471 [info] > git rev-parse --show-toplevel [3ms]
2025-06-08 16:31:59.501 [info] > git rev-parse --show-toplevel [3ms]
2025-06-08 16:31:59.530 [info] > git rev-parse --show-toplevel [2ms]
2025-06-08 16:31:59.560 [info] > git rev-parse --show-toplevel [3ms]
2025-06-08 16:31:59.590 [info] > git rev-parse --show-toplevel [3ms]
2025-06-08 16:31:59.621 [info] > git rev-parse --show-toplevel [2ms]
2025-06-08 16:31:59.658 [info] > git rev-parse --show-toplevel [9ms]
2025-06-08 16:31:59.687 [info] > git rev-parse --show-toplevel [2ms]
2025-06-08 16:31:59.721 [info] > git rev-parse --show-toplevel [7ms]
2025-06-08 16:31:59.750 [info] > git rev-parse --show-toplevel [3ms]
2025-06-08 16:31:59.778 [info] > git rev-parse --show-toplevel [2ms]
2025-06-08 16:31:59.807 [info] > git rev-parse --show-toplevel [3ms]
2025-06-08 16:31:59.836 [info] > git rev-parse --show-toplevel [2ms]
2025-06-08 16:31:59.840 [info] [Model][doInitialScan] Initial repository scan completed - repositories (1), closed repositories (0), parent repositories (0), unsafe repositories (0)
2025-06-08 16:31:59.940 [info] > git show --textconv :watch-tower/.env [70ms]
2025-06-08 16:31:59.940 [info] > git ls-files --stage -- watch-tower/.env [41ms]
2025-06-08 16:32:00.023 [info] > git cat-file -s 4b0edb218883ea7d1003166e6cd063838f474f2e [56ms]
2025-06-08 16:32:00.025 [info] > git config --get commit.template [85ms]
2025-06-08 16:32:00.087 [info] > git for-each-ref --format=%(refname)%00%(upstream:short)%00%(objectname)%00%(upstream:track)%00%(upstream:remotename)%00%(upstream:remoteref) refs/heads/main refs/remotes/main [13ms]
2025-06-08 16:32:00.124 [warning] [Git][revParse] Unable to read file: ENOENT: no such file or directory, open '/home/nana/Documents/Home-lab/.git/refs/remotes/origin/main'
2025-06-08 16:32:00.126 [info] > git rev-parse refs/remotes/origin/main [2ms]
2025-06-08 16:32:00.187 [info] > git status -z -uall [32ms]
2025-06-08 16:32:00.189 [info] > git for-each-ref --sort -committerdate --format %(refname)%00%(objectname)%00%(*objectname) [4ms]
2025-06-08 16:32:00.288 [info] > git blame --root --incremental e0fdebfa9d97cda1784539a56dfe0c50de91d893 -- watch-tower/.env [50ms]
2025-06-08 16:32:01.672 [info] > git config --get --local branch.main.github-pr-owner-number [184ms]
2025-06-08 16:32:01.672 [warning] [Git][config] git config failed: Failed to execute git
2025-06-08 16:32:07.395 [info] > git show --textconv :watch-tower/docker-compose.yml [157ms]
2025-06-08 16:32:07.395 [info] > git ls-files --stage -- watch-tower/docker-compose.yml [71ms]
2025-06-08 16:32:07.462 [info] > git cat-file -s 0c86a3523168402592f6345d204ec3725fe2ce0f [24ms]
2025-06-08 16:32:08.001 [info] > git blame --root --incremental e0fdebfa9d97cda1784539a56dfe0c50de91d893 -- watch-tower/docker-compose.yml [95ms]
