2025-06-06 01:12:49.112 [info] Experiment 'pythonRecommendTensorboardExt' is active
2025-06-06 01:12:49.112 [info] Experiment 'pythonTerminalEnvVarActivation' is active
2025-06-06 01:12:49.521 [info] Starting Environment refresh
2025-06-06 01:12:49.521 [info] Searching for interpreters in posix paths locator
2025-06-06 01:12:49.611 [info] Searching for pyenv environments
2025-06-06 01:12:49.611 [info] Searching for conda environments
2025-06-06 01:12:49.618 [info] Searching for global virtual environments
2025-06-06 01:12:49.618 [info] Searching for custom virtual environments
2025-06-06 01:12:49.687 [info] pyenv is not installed
2025-06-06 01:12:49.687 [info] Finished searching for pyenv environments: 159 milliseconds
2025-06-06 01:12:49.696 [info] Finished searching for custom virtual envs: 149 milliseconds
2025-06-06 01:12:49.840 [info] > conda info --json
2025-06-06 01:12:49.908 [info] Finished searching for global virtual envs: 362 milliseconds
2025-06-06 01:12:49.964 [info] Found: /bin/python --> /bin/python3.13
2025-06-06 01:12:49.965 [info] Found: /bin/python3 --> /bin/python3.13
2025-06-06 01:12:49.967 [info] Found: /bin/python3.13 --> /bin/python3.13
2025-06-06 01:12:50.138 [info] Found: /sbin/python --> /sbin/python3.13
2025-06-06 01:12:50.150 [info] Found: /sbin/python3 --> /sbin/python3.13
2025-06-06 01:12:50.157 [info] Found: /sbin/python3.13 --> /sbin/python3.13
2025-06-06 01:12:50.220 [info] Found: /usr/bin/python --> /usr/bin/python3.13
2025-06-06 01:12:50.228 [info] Found: /usr/bin/python3 --> /usr/bin/python3.13
2025-06-06 01:12:50.228 [info] Found: /usr/bin/python3.13 --> /usr/bin/python3.13
2025-06-06 01:12:50.415 [info] Found: /usr/sbin/python --> /usr/sbin/python3.13
2025-06-06 01:12:50.416 [info] Found: /usr/sbin/python3 --> /usr/sbin/python3.13
2025-06-06 01:12:50.416 [info] Found: /usr/sbin/python3.13 --> /usr/sbin/python3.13
2025-06-06 01:12:50.544 [info] > /bin/python -I ~/.vscode/extensions/ms-python.python-2025.6.1-linux-x64/python_files/get_output_via_markers.py ~/.vscode/extensions/ms-python.python-2025.6.1-linux-x64/python_files/interpreterInfo.py
2025-06-06 01:12:50.725 [info] > /sbin/python -I ~/.vscode/extensions/ms-python.python-2025.6.1-linux-x64/python_files/get_output_via_markers.py ~/.vscode/extensions/ms-python.python-2025.6.1-linux-x64/python_files/interpreterInfo.py
2025-06-06 01:12:50.796 [info] Finished searching for interpreters in posix paths locator: 1282 milliseconds
2025-06-06 01:12:50.828 [info] Environments refresh paths discovered (event): 1320 milliseconds
2025-06-06 01:12:50.828 [info] Environments refresh paths discovered: 1321 milliseconds
2025-06-06 01:12:51.171 [info] > /usr/bin/python -I ~/.vscode/extensions/ms-python.python-2025.6.1-linux-x64/python_files/get_output_via_markers.py ~/.vscode/extensions/ms-python.python-2025.6.1-linux-x64/python_files/interpreterInfo.py
2025-06-06 01:12:51.433 [info] > /usr/sbin/python -I ~/.vscode/extensions/ms-python.python-2025.6.1-linux-x64/python_files/get_output_via_markers.py ~/.vscode/extensions/ms-python.python-2025.6.1-linux-x64/python_files/interpreterInfo.py
2025-06-06 01:12:51.758 [info] Environments refresh finished (event): 2251 milliseconds
2025-06-06 01:12:51.822 [info] Environment refresh took 2320 milliseconds
2025-06-06 01:12:51.851 [info] Python interpreter path: /bin/python
2025-06-06 01:12:55.102 [warning] Shell integration may not be active, environment activated may be overridden by the shell.
2025-06-06 01:12:55.264 [info] Shell integration status changed, can confirm it's working.
2025-06-06 01:13:05.147 [info] Starting Pylance language server.
