2025-06-10 11:38:45.821 [info] [main] Log level: Info
2025-06-10 11:38:45.821 [info] [main] Validating found git in: "git"
2025-06-10 11:38:45.821 [info] [main] Using git "2.49.0" from "git"
2025-06-10 11:38:45.821 [info] [Model][doInitialScan] Initial repository scan started
2025-06-10 11:38:45.821 [info] > git rev-parse --show-toplevel [69ms]
2025-06-10 11:38:45.823 [info] > git rev-parse --git-dir --git-common-dir [7ms]
2025-06-10 11:38:45.863 [info] [Model][openRepository] Opened repository (path): /home/nana/Documents/Home-lab
2025-06-10 11:38:45.863 [info] [Model][openRepository] Opened repository (real path): /home/nana/Documents/Home-lab
2025-06-10 11:38:45.977 [info] > git config --get commit.template [79ms]
2025-06-10 11:38:53.098 [info] > git for-each-ref --format=%(refname)%00%(upstream:short)%00%(objectname)%00%(upstream:track)%00%(upstream:remotename)%00%(upstream:remoteref) refs/heads/main refs/remotes/main [6364ms]
2025-06-10 11:38:54.394 [warning] [Git][revParse] Unable to read file: ENOENT: no such file or directory, open '/home/nana/Documents/Home-lab/.git/refs/remotes/origin/main'
2025-06-10 11:38:55.250 [info] > git check-ignore -v -z --stdin [616ms]
2025-06-10 11:38:55.270 [info] > git rev-parse refs/remotes/origin/main [876ms]
2025-06-10 11:38:55.554 [info] > git status -z -uall [221ms]
2025-06-10 11:38:55.558 [info] > git for-each-ref --sort -committerdate --format %(refname)%00%(objectname)%00%(*objectname) [188ms]
2025-06-10 11:38:56.336 [info] > git for-each-ref --format=%(refname)%00%(upstream:short)%00%(objectname)%00%(upstream:track)%00%(upstream:remotename)%00%(upstream:remoteref) refs/heads/main refs/remotes/main [731ms]
2025-06-10 11:38:56.398 [info] > git config --get --local branch.main.vscode-merge-base [38ms]
2025-06-10 11:38:56.424 [info] > git config --get commit.template [92ms]
2025-06-10 11:38:56.469 [info] > git for-each-ref --format=%(refname)%00%(upstream:short)%00%(objectname)%00%(upstream:track)%00%(upstream:remotename)%00%(upstream:remoteref) refs/heads/origin/main refs/remotes/origin/main [46ms]
2025-06-10 11:38:56.561 [info] > git merge-base refs/heads/main refs/remotes/origin/main [67ms]
2025-06-10 11:38:56.624 [info] > git diff --name-status -z --diff-filter=ADMR e0fdebfa9d97cda1784539a56dfe0c50de91d893...refs/remotes/origin/main [38ms]
2025-06-10 11:38:56.625 [info] > git for-each-ref --format=%(refname)%00%(upstream:short)%00%(objectname)%00%(upstream:track)%00%(upstream:remotename)%00%(upstream:remoteref) refs/heads/main refs/remotes/main [68ms]
2025-06-10 11:38:56.664 [warning] [Git][revParse] Unable to read file: ENOENT: no such file or directory, open '/home/nana/Documents/Home-lab/.git/refs/remotes/origin/main'
2025-06-10 11:38:56.721 [info] > git rev-parse refs/remotes/origin/main [57ms]
2025-06-10 11:38:57.473 [info] > git status -z -uall [730ms]
2025-06-10 11:38:57.473 [info] > git for-each-ref --sort -committerdate --format %(refname)%00%(objectname)%00%(*objectname) [706ms]
2025-06-10 11:38:58.037 [info] > git rev-parse --show-toplevel [10ms]
2025-06-10 11:38:58.065 [info] > git rev-parse --show-toplevel [3ms]
2025-06-10 11:38:58.092 [info] > git rev-parse --show-toplevel [3ms]
2025-06-10 11:38:58.191 [info] > git rev-parse --show-toplevel [20ms]
2025-06-10 11:38:58.231 [info] > git rev-parse --show-toplevel [9ms]
2025-06-10 11:38:58.291 [info] > git rev-parse --show-toplevel [29ms]
2025-06-10 11:38:58.344 [info] > git rev-parse --show-toplevel [28ms]
2025-06-10 11:38:58.380 [info] > git rev-parse --show-toplevel [3ms]
2025-06-10 11:38:58.414 [info] > git rev-parse --show-toplevel [3ms]
2025-06-10 11:38:58.448 [info] > git rev-parse --show-toplevel [3ms]
2025-06-10 11:38:58.478 [info] > git rev-parse --show-toplevel [5ms]
2025-06-10 11:38:58.506 [info] > git rev-parse --show-toplevel [3ms]
2025-06-10 11:38:58.540 [info] > git rev-parse --show-toplevel [7ms]
2025-06-10 11:38:58.578 [info] > git rev-parse --show-toplevel [14ms]
2025-06-10 11:38:58.608 [info] > git rev-parse --show-toplevel [5ms]
2025-06-10 11:38:58.637 [info] > git rev-parse --show-toplevel [3ms]
2025-06-10 11:38:58.664 [info] > git rev-parse --show-toplevel [2ms]
2025-06-10 11:38:58.691 [info] > git rev-parse --show-toplevel [2ms]
2025-06-10 11:38:58.719 [info] > git rev-parse --show-toplevel [2ms]
2025-06-10 11:38:58.746 [info] > git rev-parse --show-toplevel [3ms]
2025-06-10 11:38:58.773 [info] > git rev-parse --show-toplevel [3ms]
2025-06-10 11:38:58.800 [info] > git rev-parse --show-toplevel [2ms]
2025-06-10 11:38:58.828 [info] > git rev-parse --show-toplevel [2ms]
2025-06-10 11:38:58.856 [info] > git rev-parse --show-toplevel [3ms]
2025-06-10 11:38:58.883 [info] > git rev-parse --show-toplevel [2ms]
2025-06-10 11:38:58.910 [info] > git rev-parse --show-toplevel [2ms]
2025-06-10 11:38:58.940 [info] > git rev-parse --show-toplevel [2ms]
2025-06-10 11:38:58.971 [info] > git rev-parse --show-toplevel [3ms]
2025-06-10 11:38:59.006 [info] > git rev-parse --show-toplevel [4ms]
2025-06-10 11:38:59.038 [info] > git rev-parse --show-toplevel [6ms]
2025-06-10 11:38:59.067 [info] > git rev-parse --show-toplevel [4ms]
2025-06-10 11:38:59.094 [info] > git rev-parse --show-toplevel [2ms]
2025-06-10 11:38:59.121 [info] > git rev-parse --show-toplevel [3ms]
2025-06-10 11:38:59.148 [info] > git rev-parse --show-toplevel [2ms]
2025-06-10 11:38:59.276 [info] > git rev-parse --show-toplevel [103ms]
2025-06-10 11:38:59.350 [info] > git rev-parse --show-toplevel [35ms]
2025-06-10 11:38:59.388 [info] > git rev-parse --show-toplevel [9ms]
2025-06-10 11:38:59.492 [info] > git rev-parse --show-toplevel [66ms]
2025-06-10 11:38:59.523 [info] > git rev-parse --show-toplevel [6ms]
2025-06-10 11:38:59.550 [info] > git rev-parse --show-toplevel [2ms]
2025-06-10 11:38:59.578 [info] > git rev-parse --show-toplevel [3ms]
2025-06-10 11:38:59.605 [info] > git rev-parse --show-toplevel [2ms]
2025-06-10 11:38:59.640 [info] > git rev-parse --show-toplevel [9ms]
2025-06-10 11:38:59.668 [info] > git rev-parse --show-toplevel [2ms]
2025-06-10 11:38:59.695 [info] > git rev-parse --show-toplevel [2ms]
2025-06-10 11:38:59.726 [info] > git rev-parse --show-toplevel [6ms]
2025-06-10 11:38:59.759 [info] > git rev-parse --show-toplevel [7ms]
2025-06-10 11:38:59.791 [info] > git rev-parse --show-toplevel [6ms]
2025-06-10 11:38:59.818 [info] > git rev-parse --show-toplevel [2ms]
2025-06-10 11:38:59.846 [info] > git rev-parse --show-toplevel [3ms]
2025-06-10 11:38:59.873 [info] > git rev-parse --show-toplevel [2ms]
2025-06-10 11:38:59.900 [info] > git rev-parse --show-toplevel [2ms]
2025-06-10 11:38:59.927 [info] > git rev-parse --show-toplevel [2ms]
2025-06-10 11:38:59.971 [info] > git rev-parse --show-toplevel [18ms]
2025-06-10 11:38:59.999 [info] > git rev-parse --show-toplevel [2ms]
2025-06-10 11:39:00.026 [info] > git rev-parse --show-toplevel [2ms]
2025-06-10 11:39:00.061 [info] > git rev-parse --show-toplevel [10ms]
2025-06-10 11:39:00.091 [info] > git rev-parse --show-toplevel [4ms]
2025-06-10 11:39:00.192 [info] > git rev-parse --show-toplevel [76ms]
2025-06-10 11:39:00.220 [info] > git rev-parse --show-toplevel [2ms]
2025-06-10 11:39:00.247 [info] > git rev-parse --show-toplevel [3ms]
2025-06-10 11:39:00.274 [info] > git rev-parse --show-toplevel [2ms]
2025-06-10 11:39:00.303 [info] > git rev-parse --show-toplevel [3ms]
2025-06-10 11:39:00.331 [info] > git rev-parse --show-toplevel [2ms]
2025-06-10 11:39:00.373 [info] > git rev-parse --show-toplevel [17ms]
2025-06-10 11:39:00.403 [info] > git rev-parse --show-toplevel [4ms]
2025-06-10 11:39:00.431 [info] > git rev-parse --show-toplevel [3ms]
2025-06-10 11:39:00.465 [info] > git rev-parse --show-toplevel [7ms]
2025-06-10 11:39:00.496 [info] > git rev-parse --show-toplevel [6ms]
2025-06-10 11:39:00.523 [info] > git rev-parse --show-toplevel [3ms]
2025-06-10 11:39:00.551 [info] > git rev-parse --show-toplevel [2ms]
2025-06-10 11:39:00.579 [info] > git rev-parse --show-toplevel [2ms]
2025-06-10 11:39:00.607 [info] > git rev-parse --show-toplevel [3ms]
2025-06-10 11:39:00.634 [info] > git rev-parse --show-toplevel [2ms]
2025-06-10 11:39:00.661 [info] > git rev-parse --show-toplevel [2ms]
2025-06-10 11:39:00.688 [info] > git rev-parse --show-toplevel [3ms]
2025-06-10 11:39:00.715 [info] > git rev-parse --show-toplevel [2ms]
2025-06-10 11:39:00.805 [info] > git rev-parse --show-toplevel [64ms]
2025-06-10 11:39:00.834 [info] > git rev-parse --show-toplevel [4ms]
2025-06-10 11:39:01.107 [info] > git rev-parse --show-toplevel [245ms]
2025-06-10 11:39:01.149 [info] > git rev-parse --show-toplevel [5ms]
2025-06-10 11:39:01.187 [info] > git rev-parse --show-toplevel [6ms]
2025-06-10 11:39:01.215 [info] > git rev-parse --show-toplevel [2ms]
2025-06-10 11:39:01.292 [info] > git rev-parse --show-toplevel [40ms]
2025-06-10 11:39:01.321 [info] > git rev-parse --show-toplevel [3ms]
2025-06-10 11:39:01.349 [info] > git rev-parse --show-toplevel [2ms]
2025-06-10 11:39:01.382 [info] > git rev-parse --show-toplevel [7ms]
2025-06-10 11:39:01.410 [info] > git rev-parse --show-toplevel [3ms]
2025-06-10 11:39:01.438 [info] > git rev-parse --show-toplevel [3ms]
2025-06-10 11:39:01.465 [info] > git rev-parse --show-toplevel [2ms]
2025-06-10 11:39:01.494 [info] > git rev-parse --show-toplevel [3ms]
2025-06-10 11:39:04.639 [info] > git rev-parse --show-toplevel [3120ms]
2025-06-10 11:39:04.686 [info] > git rev-parse --show-toplevel [7ms]
2025-06-10 11:39:04.715 [info] > git rev-parse --show-toplevel [2ms]
2025-06-10 11:39:04.744 [info] > git rev-parse --show-toplevel [3ms]
2025-06-10 11:39:04.773 [info] > git rev-parse --show-toplevel [2ms]
2025-06-10 11:39:04.801 [info] > git rev-parse --show-toplevel [2ms]
2025-06-10 11:39:04.830 [info] > git rev-parse --show-toplevel [2ms]
2025-06-10 11:39:04.859 [info] > git rev-parse --show-toplevel [2ms]
2025-06-10 11:39:04.888 [info] > git rev-parse --show-toplevel [2ms]
2025-06-10 11:39:04.917 [info] > git rev-parse --show-toplevel [3ms]
2025-06-10 11:39:04.946 [info] > git rev-parse --show-toplevel [2ms]
2025-06-10 11:39:04.975 [info] > git rev-parse --show-toplevel [2ms]
2025-06-10 11:39:05.004 [info] > git rev-parse --show-toplevel [2ms]
2025-06-10 11:39:05.034 [info] > git rev-parse --show-toplevel [2ms]
2025-06-10 11:39:05.065 [info] > git rev-parse --show-toplevel [3ms]
2025-06-10 11:39:05.093 [info] > git rev-parse --show-toplevel [2ms]
2025-06-10 11:39:05.123 [info] > git rev-parse --show-toplevel [3ms]
2025-06-10 11:39:05.127 [info] [Model][doInitialScan] Initial repository scan completed - repositories (1), closed repositories (0), parent repositories (0), unsafe repositories (0)
2025-06-10 11:39:05.254 [info] > git config --get commit.template [82ms]
2025-06-10 11:39:05.291 [info] > git for-each-ref --format=%(refname)%00%(upstream:short)%00%(objectname)%00%(upstream:track)%00%(upstream:remotename)%00%(upstream:remoteref) refs/heads/main refs/remotes/main [6ms]
2025-06-10 11:39:05.318 [warning] [Git][revParse] Unable to read file: ENOENT: no such file or directory, open '/home/nana/Documents/Home-lab/.git/refs/remotes/origin/main'
2025-06-10 11:39:05.321 [info] > git rev-parse refs/remotes/origin/main [3ms]
2025-06-10 11:39:05.376 [info] > git status -z -uall [29ms]
2025-06-10 11:39:05.379 [info] > git for-each-ref --sort -committerdate --format %(refname)%00%(objectname)%00%(*objectname) [4ms]
2025-06-10 11:39:06.892 [info] > git config --get --local branch.main.github-pr-owner-number [160ms]
2025-06-10 11:39:06.892 [warning] [Git][config] git config failed: Failed to execute git
2025-06-10 11:39:08.724 [info] > git check-ignore -v -z --stdin [5ms]
2025-06-10 11:39:13.167 [info] > git show --textconv :little-link/docker-compose.yml [15ms]
2025-06-10 11:39:13.274 [info] > git ls-files --stage -- little-link/docker-compose.yml [8ms]
2025-06-10 11:39:14.459 [info] > git cat-file -s 2cbf56195a88e055583dfa9b50692fd3ab4da357 [1106ms]
2025-06-10 11:39:14.997 [info] > git blame --root --incremental e0fdebfa9d97cda1784539a56dfe0c50de91d893 -- little-link/docker-compose.yml [76ms]
2025-06-10 11:43:05.533 [info] > git check-ignore -v -z --stdin [4ms]
2025-06-10 11:43:07.215 [info] > git show --textconv :ghost/.env [58ms]
2025-06-10 11:43:07.217 [info] > git ls-files --stage -- ghost/.env [5ms]
2025-06-10 11:43:07.300 [info] > git cat-file -s 951344ebfdf4cebdf0f4e89f2a5a0b6662e9c6f9 [45ms]
2025-06-10 11:43:08.417 [info] > git blame --root --incremental e0fdebfa9d97cda1784539a56dfe0c50de91d893 -- ghost/.env [63ms]
2025-06-10 11:43:36.820 [info] > git show --textconv :ghost/docker-compose.yml [65ms]
2025-06-10 11:43:36.887 [info] > git ls-files --stage -- ghost/docker-compose.yml [69ms]
2025-06-10 11:43:36.941 [info] > git cat-file -s 2e57ced1c1050bfbf3eeb68776860548801610e0 [10ms]
2025-06-10 11:43:55.788 [info] > git blame --root --incremental e0fdebfa9d97cda1784539a56dfe0c50de91d893 -- ghost/docker-compose.yml [47ms]
2025-06-10 12:23:17.511 [info] > git check-ignore -v -z --stdin [12ms]
2025-06-10 12:23:18.294 [info] > git check-ignore -v -z --stdin [3ms]
2025-06-10 12:23:22.656 [info] > git check-ignore -v -z --stdin [7ms]
2025-06-10 12:23:24.311 [info] > git check-ignore -v -z --stdin [3ms]
2025-06-10 12:23:26.192 [info] > git show --textconv :portainer/docker-traefikv3-compose.yaml [93ms]
2025-06-10 12:23:26.219 [info] > git ls-files --stage -- portainer/docker-traefikv3-compose.yaml [41ms]
2025-06-10 12:23:26.292 [info] > git cat-file -s 59438dd56be738cf8cd50ede6a495b97771e239f [8ms]
2025-06-10 12:23:26.754 [info] > git blame --root --incremental e0fdebfa9d97cda1784539a56dfe0c50de91d893 -- portainer/docker-traefikv3-compose.yaml [38ms]
2025-06-10 12:29:52.405 [info] > git check-ignore -v -z --stdin [10ms]
2025-06-10 12:29:53.817 [info] > git show --textconv :immich/.env [57ms]
2025-06-10 12:29:53.905 [info] > git ls-files --stage -- immich/.env [91ms]
2025-06-10 12:29:53.975 [info] > git cat-file -s 5d7d9b03f127ad4aa146d4b938d2bc837ede67ef [18ms]
2025-06-10 12:29:54.933 [info] > git blame --root --incremental e0fdebfa9d97cda1784539a56dfe0c50de91d893 -- immich/.env [56ms]
2025-06-10 12:30:22.162 [info] > git show --textconv :immich/docker-compose.yml [61ms]
2025-06-10 12:30:22.174 [info] > git ls-files --stage -- immich/docker-compose.yml [18ms]
2025-06-10 12:30:22.244 [info] > git cat-file -s 54f320cb9729972e2258677844c43c071340c3dc [13ms]
2025-06-10 12:30:27.797 [info] > git blame --root --incremental e0fdebfa9d97cda1784539a56dfe0c50de91d893 -- immich/docker-compose.yml [52ms]
