2025-06-08 02:57:04.665 [info] Reading sessions from keychain...
2025-06-08 02:57:04.665 [info] Getting sessions for all scopes...
2025-06-08 02:57:04.665 [info] Getting sessions for all scopes...
2025-06-08 02:57:04.665 [info] Getting sessions for all scopes...
2025-06-08 02:57:04.665 [info] Getting sessions for all scopes...
2025-06-08 02:57:04.665 [info] Getting sessions for all scopes...
2025-06-08 02:57:04.665 [info] Getting sessions for all scopes...
2025-06-08 02:57:04.665 [info] Getting sessions for all scopes...
2025-06-08 02:57:04.665 [info] Got stored sessions!
2025-06-08 02:57:04.665 [info] Got 1 verified sessions.
2025-06-08 02:57:04.665 [info] Got 1 sessions for ...
2025-06-08 02:57:04.665 [info] Got 1 sessions for ...
2025-06-08 02:57:04.665 [info] Got 1 sessions for ...
2025-06-08 02:57:04.665 [info] Got 1 sessions for ...
2025-06-08 02:57:04.665 [info] Got 1 sessions for ...
2025-06-08 02:57:04.665 [info] Got 1 sessions for ...
2025-06-08 02:57:04.665 [info] Got 1 sessions for ...
2025-06-08 02:57:04.665 [info] Getting sessions for all scopes...
2025-06-08 02:57:04.665 [info] Got 1 sessions for ...
2025-06-08 02:57:04.665 [info] Getting sessions for all scopes...
2025-06-08 02:57:04.665 [info] Got 1 sessions for ...
2025-06-08 02:57:04.665 [info] Getting sessions for all scopes...
2025-06-08 02:57:04.665 [info] Got 1 sessions for ...
2025-06-08 02:57:04.665 [info] Getting sessions for all scopes...
2025-06-08 02:57:04.665 [info] Got 1 sessions for ...
2025-06-08 02:57:04.665 [info] Getting sessions for all scopes...
2025-06-08 02:57:04.665 [info] Got 1 sessions for ...
2025-06-08 02:57:04.665 [info] Getting sessions for all scopes...
2025-06-08 02:57:04.665 [info] Got 1 sessions for ...
2025-06-08 02:57:04.665 [info] Getting sessions for all scopes...
2025-06-08 02:57:04.665 [info] Got 1 sessions for ...
2025-06-08 02:57:12.255 [info] Getting sessions for all scopes...
2025-06-08 02:57:12.256 [info] Got 1 sessions for ...
2025-06-08 02:57:12.335 [info] Getting sessions for all scopes...
2025-06-08 02:57:12.336 [info] Got 1 sessions for ...
2025-06-08 02:57:14.324 [info] Getting sessions for read:user,repo,user:email...
2025-06-08 02:57:14.324 [info] Got 0 sessions for read:user,repo,user:email...
2025-06-08 02:57:14.325 [info] Getting sessions for all scopes...
2025-06-08 02:57:14.325 [info] Got 1 sessions for ...
2025-06-08 02:57:14.325 [info] Getting sessions for all scopes...
2025-06-08 02:57:14.325 [info] Got 1 sessions for ...
2025-06-08 02:57:14.381 [info] Getting sessions for project,read:org,read:user,repo,user:email,workflow...
2025-06-08 02:57:14.381 [info] Got 0 sessions for project,read:org,read:user,repo,user:email,workflow...
2025-06-08 02:57:14.381 [info] Getting sessions for all scopes...
2025-06-08 02:57:14.381 [info] Got 1 sessions for ...
2025-06-08 02:57:14.497 [info] Getting sessions for all scopes...
2025-06-08 02:57:14.497 [info] Got 1 sessions for ...
2025-06-08 02:57:15.343 [info] Getting sessions for read:user,repo,user:email,workflow...
2025-06-08 02:57:15.344 [info] Got 1 sessions for read:user,repo,user:email,workflow...
2025-06-08 02:57:15.582 [info] Getting sessions for read:user,repo,user:email,workflow...
2025-06-08 02:57:15.582 [info] Got 1 sessions for read:user,repo,user:email,workflow...
2025-06-08 02:57:15.582 [info] Getting sessions for read:user,repo,user:email,workflow...
2025-06-08 02:57:15.583 [info] Got 1 sessions for read:user,repo,user:email,workflow...
2025-06-08 02:57:16.050 [info] Getting sessions for read:user,repo,user:email,workflow...
2025-06-08 02:57:16.051 [info] Got 1 sessions for read:user,repo,user:email,workflow...
2025-06-08 02:57:16.366 [info] Getting sessions for all scopes...
2025-06-08 02:57:16.366 [info] Got 1 sessions for ...
2025-06-08 02:57:18.783 [info] Getting sessions for read:user,repo,user:email,workflow...
2025-06-08 02:57:18.783 [info] Got 1 sessions for read:user,repo,user:email,workflow...
2025-06-08 02:57:18.931 [info] Getting sessions for read:user,repo,user:email,workflow...
2025-06-08 02:57:18.931 [info] Got 1 sessions for read:user,repo,user:email,workflow...
2025-06-08 02:57:18.932 [info] Getting sessions for all scopes...
2025-06-08 02:57:18.932 [info] Got 1 sessions for ...
2025-06-08 02:57:19.076 [info] Getting sessions for read:user,repo,user:email,workflow...
2025-06-08 02:57:19.077 [info] Got 1 sessions for read:user,repo,user:email,workflow...
2025-06-08 02:57:24.204 [info] Getting sessions for read:user,repo,user:email...
2025-06-08 02:57:24.205 [info] Got 0 sessions for read:user,repo,user:email...
2025-06-08 02:57:24.206 [info] Getting sessions for all scopes...
2025-06-08 02:57:24.206 [info] Got 1 sessions for ...
2025-06-08 02:57:24.207 [info] Getting sessions for all scopes...
2025-06-08 02:57:24.207 [info] Got 1 sessions for ...
2025-06-08 02:57:24.383 [info] Getting sessions for read:user,repo,user:email,workflow...
2025-06-08 02:57:24.383 [info] Got 1 sessions for read:user,repo,user:email,workflow...
2025-06-08 02:57:24.424 [info] Getting sessions for all scopes...
2025-06-08 02:57:24.424 [info] Got 1 sessions for ...
2025-06-08 02:57:24.510 [info] Getting sessions for read:user,repo,user:email,workflow...
2025-06-08 02:57:24.510 [info] Got 1 sessions for read:user,repo,user:email,workflow...
2025-06-08 02:57:24.818 [info] Getting sessions for all scopes...
2025-06-08 02:57:24.818 [info] Got 1 sessions for ...
2025-06-08 02:57:24.985 [info] Getting sessions for read:user,repo,user:email,workflow...
2025-06-08 02:57:24.985 [info] Got 1 sessions for read:user,repo,user:email,workflow...
2025-06-08 02:57:25.055 [info] Getting sessions for all scopes...
2025-06-08 02:57:25.055 [info] Got 1 sessions for ...
2025-06-08 02:57:25.059 [info] Getting sessions for all scopes...
2025-06-08 02:57:25.059 [info] Got 1 sessions for ...
2025-06-08 02:57:27.757 [info] Getting sessions for all scopes...
2025-06-08 02:57:27.757 [info] Got 1 sessions for ...
2025-06-08 02:57:27.789 [info] Getting sessions for read:user,repo,user:email,workflow...
2025-06-08 02:57:27.789 [info] Got 1 sessions for read:user,repo,user:email,workflow...
2025-06-08 02:57:28.382 [info] Getting sessions for all scopes...
2025-06-08 02:57:28.382 [info] Got 1 sessions for ...
2025-06-08 02:57:28.389 [info] Getting sessions for read:user,repo,user:email,workflow...
2025-06-08 02:57:28.389 [info] Got 1 sessions for read:user,repo,user:email,workflow...
2025-06-08 03:12:27.826 [info] Getting sessions for all scopes...
2025-06-08 03:12:27.833 [info] Got 1 sessions for ...
2025-06-08 03:12:27.841 [info] Getting sessions for read:user,repo,user:email,workflow...
2025-06-08 03:12:27.841 [info] Got 1 sessions for read:user,repo,user:email,workflow...
2025-06-08 03:12:27.852 [info] Getting sessions for all scopes...
2025-06-08 03:12:27.852 [info] Got 1 sessions for ...
2025-06-08 03:12:27.860 [info] Getting sessions for read:user,repo,user:email,workflow...
2025-06-08 03:12:27.861 [info] Got 1 sessions for read:user,repo,user:email,workflow...
2025-06-08 03:27:28.189 [info] Getting sessions for all scopes...
2025-06-08 03:27:28.190 [info] Got 1 sessions for ...
2025-06-08 03:27:28.199 [info] Getting sessions for read:user,repo,user:email,workflow...
2025-06-08 03:27:28.199 [info] Got 1 sessions for read:user,repo,user:email,workflow...
2025-06-08 03:27:28.206 [info] Getting sessions for all scopes...
2025-06-08 03:27:28.206 [info] Got 1 sessions for ...
2025-06-08 03:27:28.212 [info] Getting sessions for read:user,repo,user:email,workflow...
2025-06-08 03:27:28.212 [info] Got 1 sessions for read:user,repo,user:email,workflow...
2025-06-08 03:27:29.103 [info] Getting sessions for all scopes...
2025-06-08 03:27:29.103 [info] Got 1 sessions for ...
2025-06-08 03:27:29.104 [info] Getting sessions for all scopes...
2025-06-08 03:27:29.104 [info] Got 1 sessions for ...
2025-06-08 03:27:29.107 [info] Getting sessions for read:user,repo,user:email,workflow...
2025-06-08 03:27:29.107 [info] Got 1 sessions for read:user,repo,user:email,workflow...
2025-06-08 03:27:29.111 [info] Getting sessions for all scopes...
2025-06-08 03:27:29.111 [info] Got 1 sessions for ...
2025-06-08 03:27:29.114 [info] Getting sessions for read:user,repo,user:email,workflow...
2025-06-08 03:27:29.115 [info] Got 1 sessions for read:user,repo,user:email,workflow...
2025-06-08 03:27:29.123 [info] Getting sessions for all scopes...
2025-06-08 03:27:29.123 [info] Got 1 sessions for ...
2025-06-08 03:27:29.125 [info] Getting sessions for read:user,repo,user:email,workflow...
2025-06-08 03:27:29.125 [info] Got 1 sessions for read:user,repo,user:email,workflow...
