2025-06-08 16:31:45.740 [info] Reading sessions from keychain...
2025-06-08 16:31:45.740 [info] Getting sessions for all scopes...
2025-06-08 16:31:45.740 [info] Getting sessions for all scopes...
2025-06-08 16:31:45.740 [info] Getting sessions for all scopes...
2025-06-08 16:31:45.740 [info] Getting sessions for all scopes...
2025-06-08 16:31:45.740 [info] Getting sessions for all scopes...
2025-06-08 16:31:45.740 [info] Getting sessions for all scopes...
2025-06-08 16:31:45.740 [info] Getting sessions for all scopes...
2025-06-08 16:31:45.740 [info] Getting sessions for all scopes...
2025-06-08 16:31:45.740 [info] Got stored sessions!
2025-06-08 16:31:45.740 [info] Got 1 verified sessions.
2025-06-08 16:31:45.740 [info] Got 1 sessions for ...
2025-06-08 16:31:45.740 [info] Got 1 sessions for ...
2025-06-08 16:31:45.740 [info] Got 1 sessions for ...
2025-06-08 16:31:45.740 [info] Got 1 sessions for ...
2025-06-08 16:31:45.740 [info] Got 1 sessions for ...
2025-06-08 16:31:45.740 [info] Got 1 sessions for ...
2025-06-08 16:31:45.740 [info] Got 1 sessions for ...
2025-06-08 16:31:45.740 [info] Got 1 sessions for ...
2025-06-08 16:31:45.740 [info] Getting sessions for all scopes...
2025-06-08 16:31:45.740 [info] Got 1 sessions for ...
2025-06-08 16:31:45.740 [info] Getting sessions for all scopes...
2025-06-08 16:31:45.740 [info] Got 1 sessions for ...
2025-06-08 16:31:45.740 [info] Getting sessions for all scopes...
2025-06-08 16:31:45.740 [info] Got 1 sessions for ...
2025-06-08 16:31:45.740 [info] Getting sessions for all scopes...
2025-06-08 16:31:45.740 [info] Got 1 sessions for ...
2025-06-08 16:31:45.740 [info] Getting sessions for all scopes...
2025-06-08 16:31:45.740 [info] Got 1 sessions for ...
2025-06-08 16:31:45.740 [info] Getting sessions for all scopes...
2025-06-08 16:31:45.740 [info] Got 1 sessions for ...
2025-06-08 16:31:46.447 [info] Getting sessions for all scopes...
2025-06-08 16:31:46.447 [info] Got 1 sessions for ...
2025-06-08 16:31:46.515 [info] Getting sessions for all scopes...
2025-06-08 16:31:46.515 [info] Got 1 sessions for ...
2025-06-08 16:31:48.118 [info] Getting sessions for read:user,repo,user:email...
2025-06-08 16:31:48.118 [info] Got 0 sessions for read:user,repo,user:email...
2025-06-08 16:31:48.155 [info] Getting sessions for all scopes...
2025-06-08 16:31:48.155 [info] Got 1 sessions for ...
2025-06-08 16:31:48.156 [info] Getting sessions for all scopes...
2025-06-08 16:31:48.156 [info] Got 1 sessions for ...
2025-06-08 16:31:48.157 [info] Getting sessions for project,read:org,read:user,repo,user:email,workflow...
2025-06-08 16:31:48.157 [info] Got 0 sessions for project,read:org,read:user,repo,user:email,workflow...
2025-06-08 16:31:48.385 [info] Getting sessions for all scopes...
2025-06-08 16:31:48.385 [info] Got 1 sessions for ...
2025-06-08 16:31:49.387 [info] Getting sessions for all scopes...
2025-06-08 16:31:49.387 [info] Got 1 sessions for ...
2025-06-08 16:31:49.474 [info] Getting sessions for read:user,repo,user:email,workflow...
2025-06-08 16:31:49.474 [info] Got 1 sessions for read:user,repo,user:email,workflow...
2025-06-08 16:31:49.759 [info] Getting sessions for read:user,repo,user:email,workflow...
2025-06-08 16:31:49.759 [info] Got 1 sessions for read:user,repo,user:email,workflow...
2025-06-08 16:31:49.761 [info] Getting sessions for read:user,repo,user:email,workflow...
2025-06-08 16:31:49.761 [info] Got 1 sessions for read:user,repo,user:email,workflow...
2025-06-08 16:31:51.329 [info] Getting sessions for all scopes...
2025-06-08 16:31:51.330 [info] Got 1 sessions for ...
2025-06-08 16:31:51.549 [info] Getting sessions for read:user,repo,user:email,workflow...
2025-06-08 16:31:51.549 [info] Got 1 sessions for read:user,repo,user:email,workflow...
2025-06-08 16:31:52.292 [info] Getting sessions for read:user,repo,user:email,workflow...
2025-06-08 16:31:52.292 [info] Got 1 sessions for read:user,repo,user:email,workflow...
2025-06-08 16:31:52.411 [info] Getting sessions for all scopes...
2025-06-08 16:31:52.411 [info] Got 1 sessions for ...
2025-06-08 16:31:52.433 [info] Getting sessions for read:user,repo,user:email,workflow...
2025-06-08 16:31:52.433 [info] Got 1 sessions for read:user,repo,user:email,workflow...
2025-06-08 16:31:52.706 [info] Getting sessions for read:user,repo,user:email...
2025-06-08 16:31:52.706 [info] Got 0 sessions for read:user,repo,user:email...
2025-06-08 16:31:57.556 [info] Getting sessions for read:user,repo,user:email,workflow...
2025-06-08 16:31:57.556 [info] Got 1 sessions for read:user,repo,user:email,workflow...
2025-06-08 16:31:58.371 [info] Getting sessions for all scopes...
2025-06-08 16:31:58.371 [info] Got 1 sessions for ...
2025-06-08 16:31:58.372 [info] Getting sessions for all scopes...
2025-06-08 16:31:58.372 [info] Got 1 sessions for ...
2025-06-08 16:31:58.730 [info] Getting sessions for read:user,repo,user:email,workflow...
2025-06-08 16:31:58.730 [info] Got 1 sessions for read:user,repo,user:email,workflow...
2025-06-08 16:31:58.768 [info] Getting sessions for all scopes...
2025-06-08 16:31:58.768 [info] Got 1 sessions for ...
2025-06-08 16:31:58.801 [info] Getting sessions for read:user,repo,user:email,workflow...
2025-06-08 16:31:58.801 [info] Got 1 sessions for read:user,repo,user:email,workflow...
2025-06-08 16:31:59.006 [info] Getting sessions for all scopes...
2025-06-08 16:31:59.006 [info] Got 1 sessions for ...
2025-06-08 16:31:59.041 [info] Getting sessions for read:user,repo,user:email,workflow...
2025-06-08 16:31:59.041 [info] Got 1 sessions for read:user,repo,user:email,workflow...
2025-06-08 16:31:59.110 [info] Getting sessions for all scopes...
2025-06-08 16:31:59.110 [info] Got 1 sessions for ...
2025-06-08 16:31:59.112 [info] Getting sessions for all scopes...
2025-06-08 16:31:59.112 [info] Got 1 sessions for ...
2025-06-08 16:32:00.246 [info] Getting sessions for all scopes...
2025-06-08 16:32:00.246 [info] Got 1 sessions for ...
2025-06-08 16:32:00.251 [info] Getting sessions for read:user,repo,user:email,workflow...
2025-06-08 16:32:00.252 [info] Got 1 sessions for read:user,repo,user:email,workflow...
2025-06-08 16:32:02.063 [info] Getting sessions for all scopes...
2025-06-08 16:32:02.063 [info] Got 1 sessions for ...
2025-06-08 16:32:02.066 [info] Getting sessions for read:user,repo,user:email,workflow...
2025-06-08 16:32:02.066 [info] Got 1 sessions for read:user,repo,user:email,workflow...
2025-06-08 16:47:02.113 [info] Getting sessions for all scopes...
2025-06-08 16:47:02.115 [info] Got 1 sessions for ...
2025-06-08 16:47:02.137 [info] Getting sessions for read:user,repo,user:email,workflow...
2025-06-08 16:47:02.137 [info] Got 1 sessions for read:user,repo,user:email,workflow...
2025-06-08 17:02:02.179 [info] Getting sessions for all scopes...
2025-06-08 17:02:02.181 [info] Got 1 sessions for ...
2025-06-08 17:02:02.190 [info] Getting sessions for read:user,repo,user:email,workflow...
2025-06-08 17:02:02.190 [info] Got 1 sessions for read:user,repo,user:email,workflow...
2025-06-08 17:02:02.201 [info] Getting sessions for all scopes...
2025-06-08 17:02:02.201 [info] Got 1 sessions for ...
2025-06-08 17:02:02.210 [info] Getting sessions for read:user,repo,user:email,workflow...
2025-06-08 17:02:02.210 [info] Got 1 sessions for read:user,repo,user:email,workflow...
2025-06-08 17:02:03.770 [info] Getting sessions for all scopes...
2025-06-08 17:02:03.770 [info] Got 1 sessions for ...
2025-06-08 17:02:03.771 [info] Getting sessions for all scopes...
2025-06-08 17:02:03.771 [info] Got 1 sessions for ...
2025-06-08 17:02:03.773 [info] Getting sessions for read:user,repo,user:email,workflow...
2025-06-08 17:02:03.773 [info] Got 1 sessions for read:user,repo,user:email,workflow...
2025-06-08 17:02:03.778 [info] Getting sessions for all scopes...
2025-06-08 17:02:03.778 [info] Got 1 sessions for ...
2025-06-08 17:02:03.781 [info] Getting sessions for read:user,repo,user:email,workflow...
2025-06-08 17:02:03.781 [info] Got 1 sessions for read:user,repo,user:email,workflow...
2025-06-08 17:02:03.789 [info] Getting sessions for all scopes...
2025-06-08 17:02:03.789 [info] Got 1 sessions for ...
2025-06-08 17:02:03.792 [info] Getting sessions for read:user,repo,user:email,workflow...
2025-06-08 17:02:03.792 [info] Got 1 sessions for read:user,repo,user:email,workflow...
2025-06-08 17:17:03.807 [info] Getting sessions for all scopes...
2025-06-08 17:17:03.811 [info] Got 1 sessions for ...
2025-06-08 17:17:03.820 [info] Getting sessions for read:user,repo,user:email,workflow...
2025-06-08 17:17:03.820 [info] Got 1 sessions for read:user,repo,user:email,workflow...
2025-06-08 17:32:03.831 [info] Getting sessions for all scopes...
2025-06-08 17:32:03.863 [info] Got 1 sessions for ...
2025-06-08 17:32:03.871 [info] Getting sessions for read:user,repo,user:email,workflow...
2025-06-08 17:32:03.871 [info] Got 1 sessions for read:user,repo,user:email,workflow...
2025-06-08 17:32:03.879 [info] Getting sessions for all scopes...
2025-06-08 17:32:03.879 [info] Got 1 sessions for ...
2025-06-08 17:32:03.886 [info] Getting sessions for read:user,repo,user:email,workflow...
2025-06-08 17:32:03.886 [info] Got 1 sessions for read:user,repo,user:email,workflow...
2025-06-08 17:32:05.353 [info] Getting sessions for all scopes...
2025-06-08 17:32:05.353 [info] Got 1 sessions for ...
2025-06-08 17:32:05.354 [info] Getting sessions for all scopes...
2025-06-08 17:32:05.354 [info] Got 1 sessions for ...
2025-06-08 17:32:05.356 [info] Getting sessions for read:user,repo,user:email,workflow...
2025-06-08 17:32:05.356 [info] Got 1 sessions for read:user,repo,user:email,workflow...
2025-06-08 17:32:05.360 [info] Getting sessions for all scopes...
2025-06-08 17:32:05.360 [info] Got 1 sessions for ...
2025-06-08 17:32:05.363 [info] Getting sessions for read:user,repo,user:email,workflow...
2025-06-08 17:32:05.363 [info] Got 1 sessions for read:user,repo,user:email,workflow...
2025-06-08 17:32:05.368 [info] Getting sessions for all scopes...
2025-06-08 17:32:05.368 [info] Got 1 sessions for ...
2025-06-08 17:32:05.371 [info] Getting sessions for read:user,repo,user:email,workflow...
2025-06-08 17:32:05.371 [info] Got 1 sessions for read:user,repo,user:email,workflow...
2025-06-08 17:47:05.382 [info] Getting sessions for all scopes...
2025-06-08 17:47:05.382 [info] Got 1 sessions for ...
2025-06-08 17:47:05.389 [info] Getting sessions for read:user,repo,user:email,workflow...
2025-06-08 17:47:05.389 [info] Got 1 sessions for read:user,repo,user:email,workflow...
2025-06-08 18:02:05.399 [info] Getting sessions for all scopes...
2025-06-08 18:02:05.399 [info] Got 1 sessions for ...
2025-06-08 18:02:05.405 [info] Getting sessions for read:user,repo,user:email,workflow...
2025-06-08 18:02:05.405 [info] Got 1 sessions for read:user,repo,user:email,workflow...
2025-06-08 18:02:05.412 [info] Getting sessions for all scopes...
2025-06-08 18:02:05.412 [info] Got 1 sessions for ...
2025-06-08 18:02:05.417 [info] Getting sessions for read:user,repo,user:email,workflow...
2025-06-08 18:02:05.418 [info] Got 1 sessions for read:user,repo,user:email,workflow...
2025-06-08 18:02:08.172 [info] Getting sessions for all scopes...
2025-06-08 18:02:08.172 [info] Got 1 sessions for ...
2025-06-08 18:02:08.173 [info] Getting sessions for all scopes...
2025-06-08 18:02:08.173 [info] Got 1 sessions for ...
2025-06-08 18:02:08.175 [info] Getting sessions for read:user,repo,user:email,workflow...
2025-06-08 18:02:08.175 [info] Got 1 sessions for read:user,repo,user:email,workflow...
2025-06-08 18:02:08.178 [info] Getting sessions for all scopes...
2025-06-08 18:02:08.178 [info] Got 1 sessions for ...
2025-06-08 18:02:08.181 [info] Getting sessions for read:user,repo,user:email,workflow...
2025-06-08 18:02:08.181 [info] Got 1 sessions for read:user,repo,user:email,workflow...
2025-06-08 18:02:08.186 [info] Getting sessions for all scopes...
2025-06-08 18:02:08.186 [info] Got 1 sessions for ...
2025-06-08 18:02:08.189 [info] Getting sessions for read:user,repo,user:email,workflow...
2025-06-08 18:02:08.189 [info] Got 1 sessions for read:user,repo,user:email,workflow...
2025-06-08 18:17:08.201 [info] Getting sessions for all scopes...
2025-06-08 18:17:08.202 [info] Got 1 sessions for ...
2025-06-08 18:17:08.207 [info] Getting sessions for read:user,repo,user:email,workflow...
2025-06-08 18:17:08.207 [info] Got 1 sessions for read:user,repo,user:email,workflow...
